# This file was produced by samtools stats (1.7+htslib-1.7) and can be plotted using plot-bamstats
# This file contains statistics for all reads.
# The command line was:  stats -t len.txt -i 2000 -@ 3 kdrl_2_pos_R1.sort.bam
# CHK, Checksum	[2]Read Names	[3]Sequences	[4]Qualities
# CHK, CRC32 of reads which passed filtering followed by addition (32bit overflow)
CHK	1230c420	5de38d44	f2cc6a2c
# Summary Numbers. Use `grep ^SN | cut -f 2-` to extract this part.
SN	raw total sequences:	47348530
SN	filtered sequences:	0
SN	sequences:	47348530
SN	is sorted:	1
SN	1st fragments:	23674265
SN	last fragments:	23674265
SN	reads mapped:	47348530
SN	reads mapped and paired:	47348530	# paired-end technology bit set + both mates mapped
SN	reads unmapped:	0
SN	reads properly paired:	47348530	# proper-pair bit set
SN	reads paired:	47348530	# paired-end technology bit set
SN	reads duplicated:	0	# PCR or optical duplicate bit set
SN	reads MQ0:	0	# mapped and MQ=0
SN	reads QC failed:	0
SN	non-primary alignments:	0
SN	total length:	2993198667	# ignores clipping
SN	bases mapped:	2993198667	# ignores clipping
SN	bases mapped (cigar):	2993198667	# more accurate
SN	bases trimmed:	0
SN	bases duplicated:	0
SN	mismatches:	55232904	# from NM fields
SN	error rate:	1.845280e-02	# mismatches / bases mapped (cigar)
SN	average length:	63
SN	maximum length:	75
SN	average quality:	31.6
SN	insert size average:	133.9
SN	insert size standard deviation:	54.9
SN	inward oriented pairs:	11417731
SN	outward oriented pairs:	0
SN	pairs with other orientation:	0
SN	pairs on different chromosomes:	0
# First Fragment Qualitites. Use `grep ^FFQ | cut -f 2-` to extract this part.
# Columns correspond to qualities and rows to cycles. First column is the cycle number.
FFQ	1	0	0	2052	0	0	0	0	0	0	0	0	0	0	0	1725340	0	0	0	0	0	0	1506458	0	0	0	0	0	115016	0	0	0	0	20325399	0	0	0	0	0	0	0	0	0
FFQ	2	0	0	118	0	0	0	0	0	0	0	0	0	0	0	2185982	0	0	0	0	0	0	806034	0	0	0	0	0	22406	0	0	0	0	20659725	0	0	0	0	0	0	0	0	0
FFQ	3	0	0	0	0	0	0	0	0	0	0	0	0	0	0	1802423	0	0	0	0	0	0	1034816	0	0	0	0	0	20217	0	0	0	0	20816809	0	0	0	0	0	0	0	0	0
FFQ	4	0	0	0	0	0	0	0	0	0	0	0	0	0	0	1692077	0	0	0	0	0	0	1180406	0	0	0	0	0	17809	0	0	0	0	20783973	0	0	0	0	0	0	0	0	0
FFQ	5	0	0	0	0	0	0	0	0	0	0	0	0	0	0	1597161	0	0	0	0	0	0	1823329	0	0	0	0	0	33614	0	0	0	0	20220161	0	0	0	0	0	0	0	0	0
FFQ	6	0	0	1332	0	0	0	0	0	0	0	0	0	0	0	1933956	0	0	0	0	0	0	2119286	0	0	0	0	0	46992	0	0	0	0	3046579	0	0	0	16526120	0	0	0	0	0
FFQ	7	0	0	16	0	0	0	0	0	0	0	0	0	0	0	2052557	0	0	0	0	0	0	1612166	0	0	0	0	0	61620	0	0	0	0	3050900	0	0	0	16897006	0	0	0	0	0
FFQ	8	0	0	0	0	0	0	0	0	0	0	0	0	0	0	2356898	0	0	0	0	0	0	1397347	0	0	0	0	0	106871	0	0	0	0	2908833	0	0	0	16904316	0	0	0	0	0
FFQ	9	0	0	0	0	0	0	0	0	0	0	0	0	0	0	1955001	0	0	0	0	0	0	1522853	0	0	0	0	0	82705	0	0	0	0	3168593	0	0	0	16945112	0	0	0	0	0
FFQ	10	0	0	0	0	0	0	0	0	0	0	0	0	0	0	2246975	0	0	0	0	0	0	1293263	0	0	0	0	0	94737	0	0	0	0	3088603	0	0	0	16950684	0	0	0	0	0
FFQ	11	0	0	1	0	0	0	0	0	0	0	0	0	0	0	1933328	0	0	0	0	0	0	1085575	0	0	0	0	0	63337	0	0	0	0	2833394	0	0	0	17758626	0	0	0	0	0
FFQ	12	0	0	15	0	0	0	0	0	0	0	0	0	0	0	2168661	0	0	0	0	0	0	1207766	0	0	0	0	0	105412	0	0	0	0	2886122	0	0	0	17306285	0	0	0	0	0
FFQ	13	0	0	3	0	0	0	0	0	0	0	0	0	0	0	1908632	0	0	0	0	0	0	1025435	0	0	0	0	0	88712	0	0	0	0	2744547	0	0	0	17906931	0	0	0	0	0
FFQ	14	0	0	47	0	0	0	0	0	0	0	0	0	0	0	1955774	0	0	0	0	0	0	1133179	0	0	0	0	0	93437	0	0	0	0	2811915	0	0	0	17679908	0	0	0	0	0
FFQ	15	0	0	60	0	0	0	0	0	0	0	0	0	0	0	2060010	0	0	0	0	0	0	1013250	0	0	0	0	0	101339	0	0	0	0	2673702	0	0	0	17825898	0	0	0	0	0
FFQ	16	0	0	10	0	0	0	0	0	0	0	0	0	0	0	2057582	0	0	0	0	0	0	1054794	0	0	0	0	0	112686	0	0	0	0	2632350	0	0	0	17816820	0	0	0	0	0
FFQ	17	0	0	35	0	0	0	0	0	0	0	0	0	0	0	2031942	0	0	0	0	0	0	1032594	0	0	0	0	0	116675	0	0	0	0	2615120	0	0	0	17877875	0	0	0	0	0
FFQ	18	0	0	36	0	0	0	0	0	0	0	0	0	0	0	2083442	0	0	0	0	0	0	996091	0	0	0	0	0	130758	0	0	0	0	2614606	0	0	0	17849293	0	0	0	0	0
FFQ	19	0	0	13	0	0	0	0	0	0	0	0	0	0	0	2061909	0	0	0	0	0	0	910592	0	0	0	0	0	134435	0	0	0	0	2582021	0	0	0	17985213	0	0	0	0	0
FFQ	20	0	0	52	0	0	0	0	0	0	0	0	0	0	0	2138825	0	0	0	0	0	0	858991	0	0	0	0	0	148833	0	0	0	0	2593784	0	0	0	17933629	0	0	0	0	0
FFQ	21	0	0	73	0	0	0	0	0	0	0	0	0	0	0	2155811	0	0	0	0	0	0	832015	0	0	0	0	0	151556	0	0	0	0	2609214	0	0	0	17925413	0	0	0	0	0
FFQ	22	0	0	30	0	0	0	0	0	0	0	0	0	0	0	2192113	0	0	0	0	0	0	778221	0	0	0	0	0	156701	0	0	0	0	2610744	0	0	0	17936163	0	0	0	0	0
FFQ	23	0	0	13	0	0	0	0	0	0	0	0	0	0	0	2249805	0	0	0	0	0	0	745224	0	0	0	0	0	163410	0	0	0	0	2625070	0	0	0	17890364	0	0	0	0	0
FFQ	24	0	0	3	0	0	0	0	0	0	0	0	0	0	0	2331931	0	0	0	0	0	0	708507	0	0	0	0	0	170825	0	0	0	0	2624324	0	0	0	17837940	0	0	0	0	0
FFQ	25	0	0	0	0	0	0	0	0	0	0	0	0	0	0	2339743	0	0	0	0	0	0	651625	0	0	0	0	0	181046	0	0	0	0	2618258	0	0	0	17882454	0	0	0	0	0
FFQ	26	0	0	9	0	0	0	0	0	0	0	0	0	0	0	2545782	0	0	0	0	0	0	646255	0	0	0	0	0	179272	0	0	0	0	2591310	0	0	0	17709755	0	0	0	0	0
FFQ	27	0	0	1	0	0	0	0	0	0	0	0	0	0	0	2639753	0	0	0	0	0	0	612510	0	0	0	0	0	185692	0	0	0	0	2615484	0	0	0	17611058	0	0	0	0	0
FFQ	28	0	0	11	0	0	0	0	0	0	0	0	0	0	0	2673646	0	0	0	0	0	0	557085	0	0	0	0	0	193044	0	0	0	0	2633481	0	0	0	17595410	0	0	0	0	0
FFQ	29	0	0	0	0	0	0	0	0	0	0	0	0	0	0	2738030	0	0	0	0	0	0	510977	0	0	0	0	0	199401	0	0	0	0	2651555	0	0	0	17537453	0	0	0	0	0
FFQ	30	0	0	0	0	0	0	0	0	0	0	0	0	0	0	2823864	0	0	0	0	0	0	492990	0	0	0	0	0	200777	0	0	0	0	2678461	0	0	0	17423730	0	0	0	0	0
FFQ	31	0	0	0	0	0	0	0	0	0	0	0	0	0	0	2860185	0	0	0	0	0	0	473409	0	0	0	0	0	215812	0	0	0	0	2689178	0	0	0	17364412	0	0	0	0	0
FFQ	32	0	0	2	0	0	0	0	0	0	0	0	0	0	0	2914087	0	0	0	0	0	0	448345	0	0	0	0	0	238104	0	0	0	0	2664754	0	0	0	17319411	0	0	0	0	0
FFQ	33	0	0	2	0	0	0	0	0	0	0	0	0	0	0	2946472	0	0	0	0	0	0	442641	0	0	0	0	0	257802	0	0	0	0	2659712	0	0	0	17252952	0	0	0	0	0
FFQ	34	0	0	3	0	0	0	0	0	0	0	0	0	0	0	2955780	0	0	0	0	0	0	445444	0	0	0	0	0	272795	0	0	0	0	2630809	0	0	0	17222604	0	0	0	0	0
FFQ	35	0	0	0	0	0	0	0	0	0	0	0	0	0	0	2997880	0	0	0	0	0	0	457318	0	0	0	0	0	294761	0	0	0	0	2625835	0	0	0	17110597	0	0	0	0	0
FFQ	36	0	0	14	0	0	0	0	0	0	0	0	0	0	0	2995756	0	0	0	0	0	0	461025	0	0	0	0	0	322526	0	0	0	0	2577934	0	0	0	17060167	0	0	0	0	0
FFQ	37	0	0	0	0	0	0	0	0	0	0	0	0	0	0	2998813	0	0	0	0	0	0	470265	0	0	0	0	0	339809	0	0	0	0	2566081	0	0	0	16926714	0	0	0	0	0
FFQ	38	0	0	0	0	0	0	0	0	0	0	0	0	0	0	2991987	0	0	0	0	0	0	485000	0	0	0	0	0	385616	0	0	0	0	2514760	0	0	0	16769847	0	0	0	0	0
FFQ	39	0	0	0	0	0	0	0	0	0	0	0	0	0	0	2984403	0	0	0	0	0	0	487149	0	0	0	0	0	418149	0	0	0	0	2486242	0	0	0	16584082	0	0	0	0	0
FFQ	40	0	0	0	0	0	0	0	0	0	0	0	0	0	0	2971064	0	0	0	0	0	0	491149	0	0	0	0	0	440054	0	0	0	0	2468490	0	0	0	16340803	0	0	0	0	0
FFQ	41	0	0	0	0	0	0	0	0	0	0	0	0	0	0	2980819	0	0	0	0	0	0	487919	0	0	0	0	0	460878	0	0	0	0	2475664	0	0	0	15985686	0	0	0	0	0
FFQ	42	0	0	0	0	0	0	0	0	0	0	0	0	0	0	2967047	0	0	0	0	0	0	481166	0	0	0	0	0	478999	0	0	0	0	2479702	0	0	0	15593017	0	0	0	0	0
FFQ	43	0	0	0	0	0	0	0	0	0	0	0	0	0	0	2934161	0	0	0	0	0	0	458399	0	0	0	0	0	494412	0	0	0	0	2544282	0	0	0	15107676	0	0	0	0	0
FFQ	44	0	0	0	0	0	0	0	0	0	0	0	0	0	0	2923531	0	0	0	0	0	0	436245	0	0	0	0	0	508380	0	0	0	0	2673047	0	0	0	14469126	0	0	0	0	0
FFQ	45	0	0	0	0	0	0	0	0	0	0	0	0	0	0	2885528	0	0	0	0	0	0	408456	0	0	0	0	0	533349	0	0	0	0	2767665	0	0	0	13879908	0	0	0	0	0
FFQ	46	0	0	0	0	0	0	0	0	0	0	0	0	0	0	2843801	0	0	0	0	0	0	389655	0	0	0	0	0	556918	0	0	0	0	2871156	0	0	0	13312061	0	0	0	0	0
FFQ	47	0	0	0	0	0	0	0	0	0	0	0	0	0	0	2848049	0	0	0	0	0	0	377573	0	0	0	0	0	585984	0	0	0	0	2986916	0	0	0	12730332	0	0	0	0	0
FFQ	48	0	0	0	0	0	0	0	0	0	0	0	0	0	0	2820570	0	0	0	0	0	0	363181	0	0	0	0	0	644750	0	0	0	0	3055247	0	0	0	12261073	0	0	0	0	0
FFQ	49	0	0	0	0	0	0	0	0	0	0	0	0	0	0	2817225	0	0	0	0	0	0	360758	0	0	0	0	0	668787	0	0	0	0	3080292	0	0	0	11871162	0	0	0	0	0
FFQ	50	0	0	0	0	0	0	0	0	0	0	0	0	0	0	2831041	0	0	0	0	0	0	355496	0	0	0	0	0	721533	0	0	0	0	3158760	0	0	0	11382481	0	0	0	0	0
FFQ	51	0	0	0	0	0	0	0	0	0	0	0	0	0	0	2823981	0	0	0	0	0	0	353019	0	0	0	0	0	771015	0	0	0	0	3133131	0	0	0	10995371	0	0	0	0	0
FFQ	52	0	0	0	0	0	0	0	0	0	0	0	0	0	0	2787664	0	0	0	0	0	0	342416	0	0	0	0	0	855068	0	0	0	0	3112670	0	0	0	10577477	0	0	0	0	0
FFQ	53	0	0	0	0	0	0	0	0	0	0	0	0	0	0	2771992	0	0	0	0	0	0	336584	0	0	0	0	0	857592	0	0	0	0	3081236	0	0	0	10203990	0	0	0	0	0
FFQ	54	0	0	0	0	0	0	0	0	0	0	0	0	0	0	2759964	0	0	0	0	0	0	329489	0	0	0	0	0	865935	0	0	0	0	3010798	0	0	0	9847237	0	0	0	0	0
FFQ	55	0	0	0	0	0	0	0	0	0	0	0	0	0	0	2721026	0	0	0	0	0	0	310968	0	0	0	0	0	897345	0	0	0	0	2940792	0	0	0	9515648	0	0	0	0	0
FFQ	56	0	0	0	0	0	0	0	0	0	0	0	0	0	0	2707659	0	0	0	0	0	0	294432	0	0	0	0	0	916441	0	0	0	0	2883951	0	0	0	9190315	0	0	0	0	0
FFQ	57	0	0	0	0	0	0	0	0	0	0	0	0	0	0	2707863	0	0	0	0	0	0	271047	0	0	0	0	0	913690	0	0	0	0	2843651	0	0	0	8914405	0	0	0	0	0
FFQ	58	0	0	0	0	0	0	0	0	0	0	0	0	0	0	2704684	0	0	0	0	0	0	260482	0	0	0	0	0	911539	0	0	0	0	2802809	0	0	0	8678725	0	0	0	0	0
FFQ	59	0	0	0	0	0	0	0	0	0	0	0	0	0	0	2701083	0	0	0	0	0	0	238403	0	0	0	0	0	920686	0	0	0	0	2756273	0	0	0	8471441	0	0	0	0	0
FFQ	60	0	0	0	0	0	0	0	0	0	0	0	0	0	0	2698699	0	0	0	0	0	0	230543	0	0	0	0	0	923890	0	0	0	0	2715928	0	0	0	8256205	0	0	0	0	0
FFQ	61	0	0	0	0	0	0	0	0	0	0	0	0	0	0	2672895	0	0	0	0	0	0	222457	0	0	0	0	0	923325	0	0	0	0	2672160	0	0	0	8070480	0	0	0	0	0
FFQ	62	0	0	0	0	0	0	0	0	0	0	0	0	0	0	2666040	0	0	0	0	0	0	215099	0	0	0	0	0	920164	0	0	0	0	2630825	0	0	0	7842818	0	0	0	0	0
FFQ	63	0	0	6	0	0	0	0	0	0	0	0	0	0	0	2665105	0	0	0	0	0	0	215345	0	0	0	0	0	908781	0	0	0	0	2601004	0	0	0	7585367	0	0	0	0	0
FFQ	64	0	0	0	0	0	0	0	0	0	0	0	0	0	0	2642495	0	0	0	0	0	0	206338	0	0	0	0	0	906005	0	0	0	0	2547733	0	0	0	7352338	0	0	0	0	0
FFQ	65	0	0	0	0	0	0	0	0	0	0	0	0	0	0	2609630	0	0	0	0	0	0	213805	0	0	0	0	0	889648	0	0	0	0	2493839	0	0	0	7127676	0	0	0	0	0
FFQ	66	0	0	0	0	0	0	0	0	0	0	0	0	0	0	2542763	0	0	0	0	0	0	215003	0	0	0	0	0	873838	0	0	0	0	2426871	0	0	0	6971829	0	0	0	0	0
FFQ	67	0	0	0	0	0	0	0	0	0	0	0	0	0	0	2525988	0	0	0	0	0	0	211370	0	0	0	0	0	860524	0	0	0	0	2390129	0	0	0	6806242	0	0	0	0	0
FFQ	68	0	0	0	0	0	0	0	0	0	0	0	0	0	0	2541847	0	0	0	0	0	0	204641	0	0	0	0	0	856032	0	0	0	0	2373355	0	0	0	6611067	0	0	0	0	0
FFQ	69	0	0	0	0	0	0	0	0	0	0	0	0	0	0	2535667	0	0	0	0	0	0	201437	0	0	0	0	0	861937	0	0	0	0	2362748	0	0	0	6449961	0	0	0	0	0
FFQ	70	0	0	0	0	0	0	0	0	0	0	0	0	0	0	2535083	0	0	0	0	0	0	200578	0	0	0	0	0	851671	0	0	0	0	2347608	0	0	0	6296191	0	0	0	0	0
FFQ	71	0	0	0	0	0	0	0	0	0	0	0	0	0	0	2499037	0	0	0	0	0	0	198739	0	0	0	0	0	846579	0	0	0	0	2336248	0	0	0	6169783	0	0	0	0	0
FFQ	72	0	0	0	0	0	0	0	0	0	0	0	0	0	0	2481244	0	0	0	0	0	0	197907	0	0	0	0	0	832981	0	0	0	0	2304529	0	0	0	5939707	0	0	0	0	0
FFQ	73	0	0	0	0	0	0	0	0	0	0	0	0	0	0	2412026	0	0	0	0	0	0	195997	0	0	0	0	0	830427	0	0	0	0	2237205	0	0	0	5689746	0	0	0	0	0
FFQ	74	0	0	0	0	0	0	0	0	0	0	0	0	0	0	2261988	0	0	0	0	0	0	176821	0	0	0	0	0	781967	0	0	0	0	2064845	0	0	0	5242563	0	0	0	0	0
FFQ	75	0	0	0	0	0	0	0	0	0	0	0	0	0	0	2464376	0	0	0	0	0	0	130580	0	0	0	0	0	595106	0	0	0	0	1714714	0	0	0	3351374	0	0	0	0	0
FFQ	76	0	0	0	0	0	0	0	0	0	0	0	0	0	0	0	0	0	0	0	0	0	0	0	0	0	0	0	0	0	0	0	0	0	0	0	0	0	0	0	0	0	0
# Last Fragment Qualitites. Use `grep ^LFQ | cut -f 2-` to extract this part.
# Columns correspond to qualities and rows to cycles. First column is the cycle number.
LFQ	1	0	0	5553	0	0	0	0	0	0	0	0	0	0	0	1698216	0	0	0	0	0	0	1340307	0	0	0	0	0	84820	0	0	0	0	20545369	0	0	0	0	0	0	0	0	0
LFQ	2	0	0	1042	0	0	0	0	0	0	0	0	0	0	0	3044907	0	0	0	0	0	0	633986	0	0	0	0	0	18977	0	0	0	0	19975353	0	0	0	0	0	0	0	0	0
LFQ	3	0	0	155	0	0	0	0	0	0	0	0	0	0	0	2539596	0	0	0	0	0	0	917761	0	0	0	0	0	18444	0	0	0	0	20198309	0	0	0	0	0	0	0	0	0
LFQ	4	0	0	0	0	0	0	0	0	0	0	0	0	0	0	2116392	0	0	0	0	0	0	1297954	0	0	0	0	0	23308	0	0	0	0	20236611	0	0	0	0	0	0	0	0	0
LFQ	5	0	0	0	0	0	0	0	0	0	0	0	0	0	0	2579381	0	0	0	0	0	0	1067658	0	0	0	0	0	89193	0	0	0	0	19938033	0	0	0	0	0	0	0	0	0
LFQ	6	0	0	0	0	0	0	0	0	0	0	0	0	0	0	2553825	0	0	0	0	0	0	844096	0	0	0	0	0	88424	0	0	0	0	2307006	0	0	0	17880914	0	0	0	0	0
LFQ	7	0	0	0	0	0	0	0	0	0	0	0	0	0	0	2489276	0	0	0	0	0	0	946476	0	0	0	0	0	137809	0	0	0	0	2391488	0	0	0	17709216	0	0	0	0	0
LFQ	8	0	0	0	0	0	0	0	0	0	0	0	0	0	0	2762237	0	0	0	0	0	0	869598	0	0	0	0	0	177139	0	0	0	0	2390397	0	0	0	17474894	0	0	0	0	0
LFQ	9	0	0	0	0	0	0	0	0	0	0	0	0	0	0	2267018	0	0	0	0	0	0	1065804	0	0	0	0	0	128750	0	0	0	0	2589621	0	0	0	17623069	0	0	0	0	0
LFQ	10	0	0	0	0	0	0	0	0	0	0	0	0	0	0	2799330	0	0	0	0	0	0	852367	0	0	0	0	0	160590	0	0	0	0	2610691	0	0	0	17251282	0	0	0	0	0
LFQ	11	0	0	0	0	0	0	0	0	0	0	0	0	0	0	2509571	0	0	0	0	0	0	712717	0	0	0	0	0	139064	0	0	0	0	2426418	0	0	0	17886489	0	0	0	0	0
LFQ	12	0	0	0	0	0	0	0	0	0	0	0	0	0	0	2804778	0	0	0	0	0	0	830381	0	0	0	0	0	186599	0	0	0	0	2604543	0	0	0	17247958	0	0	0	0	0
LFQ	13	0	0	0	0	0	0	0	0	0	0	0	0	0	0	2624235	0	0	0	0	0	0	724424	0	0	0	0	0	174749	0	0	0	0	2505918	0	0	0	17644932	0	0	0	0	0
LFQ	14	0	0	0	0	0	0	0	0	0	0	0	0	0	0	2754802	0	0	0	0	0	0	803283	0	0	0	0	0	185122	0	0	0	0	2642347	0	0	0	17288704	0	0	0	0	0
LFQ	15	0	0	0	0	0	0	0	0	0	0	0	0	0	0	2972723	0	0	0	0	0	0	628135	0	0	0	0	0	197137	0	0	0	0	2547728	0	0	0	17328534	0	0	0	0	0
LFQ	16	0	0	0	0	0	0	0	0	0	0	0	0	0	0	3021748	0	0	0	0	0	0	642165	0	0	0	0	0	196400	0	0	0	0	2542307	0	0	0	17271620	0	0	0	0	0
LFQ	17	0	0	0	0	0	0	0	0	0	0	0	0	0	0	3032577	0	0	0	0	0	0	642682	0	0	0	0	0	188064	0	0	0	0	2536887	0	0	0	17274028	0	0	0	0	0
LFQ	18	0	0	0	0	0	0	0	0	0	0	0	0	0	0	3085676	0	0	0	0	0	0	612741	0	0	0	0	0	189892	0	0	0	0	2540737	0	0	0	17245179	0	0	0	0	0
LFQ	19	0	0	0	0	0	0	0	0	0	0	0	0	0	0	3095798	0	0	0	0	0	0	563251	0	0	0	0	0	195460	0	0	0	0	2538406	0	0	0	17281266	0	0	0	0	0
LFQ	20	0	0	0	0	0	0	0	0	0	0	0	0	0	0	3159395	0	0	0	0	0	0	539243	0	0	0	0	0	198490	0	0	0	0	2549600	0	0	0	17227386	0	0	0	0	0
LFQ	21	0	0	0	0	0	0	0	0	0	0	0	0	0	0	3198180	0	0	0	0	0	0	528766	0	0	0	0	0	203125	0	0	0	0	2558417	0	0	0	17185605	0	0	0	0	0
LFQ	22	0	0	0	0	0	0	0	0	0	0	0	0	0	0	3214502	0	0	0	0	0	0	516133	0	0	0	0	0	204213	0	0	0	0	2554804	0	0	0	17184324	0	0	0	0	0
LFQ	23	0	0	0	0	0	0	0	0	0	0	0	0	0	0	3211015	0	0	0	0	0	0	497956	0	0	0	0	0	215845	0	0	0	0	2518227	0	0	0	17230854	0	0	0	0	0
LFQ	24	0	0	2	0	0	0	0	0	0	0	0	0	0	0	3263849	0	0	0	0	0	0	513162	0	0	0	0	0	225162	0	0	0	0	2518286	0	0	0	17153062	0	0	0	0	0
LFQ	25	0	0	0	0	0	0	0	0	0	0	0	0	0	0	3286481	0	0	0	0	0	0	513348	0	0	0	0	0	249035	0	0	0	0	2484983	0	0	0	17139282	0	0	0	0	0
LFQ	26	0	0	0	0	0	0	0	0	0	0	0	0	0	0	3295875	0	0	0	0	0	0	528533	0	0	0	0	0	274265	0	0	0	0	2448539	0	0	0	17125128	0	0	0	0	0
LFQ	27	0	0	0	0	0	0	0	0	0	0	0	0	0	0	3333431	0	0	0	0	0	0	546952	0	0	0	0	0	304919	0	0	0	0	2418430	0	0	0	17060645	0	0	0	0	0
LFQ	28	0	0	0	0	0	0	0	0	0	0	0	0	0	0	3331133	0	0	0	0	0	0	551021	0	0	0	0	0	329066	0	0	0	0	2398519	0	0	0	17042751	0	0	0	0	0
LFQ	29	0	0	1	0	0	0	0	0	0	0	0	0	0	0	3353038	0	0	0	0	0	0	569691	0	0	0	0	0	365108	0	0	0	0	2364801	0	0	0	16984645	0	0	0	0	0
LFQ	30	0	0	0	0	0	0	0	0	0	0	0	0	0	0	3401265	0	0	0	0	0	0	579160	0	0	0	0	0	395155	0	0	0	0	2369848	0	0	0	16874238	0	0	0	0	0
LFQ	31	0	0	0	0	0	0	0	0	0	0	0	0	0	0	3396997	0	0	0	0	0	0	580412	0	0	0	0	0	433105	0	0	0	0	2340991	0	0	0	16851337	0	0	0	0	0
LFQ	32	0	0	2	0	0	0	0	0	0	0	0	0	0	0	3469702	0	0	0	0	0	0	584272	0	0	0	0	0	462740	0	0	0	0	2394667	0	0	0	16673034	0	0	0	0	0
LFQ	33	0	0	0	0	0	0	0	0	0	0	0	0	0	0	3463304	0	0	0	0	0	0	574690	0	0	0	0	0	483558	0	0	0	0	2435238	0	0	0	16602285	0	0	0	0	0
LFQ	34	0	0	0	0	0	0	0	0	0	0	0	0	0	0	3470743	0	0	0	0	0	0	563966	0	0	0	0	0	492952	0	0	0	0	2500047	0	0	0	16499046	0	0	0	0	0
LFQ	35	0	0	0	0	0	0	0	0	0	0	0	0	0	0	3515309	0	0	0	0	0	0	556627	0	0	0	0	0	506855	0	0	0	0	2605799	0	0	0	16300987	0	0	0	0	0
LFQ	36	0	0	0	0	0	0	0	0	0	0	0	0	0	0	3518069	0	0	0	0	0	0	537006	0	0	0	0	0	520571	0	0	0	0	2698326	0	0	0	16142682	0	0	0	0	0
LFQ	37	0	0	0	0	0	0	0	0	0	0	0	0	0	0	3523926	0	0	0	0	0	0	518225	0	0	0	0	0	535505	0	0	0	0	2858993	0	0	0	15864214	0	0	0	0	0
LFQ	38	0	0	0	0	0	0	0	0	0	0	0	0	0	0	3551866	0	0	0	0	0	0	515191	0	0	0	0	0	548868	0	0	0	0	3030536	0	0	0	15499590	0	0	0	0	0
LFQ	39	0	0	4	0	0	0	0	0	0	0	0	0	0	0	3553115	0	0	0	0	0	0	498307	0	0	0	0	0	581085	0	0	0	0	3134260	0	0	0	15191132	0	0	0	0	0
LFQ	40	0	0	0	0	0	0	0	0	0	0	0	0	0	0	3537152	0	0	0	0	0	0	498054	0	0	0	0	0	612833	0	0	0	0	3265185	0	0	0	14795900	0	0	0	0	0
LFQ	41	0	0	0	0	0	0	0	0	0	0	0	0	0	0	3489143	0	0	0	0	0	0	483169	0	0	0	0	0	668473	0	0	0	0	3352358	0	0	0	14395057	0	0	0	0	0
LFQ	42	0	0	0	0	0	0	0	0	0	0	0	0	0	0	3422001	0	0	0	0	0	0	468558	0	0	0	0	0	729493	0	0	0	0	3376140	0	0	0	14001630	0	0	0	0	0
LFQ	43	0	0	2	0	0	0	0	0	0	0	0	0	0	0	3367695	0	0	0	0	0	0	460498	0	0	0	0	0	783371	0	0	0	0	3393858	0	0	0	13531402	0	0	0	0	0
LFQ	44	0	0	4	0	0	0	0	0	0	0	0	0	0	0	3333821	0	0	0	0	0	0	453649	0	0	0	0	0	830036	0	0	0	0	3364040	0	0	0	13026989	0	0	0	0	0
LFQ	45	0	0	0	0	0	0	0	0	0	0	0	0	0	0	3275495	0	0	0	0	0	0	435663	0	0	0	0	0	873499	0	0	0	0	3332765	0	0	0	12555622	0	0	0	0	0
LFQ	46	0	0	0	0	0	0	0	0	0	0	0	0	0	0	3197755	0	0	0	0	0	0	410816	0	0	0	0	0	908027	0	0	0	0	3264488	0	0	0	12190899	0	0	0	0	0
LFQ	47	0	0	0	0	0	0	0	0	0	0	0	0	0	0	3208386	0	0	0	0	0	0	392765	0	0	0	0	0	944341	0	0	0	0	3223893	0	0	0	11758147	0	0	0	0	0
LFQ	48	0	0	0	0	0	0	0	0	0	0	0	0	0	0	3171888	0	0	0	0	0	0	366491	0	0	0	0	0	950144	0	0	0	0	3173072	0	0	0	11481781	0	0	0	0	0
LFQ	49	0	0	0	0	0	0	0	0	0	0	0	0	0	0	3182774	0	0	0	0	0	0	344884	0	0	0	0	0	940705	0	0	0	0	3114394	0	0	0	11213543	0	0	0	0	0
LFQ	50	0	0	2	0	0	0	0	0	0	0	0	0	0	0	3158413	0	0	0	0	0	0	304676	0	0	0	0	0	954777	0	0	0	0	3075664	0	0	0	10953697	0	0	0	0	0
LFQ	51	0	0	0	0	0	0	0	0	0	0	0	0	0	0	3148226	0	0	0	0	0	0	278410	0	0	0	0	0	938678	0	0	0	0	3020307	0	0	0	10688760	0	0	0	0	0
LFQ	52	0	0	0	0	0	0	0	0	0	0	0	0	0	0	3148486	0	0	0	0	0	0	262688	0	0	0	0	0	929961	0	0	0	0	2970837	0	0	0	10361566	0	0	0	0	0
LFQ	53	0	0	5	0	0	0	0	0	0	0	0	0	0	0	3116075	0	0	0	0	0	0	247482	0	0	0	0	0	917533	0	0	0	0	2908721	0	0	0	10060031	0	0	0	0	0
LFQ	54	0	0	28	0	0	0	0	0	0	0	0	0	0	0	3083337	0	0	0	0	0	0	226589	0	0	0	0	0	913784	0	0	0	0	2838468	0	0	0	9749911	0	0	0	0	0
LFQ	55	0	0	8	0	0	0	0	0	0	0	0	0	0	0	3056784	0	0	0	0	0	0	219265	0	0	0	0	0	904241	0	0	0	0	2790965	0	0	0	9413175	0	0	0	0	0
LFQ	56	0	0	80	0	0	0	0	0	0	0	0	0	0	0	3010218	0	0	0	0	0	0	215063	0	0	0	0	0	896653	0	0	0	0	2760022	0	0	0	9109444	0	0	0	0	0
LFQ	57	0	0	42	0	0	0	0	0	0	0	0	0	0	0	2961720	0	0	0	0	0	0	214496	0	0	0	0	0	898713	0	0	0	0	2756163	0	0	0	8818528	0	0	0	0	0
LFQ	58	0	0	116	0	0	0	0	0	0	0	0	0	0	0	2959005	0	0	0	0	0	0	213013	0	0	0	0	0	896161	0	0	0	0	2751352	0	0	0	8538188	0	0	0	0	0
LFQ	59	0	0	501	0	0	0	0	0	0	0	0	0	0	0	2954233	0	0	0	0	0	0	215806	0	0	0	0	0	893741	0	0	0	0	2741885	0	0	0	8281239	0	0	0	0	0
LFQ	60	0	0	669	0	0	0	0	0	0	0	0	0	0	0	2938140	0	0	0	0	0	0	216670	0	0	0	0	0	899302	0	0	0	0	2728875	0	0	0	8041005	0	0	0	0	0
LFQ	61	0	0	1923	0	0	0	0	0	0	0	0	0	0	0	2926369	0	0	0	0	0	0	219117	0	0	0	0	0	907234	0	0	0	0	2702700	0	0	0	7802575	0	0	0	0	0
LFQ	62	0	0	1392	0	0	0	0	0	0	0	0	0	0	0	2855490	0	0	0	0	0	0	213129	0	0	0	0	0	902585	0	0	0	0	2659880	0	0	0	7640920	0	0	0	0	0
LFQ	63	0	0	1212	0	0	0	0	0	0	0	0	0	0	0	2809201	0	0	0	0	0	0	206450	0	0	0	0	0	900126	0	0	0	0	2616993	0	0	0	7440041	0	0	0	0	0
LFQ	64	0	0	1214	0	0	0	0	0	0	0	0	0	0	0	2762080	0	0	0	0	0	0	205348	0	0	0	0	0	880828	0	0	0	0	2572214	0	0	0	7231938	0	0	0	0	0
LFQ	65	0	0	1367	0	0	0	0	0	0	0	0	0	0	0	2723543	0	0	0	0	0	0	204984	0	0	0	0	0	885533	0	0	0	0	2518710	0	0	0	6999724	0	0	0	0	0
LFQ	66	0	0	673	0	0	0	0	0	0	0	0	0	0	0	2682889	0	0	0	0	0	0	205144	0	0	0	0	0	872012	0	0	0	0	2470556	0	0	0	6798378	0	0	0	0	0
LFQ	67	0	0	443	0	0	0	0	0	0	0	0	0	0	0	2647361	0	0	0	0	0	0	203315	0	0	0	0	0	871926	0	0	0	0	2431575	0	0	0	6639116	0	0	0	0	0
LFQ	68	0	0	503	0	0	0	0	0	0	0	0	0	0	0	2592777	0	0	0	0	0	0	196536	0	0	0	0	0	876982	0	0	0	0	2392521	0	0	0	6527038	0	0	0	0	0
LFQ	69	0	0	120	0	0	0	0	0	0	0	0	0	0	0	2575681	0	0	0	0	0	0	193634	0	0	0	0	0	894455	0	0	0	0	2352496	0	0	0	6394722	0	0	0	0	0
LFQ	70	0	0	64	0	0	0	0	0	0	0	0	0	0	0	2546156	0	0	0	0	0	0	194284	0	0	0	0	0	911199	0	0	0	0	2313240	0	0	0	6265566	0	0	0	0	0
LFQ	71	0	0	75	0	0	0	0	0	0	0	0	0	0	0	2552781	0	0	0	0	0	0	194806	0	0	0	0	0	935704	0	0	0	0	2277047	0	0	0	6089151	0	0	0	0	0
LFQ	72	0	0	16	0	0	0	0	0	0	0	0	0	0	0	2503852	0	0	0	0	0	0	188519	0	0	0	0	0	952780	0	0	0	0	2204721	0	0	0	5903406	0	0	0	0	0
LFQ	73	0	0	8	0	0	0	0	0	0	0	0	0	0	0	2413206	0	0	0	0	0	0	179891	0	0	0	0	0	980528	0	0	0	0	2111823	0	0	0	5679175	0	0	0	0	0
LFQ	74	0	0	14	0	0	0	0	0	0	0	0	0	0	0	2260124	0	0	0	0	0	0	156939	0	0	0	0	0	931806	0	0	0	0	1939366	0	0	0	5241531	0	0	0	0	0
LFQ	75	0	0	2	0	0	0	0	0	0	0	0	0	0	0	2470813	0	0	0	0	0	0	141810	0	0	0	0	0	848152	0	0	0	0	1623035	0	0	0	3147509	0	0	0	0	0
LFQ	76	0	0	0	0	0	0	0	0	0	0	0	0	0	0	0	0	0	0	0	0	0	0	0	0	0	0	0	0	0	0	0	0	0	0	0	0	0	0	0	0	0	0
# GC Content of first fragments. Use `grep ^GCF | cut -f 2-` to extract this part.
GCF	0.50	145
GCF	1.26	411
GCF	1.76	429
GCF	2.26	431
GCF	2.76	783
GCF	3.27	845
GCF	3.77	1575
GCF	4.27	1704
GCF	4.77	1753
GCF	5.28	2709
GCF	5.78	2819
GCF	6.28	2960
GCF	6.78	4497
GCF	7.29	4694
GCF	7.79	6593
GCF	8.29	7127
GCF	8.79	7415
GCF	9.30	10620
GCF	9.80	11310
GCF	10.30	11779
GCF	10.80	15970
GCF	11.31	16982
GCF	11.81	22510
GCF	12.31	24720
GCF	12.81	26003
GCF	13.32	34709
GCF	13.82	37074
GCF	14.32	38849
GCF	14.82	52281
GCF	15.33	55625
GCF	15.83	71138
GCF	16.33	76671
GCF	16.83	82301
GCF	17.34	106270
GCF	17.84	112958
GCF	18.34	119053
GCF	18.84	149810
GCF	19.35	159402
GCF	19.85	196343
GCF	20.35	210470
GCF	20.85	220992
GCF	21.36	264879
GCF	21.86	286010
GCF	22.36	300525
GCF	22.86	358580
GCF	23.37	376936
GCF	23.87	432372
GCF	24.37	460958
GCF	24.87	484275
GCF	25.38	541988
GCF	25.88	571736
GCF	26.38	591161
GCF	26.88	660976
GCF	27.39	685382
GCF	27.89	745277
GCF	28.39	781332
GCF	28.89	804476
GCF	29.40	860475
GCF	29.90	890697
GCF	30.40	922367
GCF	30.90	981496
GCF	31.41	1002947
GCF	31.91	1050383
GCF	32.41	1086777
GCF	32.91	1100116
GCF	33.42	1146075
GCF	33.92	1181993
GCF	34.42	1205270
GCF	34.92	1236913
GCF	35.43	1256298
GCF	35.93	1280263
GCF	36.43	1305968
GCF	36.93	1320599
GCF	37.44	1335344
GCF	37.94	1357351
GCF	38.44	1365266
GCF	38.94	1381107
GCF	39.45	1395451
GCF	39.95	1394335
GCF	40.45	1405220
GCF	40.95	1413509
GCF	41.46	1407690
GCF	41.96	1412712
GCF	42.46	1395838
GCF	42.96	1397275
GCF	43.47	1396548
GCF	43.97	1372399
GCF	44.47	1363020
GCF	44.97	1361615
GCF	45.48	1325070
GCF	45.98	1314659
GCF	46.48	1272341
GCF	46.98	1257650
GCF	47.49	1234547
GCF	47.99	1185262
GCF	48.49	1172232
GCF	48.99	1135933
GCF	49.50	1101927
GCF	50.00	1050802
GCF	50.50	1016472
GCF	51.01	973765
GCF	51.51	951945
GCF	52.01	899736
GCF	52.51	860172
GCF	53.02	837265
GCF	53.52	778827
GCF	54.02	746481
GCF	54.52	691767
GCF	55.03	665361
GCF	55.53	631446
GCF	56.03	581095
GCF	56.53	550721
GCF	57.04	523551
GCF	57.54	479178
GCF	58.04	451794
GCF	58.54	412755
GCF	59.05	388865
GCF	59.55	362556
GCF	60.05	331503
GCF	60.55	310010
GCF	61.06	287708
GCF	61.56	259254
GCF	62.06	236062
GCF	62.56	212920
GCF	63.07	200005
GCF	63.57	183916
GCF	64.07	162155
GCF	64.57	152474
GCF	65.08	137070
GCF	65.58	122531
GCF	66.08	110868
GCF	66.58	94004
GCF	67.09	91277
GCF	67.59	80396
GCF	68.09	70072
GCF	68.59	64759
GCF	69.10	54358
GCF	69.60	48967
GCF	70.10	43636
GCF	70.60	37806
GCF	71.11	34767
GCF	71.61	30113
GCF	72.11	26088
GCF	72.61	23711
GCF	73.12	19368
GCF	73.62	17419
GCF	74.12	15095
GCF	74.62	13483
GCF	75.13	11363
GCF	75.63	9583
GCF	76.13	8093
GCF	76.63	7279
GCF	77.14	5829
GCF	77.64	4927
GCF	78.14	4166
GCF	78.64	3545
GCF	79.15	3027
GCF	79.65	2537
GCF	80.15	2080
GCF	80.65	1714
GCF	81.16	1364
GCF	81.66	1130
GCF	82.16	936
GCF	82.66	706
GCF	83.17	563
GCF	83.67	468
GCF	84.17	402
GCF	84.67	326
GCF	85.18	247
GCF	85.68	216
GCF	86.18	163
GCF	86.68	130
GCF	87.19	115
GCF	87.69	80
GCF	88.19	64
GCF	88.69	44
GCF	89.20	31
GCF	89.70	19
GCF	90.20	20
GCF	90.70	18
GCF	91.21	14
GCF	91.71	10
GCF	92.21	8
GCF	92.71	3
GCF	93.47	1
GCF	95.48	2
GCF	98.49	1
# GC Content of last fragments. Use `grep ^GCL | cut -f 2-` to extract this part.
GCL	0.50	163
GCL	1.26	397
GCL	1.76	417
GCL	2.26	419
GCL	2.76	912
GCL	3.27	968
GCL	3.77	1616
GCL	4.27	1719
GCL	4.77	1775
GCL	5.28	2901
GCL	5.78	3004
GCL	6.28	3141
GCL	6.78	4666
GCL	7.29	4845
GCL	7.79	6655
GCL	8.29	7150
GCL	8.79	7445
GCL	9.30	10565
GCL	9.80	11194
GCL	10.30	11695
GCL	10.80	15961
GCL	11.31	16962
GCL	11.81	22152
GCL	12.31	24232
GCL	12.81	25553
GCL	13.32	34465
GCL	13.82	36911
GCL	14.32	38742
GCL	14.82	51776
GCL	15.33	55020
GCL	15.83	70263
GCL	16.33	75737
GCL	16.83	81389
GCL	17.34	103889
GCL	17.84	110708
GCL	18.34	116845
GCL	18.84	148153
GCL	19.35	157245
GCL	19.85	193977
GCL	20.35	208719
GCL	20.85	218863
GCL	21.36	262166
GCL	21.86	282785
GCL	22.36	297009
GCL	22.86	353845
GCL	23.37	372178
GCL	23.87	428223
GCL	24.37	457140
GCL	24.87	480577
GCL	25.38	536463
GCL	25.88	567529
GCL	26.38	587124
GCL	26.88	657055
GCL	27.39	681135
GCL	27.89	741102
GCL	28.39	777861
GCL	28.89	801111
GCL	29.40	859356
GCL	29.90	890362
GCL	30.40	922328
GCL	30.90	981569
GCL	31.41	1002820
GCL	31.91	1051463
GCL	32.41	1087447
GCL	32.91	1100722
GCL	33.42	1148886
GCL	33.92	1185502
GCL	34.42	1207381
GCL	34.92	1240744
GCL	35.43	1260590
GCL	35.93	1287162
GCL	36.43	1313037
GCL	36.93	1327222
GCL	37.44	1342492
GCL	37.94	1365108
GCL	38.44	1371865
GCL	38.94	1387717
GCL	39.45	1402324
GCL	39.95	1400866
GCL	40.45	1411842
GCL	40.95	1419143
GCL	41.46	1411769
GCL	41.96	1417037
GCL	42.46	1399766
GCL	42.96	1401943
GCL	43.47	1401341
GCL	43.97	1376763
GCL	44.47	1365990
GCL	44.97	1364238
GCL	45.48	1325622
GCL	45.98	1315267
GCL	46.48	1270767
GCL	46.98	1256576
GCL	47.49	1233835
GCL	47.99	1185343
GCL	48.49	1170714
GCL	48.99	1135271
GCL	49.50	1100689
GCL	50.00	1050343
GCL	50.50	1015489
GCL	51.01	973286
GCL	51.51	950939
GCL	52.01	896037
GCL	52.51	855756
GCL	53.02	832620
GCL	53.52	774633
GCL	54.02	743616
GCL	54.52	690247
GCL	55.03	663886
GCL	55.53	629503
GCL	56.03	578672
GCL	56.53	548263
GCL	57.04	521932
GCL	57.54	477342
GCL	58.04	450453
GCL	58.54	412103
GCL	59.05	387719
GCL	59.55	360519
GCL	60.05	329540
GCL	60.55	309353
GCL	61.06	286538
GCL	61.56	259455
GCL	62.06	235775
GCL	62.56	212435
GCL	63.07	200086
GCL	63.57	183959
GCL	64.07	162357
GCL	64.57	152504
GCL	65.08	137183
GCL	65.58	123152
GCL	66.08	111464
GCL	66.58	94757
GCL	67.09	91836
GCL	67.59	81133
GCL	68.09	71167
GCL	68.59	65717
GCL	69.10	55389
GCL	69.60	49716
GCL	70.10	44137
GCL	70.60	38316
GCL	71.11	35263
GCL	71.61	30532
GCL	72.11	26590
GCL	72.61	24111
GCL	73.12	20032
GCL	73.62	17934
GCL	74.12	15481
GCL	74.62	13698
GCL	75.13	11672
GCL	75.63	9732
GCL	76.13	8383
GCL	76.63	7614
GCL	77.14	6104
GCL	77.64	5158
GCL	78.14	4426
GCL	78.64	3758
GCL	79.15	3284
GCL	79.65	2809
GCL	80.15	2317
GCL	80.65	1836
GCL	81.16	1474
GCL	81.66	1178
GCL	82.16	980
GCL	82.66	753
GCL	83.17	623
GCL	83.67	523
GCL	84.17	464
GCL	84.67	366
GCL	85.18	263
GCL	85.68	230
GCL	86.18	177
GCL	86.68	141
GCL	87.19	127
GCL	87.69	92
GCL	88.19	80
GCL	88.69	53
GCL	89.20	43
GCL	89.70	30
GCL	90.20	29
GCL	90.70	27
GCL	91.21	17
GCL	91.71	11
GCL	92.21	6
GCL	93.22	0
GCL	96.98	1
# ACGT content per cycle. Use `grep ^GCC | cut -f 2-` to extract this part. The columns are: cycle; A,C,G,T base counts as a percentage of all A/C/G/T bases [%]; and N and O counts as a percentage of all A/C/G/T bases [%]
GCC	1	19.01	31.01	30.98	19.00	0.02	0.00
GCC	2	32.11	17.95	17.92	32.02	0.00	0.00
GCC	3	29.71	20.33	20.31	29.65	0.00	0.00
GCC	4	29.57	20.45	20.44	29.54	0.00	0.00
GCC	5	37.33	12.70	12.71	37.26	0.00	0.00
GCC	6	29.57	20.47	20.43	29.53	0.00	0.00
GCC	7	29.48	20.57	20.54	29.41	0.00	0.00
GCC	8	31.47	18.57	18.56	31.41	0.00	0.00
GCC	9	22.06	27.98	27.95	22.01	0.00	0.00
GCC	10	33.18	16.86	16.84	33.12	0.00	0.00
GCC	11	24.71	25.34	25.32	24.63	0.00	0.00
GCC	12	30.69	19.36	19.34	30.62	0.00	0.00
GCC	13	26.08	23.98	23.93	26.01	0.00	0.00
GCC	14	26.80	23.24	23.22	26.74	0.00	0.00
GCC	15	28.98	21.06	21.03	28.93	0.00	0.00
GCC	16	30.30	19.74	19.73	30.23	0.00	0.00
GCC	17	30.89	19.16	19.14	30.82	0.00	0.00
GCC	18	31.13	18.93	18.91	31.03	0.00	0.00
GCC	19	30.71	19.34	19.31	30.63	0.00	0.00
GCC	20	30.69	19.35	19.33	30.63	0.00	0.00
GCC	21	30.26	19.77	19.76	30.21	0.00	0.00
GCC	22	30.32	19.74	19.70	30.25	0.00	0.00
GCC	23	30.19	19.86	19.84	30.11	0.00	0.00
GCC	24	30.38	19.67	19.64	30.31	0.00	0.00
GCC	25	30.35	19.69	19.69	30.28	0.00	0.00
GCC	26	30.46	19.59	19.57	30.39	0.00	0.00
GCC	27	30.45	19.57	19.58	30.40	0.00	0.00
GCC	28	30.53	19.52	19.49	30.46	0.00	0.00
GCC	29	30.40	19.63	19.63	30.33	0.00	0.00
GCC	30	30.42	19.66	19.62	30.31	0.00	0.00
GCC	31	30.27	19.77	19.74	30.22	0.00	0.00
GCC	32	30.38	19.68	19.64	30.31	0.00	0.00
GCC	33	30.31	19.74	19.70	30.25	0.00	0.00
GCC	34	30.42	19.64	19.61	30.32	0.00	0.00
GCC	35	30.43	19.60	19.60	30.36	0.00	0.00
GCC	36	30.54	19.52	19.50	30.44	0.00	0.00
GCC	37	30.57	19.49	19.47	30.48	0.00	0.00
GCC	38	30.69	19.38	19.35	30.58	0.00	0.00
GCC	39	30.63	19.43	19.40	30.54	0.00	0.00
GCC	40	30.59	19.44	19.43	30.54	0.00	0.00
GCC	41	30.51	19.54	19.51	30.44	0.00	0.00
GCC	42	30.49	19.55	19.54	30.41	0.00	0.00
GCC	43	30.39	19.65	19.66	30.30	0.00	0.00
GCC	44	30.46	19.60	19.58	30.36	0.00	0.00
GCC	45	30.54	19.52	19.51	30.43	0.00	0.00
GCC	46	30.60	19.46	19.43	30.51	0.00	0.00
GCC	47	30.71	19.34	19.29	30.66	0.00	0.00
GCC	48	30.79	19.27	19.25	30.69	0.00	0.00
GCC	49	30.70	19.34	19.33	30.63	0.00	0.00
GCC	50	30.74	19.31	19.29	30.65	0.00	0.00
GCC	51	30.61	19.45	19.40	30.54	0.00	0.00
GCC	52	30.65	19.40	19.40	30.55	0.00	0.00
GCC	53	30.58	19.47	19.44	30.51	0.00	0.00
GCC	54	30.65	19.38	19.37	30.59	0.00	0.00
GCC	55	30.71	19.34	19.31	30.64	0.00	0.00
GCC	56	30.78	19.27	19.26	30.70	0.00	0.00
GCC	57	30.89	19.16	19.14	30.80	0.00	0.00
GCC	58	30.92	19.16	19.12	30.80	0.00	0.00
GCC	59	30.94	19.11	19.10	30.85	0.00	0.00
GCC	60	30.91	19.13	19.11	30.85	0.00	0.00
GCC	61	30.83	19.21	19.21	30.76	0.01	0.00
GCC	62	30.82	19.21	19.21	30.76	0.00	0.00
GCC	63	30.75	19.30	19.27	30.69	0.00	0.00
GCC	64	30.79	19.25	19.23	30.74	0.00	0.00
GCC	65	30.78	19.25	19.25	30.72	0.01	0.00
GCC	66	30.94	19.12	19.12	30.82	0.00	0.00
GCC	67	30.95	19.09	19.07	30.88	0.00	0.00
GCC	68	30.98	19.06	19.04	30.92	0.00	0.00
GCC	69	30.99	19.05	19.04	30.92	0.00	0.00
GCC	70	30.95	19.10	19.08	30.87	0.00	0.00
GCC	71	31.02	19.05	19.01	30.92	0.00	0.00
GCC	72	31.18	18.89	18.84	31.10	0.00	0.00
GCC	73	31.30	18.75	18.73	31.22	0.00	0.00
GCC	74	32.77	17.30	17.27	32.66	0.00	0.00
GCC	75	38.38	11.67	11.65	38.31	0.00	0.00
# Insert sizes. Use `grep ^IS | cut -f 2-` to extract this part. The columns are: insert size, pairs total, inward oriented pairs, outward oriented pairs, other pairs
IS	0	0	0	0	0
IS	1	0	0	0	0
IS	2	0	0	0	0
IS	3	0	0	0	0
IS	4	0	0	0	0
IS	5	0	0	0	0
IS	6	0	0	0	0
IS	7	0	0	0	0
IS	8	0	0	0	0
IS	9	0	0	0	0
IS	10	0	0	0	0
IS	11	0	0	0	0
IS	12	0	0	0	0
IS	13	0	0	0	0
IS	14	0	0	0	0
IS	15	0	0	0	0
IS	16	0	0	0	0
IS	17	0	0	0	0
IS	18	0	0	0	0
IS	19	1	1	0	0
IS	20	0	0	0	0
IS	21	0	0	0	0
IS	22	1	1	0	0
IS	23	3	3	0	0
IS	24	1	1	0	0
IS	25	9	9	0	0
IS	26	24	24	0	0
IS	27	35	35	0	0
IS	28	38	38	0	0
IS	29	44	44	0	0
IS	30	44	44	0	0
IS	31	49	49	0	0
IS	32	61	61	0	0
IS	33	81	81	0	0
IS	34	94	94	0	0
IS	35	15	15	0	0
IS	36	27	27	0	0
IS	37	37	37	0	0
IS	38	42	42	0	0
IS	39	58	58	0	0
IS	40	73	73	0	0
IS	41	89	89	0	0
IS	42	116	116	0	0
IS	43	120	120	0	0
IS	44	129	129	0	0
IS	45	116	116	0	0
IS	46	101	101	0	0
IS	47	87	87	0	0
IS	48	77	77	0	0
IS	49	81	81	0	0
IS	50	84	84	0	0
IS	51	92	92	0	0
IS	52	99	99	0	0
IS	53	105	105	0	0
IS	54	107	107	0	0
IS	55	93	93	0	0
IS	56	81	81	0	0
IS	57	57	57	0	0
IS	58	50	50	0	0
IS	59	50	50	0	0
IS	60	53	53	0	0
IS	61	56	56	0	0
IS	62	57	57	0	0
IS	63	65	65	0	0
IS	64	64	64	0	0
IS	65	59	59	0	0
IS	66	46	46	0	0
IS	67	41	41	0	0
IS	68	31	31	0	0
IS	69	32	32	0	0
IS	70	31	31	0	0
IS	71	38	38	0	0
IS	72	44	44	0	0
IS	73	55	55	0	0
IS	74	71	71	0	0
IS	75	106299	106299	0	0
IS	76	217703	217703	0	0
IS	77	194043	194043	0	0
IS	78	175106	175106	0	0
IS	79	160416	160416	0	0
IS	80	158128	158128	0	0
IS	81	162840	162840	0	0
IS	82	173463	173463	0	0
IS	83	184050	184050	0	0
IS	84	187916	187916	0	0
IS	85	184559	184559	0	0
IS	86	171045	171045	0	0
IS	87	153764	153764	0	0
IS	88	136630	136630	0	0
IS	89	125293	125293	0	0
IS	90	119658	119658	0	0
IS	91	121992	121992	0	0
IS	92	129989	129989	0	0
IS	93	136648	136648	0	0
IS	94	142992	142992	0	0
IS	95	142806	142806	0	0
IS	96	135885	135885	0	0
IS	97	123773	123773	0	0
IS	98	111786	111786	0	0
IS	99	101290	101290	0	0
IS	100	96143	96143	0	0
IS	101	94996	94996	0	0
IS	102	98024	98024	0	0
IS	103	104279	104279	0	0
IS	104	109511	109511	0	0
IS	105	110825	110825	0	0
IS	106	108633	108633	0	0
IS	107	102582	102582	0	0
IS	108	94109	94109	0	0
IS	109	85515	85515	0	0
IS	110	79756	79756	0	0
IS	111	77086	77086	0	0
IS	112	78586	78586	0	0
IS	113	82610	82610	0	0
IS	114	86573	86573	0	0
IS	115	88055	88055	0	0
IS	116	88728	88728	0	0
IS	117	85213	85213	0	0
IS	118	79671	79671	0	0
IS	119	72831	72831	0	0
IS	120	67805	67805	0	0
IS	121	65100	65100	0	0
IS	122	64752	64752	0	0
IS	123	66547	66547	0	0
IS	124	68730	68730	0	0
IS	125	71487	71487	0	0
IS	126	72372	72372	0	0
IS	127	71135	71135	0	0
IS	128	68116	68116	0	0
IS	129	62755	62755	0	0
IS	130	59181	59181	0	0
IS	131	57243	57243	0	0
IS	132	56125	56125	0	0
IS	133	55419	55419	0	0
IS	134	56523	56523	0	0
IS	135	59790	59790	0	0
IS	136	60615	60615	0	0
IS	137	61058	61058	0	0
IS	138	59267	59267	0	0
IS	139	56483	56483	0	0
IS	140	53401	53401	0	0
IS	141	51082	51082	0	0
IS	142	49336	49336	0	0
IS	143	48739	48739	0	0
IS	144	48659	48659	0	0
IS	145	49795	49795	0	0
IS	146	51492	51492	0	0
IS	147	51512	51512	0	0
IS	148	51634	51634	0	0
IS	149	50015	50015	0	0
IS	150	47559	47559	0	0
IS	151	46766	46766	0	0
IS	152	45004	45004	0	0
IS	153	44042	44042	0	0
IS	154	43442	43442	0	0
IS	155	44365	44365	0	0
IS	156	45572	45572	0	0
IS	157	46981	46981	0	0
IS	158	46993	46993	0	0
IS	159	45589	45589	0	0
IS	160	43452	43452	0	0
IS	161	41301	41301	0	0
IS	162	39675	39675	0	0
IS	163	39593	39593	0	0
IS	164	40701	40701	0	0
IS	165	42895	42895	0	0
IS	166	45209	45209	0	0
IS	167	47068	47068	0	0
IS	168	47100	47100	0	0
IS	169	45671	45671	0	0
IS	170	42413	42413	0	0
IS	171	39093	39093	0	0
IS	172	37495	37495	0	0
IS	173	37326	37326	0	0
IS	174	38294	38294	0	0
IS	175	39976	39976	0	0
IS	176	42454	42454	0	0
IS	177	43498	43498	0	0
IS	178	42735	42735	0	0
IS	179	40930	40930	0	0
IS	180	37945	37945	0	0
IS	181	35831	35831	0	0
IS	182	34701	34701	0	0
IS	183	34008	34008	0	0
IS	184	34288	34288	0	0
IS	185	35703	35703	0	0
IS	186	36952	36952	0	0
IS	187	38087	38087	0	0
IS	188	37364	37364	0	0
IS	189	36866	36866	0	0
IS	190	35008	35008	0	0
IS	191	33894	33894	0	0
IS	192	33304	33304	0	0
IS	193	32789	32789	0	0
IS	194	33099	33099	0	0
IS	195	33895	33895	0	0
IS	196	34451	34451	0	0
IS	197	35180	35180	0	0
IS	198	34702	34702	0	0
IS	199	34536	34536	0	0
IS	200	33347	33347	0	0
IS	201	32629	32629	0	0
IS	202	32376	32376	0	0
IS	203	31630	31630	0	0
IS	204	32804	32804	0	0
IS	205	33305	33305	0	0
IS	206	33380	33380	0	0
IS	207	33373	33373	0	0
IS	208	32574	32574	0	0
IS	209	31600	31600	0	0
IS	210	30938	30938	0	0
IS	211	29943	29943	0	0
IS	212	29576	29576	0	0
IS	213	29701	29701	0	0
IS	214	29881	29881	0	0
IS	215	30079	30079	0	0
IS	216	29979	29979	0	0
IS	217	29775	29775	0	0
IS	218	29514	29514	0	0
IS	219	28300	28300	0	0
IS	220	27271	27271	0	0
IS	221	26147	26147	0	0
IS	222	25121	25121	0	0
IS	223	24882	24882	0	0
IS	224	24318	24318	0	0
IS	225	24424	24424	0	0
IS	226	24440	24440	0	0
IS	227	24035	24035	0	0
IS	228	23917	23917	0	0
IS	229	23401	23401	0	0
IS	230	22530	22530	0	0
IS	231	21592	21592	0	0
IS	232	20708	20708	0	0
IS	233	20386	20386	0	0
IS	234	19991	19991	0	0
IS	235	19715	19715	0	0
IS	236	19190	19190	0	0
IS	237	19413	19413	0	0
IS	238	18904	18904	0	0
IS	239	18311	18311	0	0
IS	240	17688	17688	0	0
IS	241	17325	17325	0	0
IS	242	16883	16883	0	0
IS	243	16455	16455	0	0
IS	244	15662	15662	0	0
IS	245	15023	15023	0	0
IS	246	14787	14787	0	0
IS	247	14671	14671	0	0
IS	248	14527	14527	0	0
IS	249	14076	14076	0	0
IS	250	13653	13653	0	0
IS	251	13555	13555	0	0
IS	252	13074	13074	0	0
IS	253	12437	12437	0	0
IS	254	12364	12364	0	0
IS	255	11910	11910	0	0
IS	256	11489	11489	0	0
IS	257	11321	11321	0	0
IS	258	11124	11124	0	0
IS	259	10897	10897	0	0
IS	260	10720	10720	0	0
IS	261	10353	10353	0	0
IS	262	10119	10119	0	0
IS	263	9731	9731	0	0
IS	264	9435	9435	0	0
IS	265	9302	9302	0	0
IS	266	9058	9058	0	0
IS	267	8883	8883	0	0
IS	268	8522	8522	0	0
IS	269	8392	8392	0	0
IS	270	8162	8162	0	0
IS	271	8088	8088	0	0
IS	272	7882	7882	0	0
IS	273	7518	7518	0	0
IS	274	7210	7210	0	0
IS	275	7065	7065	0	0
IS	276	6925	6925	0	0
IS	277	6881	6881	0	0
IS	278	6606	6606	0	0
IS	279	6497	6497	0	0
IS	280	6402	6402	0	0
IS	281	6184	6184	0	0
IS	282	6149	6149	0	0
IS	283	6022	6022	0	0
IS	284	5811	5811	0	0
IS	285	5560	5560	0	0
IS	286	5355	5355	0	0
IS	287	5227	5227	0	0
IS	288	5297	5297	0	0
IS	289	5060	5060	0	0
IS	290	5078	5078	0	0
IS	291	4847	4847	0	0
IS	292	4729	4729	0	0
IS	293	4805	4805	0	0
IS	294	4515	4515	0	0
IS	295	4435	4435	0	0
IS	296	4271	4271	0	0
IS	297	4211	4211	0	0
IS	298	4189	4189	0	0
IS	299	4019	4019	0	0
IS	300	3897	3897	0	0
IS	301	3958	3958	0	0
IS	302	3656	3656	0	0
IS	303	3617	3617	0	0
IS	304	3514	3514	0	0
IS	305	3434	3434	0	0
IS	306	3325	3325	0	0
IS	307	3300	3300	0	0
IS	308	3167	3167	0	0
IS	309	3220	3220	0	0
IS	310	3063	3063	0	0
IS	311	3126	3126	0	0
IS	312	3045	3045	0	0
IS	313	2931	2931	0	0
IS	314	2815	2815	0	0
IS	315	2777	2777	0	0
IS	316	2663	2663	0	0
IS	317	2632	2632	0	0
IS	318	2541	2541	0	0
# Read lengths. Use `grep ^RL | cut -f 2-` to extract this part. The columns are: read length, count
RL	8	4
RL	9	4
RL	10	2
RL	12	2
RL	14	2
RL	15	34
RL	16	3
RL	17	28
RL	18	87
RL	19	136
RL	20	53
RL	21	227
RL	22	165
RL	23	730
RL	24	798
RL	25	1532
RL	26	15848
RL	27	23708
RL	28	30467
RL	29	35212
RL	30	33650
RL	31	36718
RL	32	50464
RL	33	64467
RL	34	82221
RL	35	137892
RL	36	231531
RL	37	309284
RL	38	375333
RL	39	497244
RL	40	641518
RL	41	781413
RL	42	921997
RL	43	1056888
RL	44	1070918
RL	45	1002374
RL	46	889190
RL	47	768189
RL	48	693673
RL	49	697984
RL	50	745642
RL	51	802065
RL	52	847592
RL	53	875701
RL	54	855323
RL	55	785939
RL	56	683960
RL	57	584244
RL	58	540783
RL	59	525365
RL	60	528691
RL	61	572893
RL	62	598711
RL	63	641100
RL	64	640072
RL	65	608503
RL	66	471967
RL	67	414690
RL	68	350441
RL	69	361218
RL	70	361690
RL	71	590288
RL	72	779630
RL	73	1672068
RL	74	4570493
RL	75	16487471
# Indel distribution. Use `grep ^ID | cut -f 2-` to extract this part. The columns are: length, number of insertions, number of deletions
ID	1	544212	557968
ID	2	192216	193262
ID	3	66388	64269
ID	4	42060	37641
ID	5	20304	17828
ID	6	11889	10930
ID	7	5820	4833
ID	8	5184	4749
ID	9	2743	2209
ID	10	1702	1350
ID	11	688	570
ID	12	385	365
ID	13	127	104
# Indels per cycle. Use `grep ^IC | cut -f 2-` to extract this part. The columns are: cycle, number of insertions (fwd), .. (rev) , number of deletions (fwd), .. (rev)
IC	2	875	793	358	341
IC	3	1261	1204	1001	1057
IC	4	2772	2686	3904	3992
IC	5	11039	10778	5481	5330
IC	6	7296	7344	4582	4565
IC	7	6038	6213	4227	4109
IC	8	5527	5596	4592	4668
IC	9	5539	5459	5379	5493
IC	10	5595	5667	5498	5276
IC	11	5474	5494	5719	5884
IC	12	5849	5589	6082	6139
IC	13	5859	5891	6501	6568
IC	14	6117	6160	6771	6948
IC	15	6526	6753	7096	7083
IC	16	6585	6724	6935	7069
IC	17	6633	6817	7134	7133
IC	18	6773	6803	7654	7547
IC	19	7237	7284	8074	7860
IC	20	7718	7433	8417	8438
IC	21	7969	7835	8632	8672
IC	22	8275	8266	8894	8649
IC	23	8305	8382	8866	8646
IC	24	8225	8370	8672	8645
IC	25	8078	8338	8882	8720
IC	26	8137	8094	8620	8547
IC	27	8265	8211	8314	8467
IC	28	8025	8062	8693	8840
IC	29	8130	7982	8586	8582
IC	30	8042	8020	8848	8668
IC	31	8028	8018	8339	8464
IC	32	8282	8243	8327	8595
IC	33	7989	7855	8278	8294
IC	34	8098	7911	8449	8424
IC	35	7742	7700	8256	8216
IC	36	7714	7744	8141	8016
IC	37	7449	7504	8057	8025
IC	38	7578	7372	7900	7781
IC	39	7395	7240	7739	7875
IC	40	7602	7006	7882	7741
IC	41	7332	7195	7924	7492
IC	42	7292	7216	7415	7347
IC	43	7050	7007	7517	7401
IC	44	7001	6975	7292	7376
IC	45	6947	6502	7163	7091
IC	46	6677	6696	7043	7066
IC	47	6638	6586	7109	6807
IC	48	6457	6531	6775	6884
IC	49	6210	6324	6953	6817
IC	50	6120	6411	6607	6585
IC	51	6292	6126	6405	6517
IC	52	6003	6146	6358	6247
IC	53	6026	5971	6278	6194
IC	54	5937	5914	6042	6040
IC	55	5864	5844	5936	5862
IC	56	5707	5677	5904	5607
IC	57	5529	5539	5694	5791
IC	58	5486	5577	5507	5675
IC	59	5508	5460	5605	5512
IC	60	5336	5343	5183	5249
IC	61	5232	5344	5247	5135
IC	62	5216	5123	5039	5112
IC	63	5084	4991	4931	4839
IC	64	4862	5086	4687	4631
IC	65	4862	4909	4439	4378
IC	66	4665	4735	4112	3989
IC	67	4571	4448	3789	3766
IC	68	4384	4351	3312	3518
IC	69	4323	4183	3169	3084
IC	70	3784	3840	2963	2937
IC	71	3010	3089	1976	1862
IC	72	1290	1286	638	619
IC	73	667	598	255	234
IC	74	248	203	0	0
# Coverage distribution. Use `grep ^COV | cut -f 2-` to extract this part.
COV	[1-1]	1	124659561
COV	[2-2]	2	155299788
COV	[3-3]	3	76289810
COV	[4-4]	4	89027630
COV	[5-5]	5	46801672
COV	[6-6]	6	48727444
COV	[7-7]	7	26772752
COV	[8-8]	8	25534044
COV	[9-9]	9	14498193
COV	[10-10]	10	12963665
COV	[11-11]	11	7584172
COV	[12-12]	12	6485107
COV	[13-13]	13	3920291
COV	[14-14]	14	3260741
COV	[15-15]	15	2054020
COV	[16-16]	16	1694333
COV	[17-17]	17	1132551
COV	[18-18]	18	934850
COV	[19-19]	19	671649
COV	[20-20]	20	572067
COV	[21-21]	21	438157
COV	[22-22]	22	386484
COV	[23-23]	23	315565
COV	[24-24]	24	282689
COV	[25-25]	25	243079
COV	[26-26]	26	219989
COV	[27-27]	27	194547
COV	[28-28]	28	181450
COV	[29-29]	29	163082
COV	[30-30]	30	153309
COV	[31-31]	31	139328
COV	[32-32]	32	133814
COV	[33-33]	33	122808
COV	[34-34]	34	118050
COV	[35-35]	35	108835
COV	[36-36]	36	105417
COV	[37-37]	37	97018
COV	[38-38]	38	93578
COV	[39-39]	39	87067
COV	[40-40]	40	85540
COV	[41-41]	41	80772
COV	[42-42]	42	77111
COV	[43-43]	43	72587
COV	[44-44]	44	69681
COV	[45-45]	45	66057
COV	[46-46]	46	64783
COV	[47-47]	47	60787
COV	[48-48]	48	59051
COV	[49-49]	49	55702
COV	[50-50]	50	54796
COV	[51-51]	51	50979
COV	[52-52]	52	49473
COV	[53-53]	53	47762
COV	[54-54]	54	46600
COV	[55-55]	55	44299
COV	[56-56]	56	43400
COV	[57-57]	57	42158
COV	[58-58]	58	40474
COV	[59-59]	59	38380
COV	[60-60]	60	38113
COV	[61-61]	61	36817
COV	[62-62]	62	35695
COV	[63-63]	63	34633
COV	[64-64]	64	34416
COV	[65-65]	65	32906
COV	[66-66]	66	32083
COV	[67-67]	67	30382
COV	[68-68]	68	29858
COV	[69-69]	69	28888
COV	[70-70]	70	27734
COV	[71-71]	71	27293
COV	[72-72]	72	26539
COV	[73-73]	73	25926
COV	[74-74]	74	24990
COV	[75-75]	75	24661
COV	[76-76]	76	24286
COV	[77-77]	77	23620
COV	[78-78]	78	22965
COV	[79-79]	79	22049
COV	[80-80]	80	21216
COV	[81-81]	81	21047
COV	[82-82]	82	20457
COV	[83-83]	83	20473
COV	[84-84]	84	19605
COV	[85-85]	85	19181
COV	[86-86]	86	18570
COV	[87-87]	87	18056
COV	[88-88]	88	18301
COV	[89-89]	89	17805
COV	[90-90]	90	17093
COV	[91-91]	91	16711
COV	[92-92]	92	16377
COV	[93-93]	93	16435
COV	[94-94]	94	15895
COV	[95-95]	95	15661
COV	[96-96]	96	15041
COV	[97-97]	97	14760
COV	[98-98]	98	14297
COV	[99-99]	99	14427
COV	[100-100]	100	13882
COV	[101-101]	101	13504
COV	[102-102]	102	13373
COV	[103-103]	103	12584
COV	[104-104]	104	12313
COV	[105-105]	105	12317
COV	[106-106]	106	12179
COV	[107-107]	107	11862
COV	[108-108]	108	11801
COV	[109-109]	109	11778
COV	[110-110]	110	11115
COV	[111-111]	111	11048
COV	[112-112]	112	10896
COV	[113-113]	113	10331
COV	[114-114]	114	10199
COV	[115-115]	115	10165
COV	[116-116]	116	9962
COV	[117-117]	117	9983
COV	[118-118]	118	9825
COV	[119-119]	119	9642
COV	[120-120]	120	9517
COV	[121-121]	121	9246
COV	[122-122]	122	9257
COV	[123-123]	123	8860
COV	[124-124]	124	8863
COV	[125-125]	125	8530
COV	[126-126]	126	8270
COV	[127-127]	127	8373
COV	[128-128]	128	8214
COV	[129-129]	129	8066
COV	[130-130]	130	8004
COV	[131-131]	131	8002
COV	[132-132]	132	7871
COV	[133-133]	133	7758
COV	[134-134]	134	7565
COV	[135-135]	135	7342
COV	[136-136]	136	7188
COV	[137-137]	137	6975
COV	[138-138]	138	7008
COV	[139-139]	139	6869
COV	[140-140]	140	6753
COV	[141-141]	141	6712
COV	[142-142]	142	6525
COV	[143-143]	143	6464
COV	[144-144]	144	6299
COV	[145-145]	145	6319
COV	[146-146]	146	5947
COV	[147-147]	147	5844
COV	[148-148]	148	5888
COV	[149-149]	149	5806
COV	[150-150]	150	5610
COV	[151-151]	151	5699
COV	[152-152]	152	5492
COV	[153-153]	153	5491
COV	[154-154]	154	5246
COV	[155-155]	155	5413
COV	[156-156]	156	5397
COV	[157-157]	157	5087
COV	[158-158]	158	5065
COV	[159-159]	159	4972
COV	[160-160]	160	5106
COV	[161-161]	161	4960
COV	[162-162]	162	4763
COV	[163-163]	163	4744
COV	[164-164]	164	4486
COV	[165-165]	165	4609
COV	[166-166]	166	4505
COV	[167-167]	167	4330
COV	[168-168]	168	4377
COV	[169-169]	169	4358
COV	[170-170]	170	4328
COV	[171-171]	171	4166
COV	[172-172]	172	4086
COV	[173-173]	173	4157
COV	[174-174]	174	3960
COV	[175-175]	175	3937
COV	[176-176]	176	3922
COV	[177-177]	177	3764
COV	[178-178]	178	3935
COV	[179-179]	179	3565
COV	[180-180]	180	3665
COV	[181-181]	181	3497
COV	[182-182]	182	3606
COV	[183-183]	183	3560
COV	[184-184]	184	3536
COV	[185-185]	185	3384
COV	[186-186]	186	3380
COV	[187-187]	187	3292
COV	[188-188]	188	3253
COV	[189-189]	189	3190
COV	[190-190]	190	3255
COV	[191-191]	191	3119
COV	[192-192]	192	3177
COV	[193-193]	193	3096
COV	[194-194]	194	3111
COV	[195-195]	195	3022
COV	[196-196]	196	2976
COV	[197-197]	197	2883
COV	[198-198]	198	3013
COV	[199-199]	199	2879
COV	[200-200]	200	2901
COV	[201-201]	201	2782
COV	[202-202]	202	2847
COV	[203-203]	203	2835
COV	[204-204]	204	2638
COV	[205-205]	205	2638
COV	[206-206]	206	2624
COV	[207-207]	207	2533
COV	[208-208]	208	2649
COV	[209-209]	209	2495
COV	[210-210]	210	2463
COV	[211-211]	211	2490
COV	[212-212]	212	2415
COV	[213-213]	213	2410
COV	[214-214]	214	2497
COV	[215-215]	215	2434
COV	[216-216]	216	2273
COV	[217-217]	217	2275
COV	[218-218]	218	2310
COV	[219-219]	219	2219
COV	[220-220]	220	2298
COV	[221-221]	221	2295
COV	[222-222]	222	2357
COV	[223-223]	223	2126
COV	[224-224]	224	2105
COV	[225-225]	225	2239
COV	[226-226]	226	2294
COV	[227-227]	227	2101
COV	[228-228]	228	2129
COV	[229-229]	229	2176
COV	[230-230]	230	2189
COV	[231-231]	231	2043
COV	[232-232]	232	1995
COV	[233-233]	233	1979
COV	[234-234]	234	1978
COV	[235-235]	235	1951
COV	[236-236]	236	1944
COV	[237-237]	237	1905
COV	[238-238]	238	1859
COV	[239-239]	239	1865
COV	[240-240]	240	1883
COV	[241-241]	241	1853
COV	[242-242]	242	1741
COV	[243-243]	243	1857
COV	[244-244]	244	1758
COV	[245-245]	245	1742
COV	[246-246]	246	1773
COV	[247-247]	247	1684
COV	[248-248]	248	1657
COV	[249-249]	249	1576
COV	[250-250]	250	1603
COV	[251-251]	251	1630
COV	[252-252]	252	1584
COV	[253-253]	253	1547
COV	[254-254]	254	1572
COV	[255-255]	255	1587
COV	[256-256]	256	1601
COV	[257-257]	257	1537
COV	[258-258]	258	1506
COV	[259-259]	259	1446
COV	[260-260]	260	1515
COV	[261-261]	261	1471
COV	[262-262]	262	1595
COV	[263-263]	263	1439
COV	[264-264]	264	1474
COV	[265-265]	265	1374
COV	[266-266]	266	1542
COV	[267-267]	267	1397
COV	[268-268]	268	1401
COV	[269-269]	269	1391
COV	[270-270]	270	1428
COV	[271-271]	271	1366
COV	[272-272]	272	1403
COV	[273-273]	273	1369
COV	[274-274]	274	1363
COV	[275-275]	275	1261
COV	[276-276]	276	1209
COV	[277-277]	277	1250
COV	[278-278]	278	1237
COV	[279-279]	279	1211
COV	[280-280]	280	1161
COV	[281-281]	281	1251
COV	[282-282]	282	1201
COV	[283-283]	283	1222
COV	[284-284]	284	1219
COV	[285-285]	285	1196
COV	[286-286]	286	1233
COV	[287-287]	287	1215
COV	[288-288]	288	1113
COV	[289-289]	289	1147
COV	[290-290]	290	1137
COV	[291-291]	291	1130
COV	[292-292]	292	1132
COV	[293-293]	293	1121
COV	[294-294]	294	1092
COV	[295-295]	295	1134
COV	[296-296]	296	1046
COV	[297-297]	297	1165
COV	[298-298]	298	1033
COV	[299-299]	299	1033
COV	[300-300]	300	1045
COV	[301-301]	301	1022
COV	[302-302]	302	1045
COV	[303-303]	303	1013
COV	[304-304]	304	1023
COV	[305-305]	305	1076
COV	[306-306]	306	1021
COV	[307-307]	307	1088
COV	[308-308]	308	1000
COV	[309-309]	309	1044
COV	[310-310]	310	1066
COV	[311-311]	311	951
COV	[312-312]	312	1068
COV	[313-313]	313	946
COV	[314-314]	314	1039
COV	[315-315]	315	912
COV	[316-316]	316	978
COV	[317-317]	317	960
COV	[318-318]	318	953
COV	[319-319]	319	910
COV	[320-320]	320	974
COV	[321-321]	321	898
COV	[322-322]	322	951
COV	[323-323]	323	912
COV	[324-324]	324	906
COV	[325-325]	325	888
COV	[326-326]	326	903
COV	[327-327]	327	855
COV	[328-328]	328	866
COV	[329-329]	329	834
COV	[330-330]	330	852
COV	[331-331]	331	858
COV	[332-332]	332	862
COV	[333-333]	333	809
COV	[334-334]	334	819
COV	[335-335]	335	751
COV	[336-336]	336	799
COV	[337-337]	337	773
COV	[338-338]	338	832
COV	[339-339]	339	777
COV	[340-340]	340	783
COV	[341-341]	341	780
COV	[342-342]	342	794
COV	[343-343]	343	721
COV	[344-344]	344	752
COV	[345-345]	345	724
COV	[346-346]	346	807
COV	[347-347]	347	761
COV	[348-348]	348	733
COV	[349-349]	349	695
COV	[350-350]	350	742
COV	[351-351]	351	742
COV	[352-352]	352	751
COV	[353-353]	353	706
COV	[354-354]	354	701
COV	[355-355]	355	773
COV	[356-356]	356	681
COV	[357-357]	357	685
COV	[358-358]	358	662
COV	[359-359]	359	736
COV	[360-360]	360	674
COV	[361-361]	361	664
COV	[362-362]	362	694
COV	[363-363]	363	659
COV	[364-364]	364	664
COV	[365-365]	365	641
COV	[366-366]	366	621
COV	[367-367]	367	576
COV	[368-368]	368	616
COV	[369-369]	369	568
COV	[370-370]	370	597
COV	[371-371]	371	660
COV	[372-372]	372	598
COV	[373-373]	373	658
COV	[374-374]	374	603
COV	[375-375]	375	619
COV	[376-376]	376	637
COV	[377-377]	377	628
COV	[378-378]	378	566
COV	[379-379]	379	625
COV	[380-380]	380	622
COV	[381-381]	381	566
COV	[382-382]	382	573
COV	[383-383]	383	595
COV	[384-384]	384	595
COV	[385-385]	385	682
COV	[386-386]	386	574
COV	[387-387]	387	590
COV	[388-388]	388	627
COV	[389-389]	389	504
COV	[390-390]	390	541
COV	[391-391]	391	552
COV	[392-392]	392	579
COV	[393-393]	393	547
COV	[394-394]	394	529
COV	[395-395]	395	559
COV	[396-396]	396	557
COV	[397-397]	397	563
COV	[398-398]	398	509
COV	[399-399]	399	532
COV	[400-400]	400	530
COV	[401-401]	401	483
COV	[402-402]	402	509
COV	[403-403]	403	489
COV	[404-404]	404	488
COV	[405-405]	405	535
COV	[406-406]	406	448
COV	[407-407]	407	484
COV	[408-408]	408	498
COV	[409-409]	409	515
COV	[410-410]	410	476
COV	[411-411]	411	515
COV	[412-412]	412	454
COV	[413-413]	413	429
COV	[414-414]	414	514
COV	[415-415]	415	473
COV	[416-416]	416	429
COV	[417-417]	417	486
COV	[418-418]	418	425
COV	[419-419]	419	482
COV	[420-420]	420	416
COV	[421-421]	421	464
COV	[422-422]	422	448
COV	[423-423]	423	463
COV	[424-424]	424	430
COV	[425-425]	425	399
COV	[426-426]	426	402
COV	[427-427]	427	429
COV	[428-428]	428	433
COV	[429-429]	429	391
COV	[430-430]	430	401
COV	[431-431]	431	437
COV	[432-432]	432	451
COV	[433-433]	433	391
COV	[434-434]	434	424
COV	[435-435]	435	406
COV	[436-436]	436	403
COV	[437-437]	437	401
COV	[438-438]	438	378
COV	[439-439]	439	431
COV	[440-440]	440	410
COV	[441-441]	441	354
COV	[442-442]	442	401
COV	[443-443]	443	354
COV	[444-444]	444	408
COV	[445-445]	445	327
COV	[446-446]	446	335
COV	[447-447]	447	355
COV	[448-448]	448	346
COV	[449-449]	449	357
COV	[450-450]	450	364
COV	[451-451]	451	346
COV	[452-452]	452	357
COV	[453-453]	453	380
COV	[454-454]	454	339
COV	[455-455]	455	301
COV	[456-456]	456	319
COV	[457-457]	457	351
COV	[458-458]	458	363
COV	[459-459]	459	332
COV	[460-460]	460	326
COV	[461-461]	461	323
COV	[462-462]	462	330
COV	[463-463]	463	283
COV	[464-464]	464	318
COV	[465-465]	465	285
COV	[466-466]	466	322
COV	[467-467]	467	298
COV	[468-468]	468	305
COV	[469-469]	469	290
COV	[470-470]	470	315
COV	[471-471]	471	289
COV	[472-472]	472	296
COV	[473-473]	473	283
COV	[474-474]	474	318
COV	[475-475]	475	305
COV	[476-476]	476	331
COV	[477-477]	477	286
COV	[478-478]	478	301
COV	[479-479]	479	233
COV	[480-480]	480	301
COV	[481-481]	481	284
COV	[482-482]	482	292
COV	[483-483]	483	277
COV	[484-484]	484	295
COV	[485-485]	485	264
COV	[486-486]	486	261
COV	[487-487]	487	261
COV	[488-488]	488	256
COV	[489-489]	489	287
COV	[490-490]	490	264
COV	[491-491]	491	248
COV	[492-492]	492	239
COV	[493-493]	493	218
COV	[494-494]	494	266
COV	[495-495]	495	224
COV	[496-496]	496	241
COV	[497-497]	497	227
COV	[498-498]	498	212
COV	[499-499]	499	269
COV	[500-500]	500	251
COV	[501-501]	501	268
COV	[502-502]	502	256
COV	[503-503]	503	242
COV	[504-504]	504	225
COV	[505-505]	505	216
COV	[506-506]	506	226
COV	[507-507]	507	190
COV	[508-508]	508	248
COV	[509-509]	509	238
COV	[510-510]	510	230
COV	[511-511]	511	218
COV	[512-512]	512	218
COV	[513-513]	513	203
COV	[514-514]	514	221
COV	[515-515]	515	207
COV	[516-516]	516	230
COV	[517-517]	517	206
COV	[518-518]	518	196
COV	[519-519]	519	188
COV	[520-520]	520	186
COV	[521-521]	521	185
COV	[522-522]	522	178
COV	[523-523]	523	187
COV	[524-524]	524	187
COV	[525-525]	525	200
COV	[526-526]	526	232
COV	[527-527]	527	182
COV	[528-528]	528	185
COV	[529-529]	529	197
COV	[530-530]	530	179
COV	[531-531]	531	194
COV	[532-532]	532	175
COV	[533-533]	533	198
COV	[534-534]	534	172
COV	[535-535]	535	171
COV	[536-536]	536	160
COV	[537-537]	537	175
COV	[538-538]	538	166
COV	[539-539]	539	203
COV	[540-540]	540	135
COV	[541-541]	541	158
COV	[542-542]	542	160
COV	[543-543]	543	143
COV	[544-544]	544	149
COV	[545-545]	545	143
COV	[546-546]	546	166
COV	[547-547]	547	153
COV	[548-548]	548	151
COV	[549-549]	549	172
COV	[550-550]	550	173
COV	[551-551]	551	165
COV	[552-552]	552	119
COV	[553-553]	553	135
COV	[554-554]	554	130
COV	[555-555]	555	144
COV	[556-556]	556	124
COV	[557-557]	557	132
COV	[558-558]	558	123
COV	[559-559]	559	161
COV	[560-560]	560	103
COV	[561-561]	561	134
COV	[562-562]	562	161
COV	[563-563]	563	158
COV	[564-564]	564	144
COV	[565-565]	565	148
COV	[566-566]	566	125
COV	[567-567]	567	159
COV	[568-568]	568	118
COV	[569-569]	569	112
COV	[570-570]	570	140
COV	[571-571]	571	106
COV	[572-572]	572	147
COV	[573-573]	573	143
COV	[574-574]	574	128
COV	[575-575]	575	136
COV	[576-576]	576	136
COV	[577-577]	577	151
COV	[578-578]	578	145
COV	[579-579]	579	132
COV	[580-580]	580	115
COV	[581-581]	581	106
COV	[582-582]	582	115
COV	[583-583]	583	98
COV	[584-584]	584	131
COV	[585-585]	585	133
COV	[586-586]	586	106
COV	[587-587]	587	135
COV	[588-588]	588	125
COV	[589-589]	589	99
COV	[590-590]	590	124
COV	[591-591]	591	107
COV	[592-592]	592	110
COV	[593-593]	593	111
COV	[594-594]	594	107
COV	[595-595]	595	107
COV	[596-596]	596	122
COV	[597-597]	597	119
COV	[598-598]	598	106
COV	[599-599]	599	123
COV	[600-600]	600	98
COV	[601-601]	601	87
COV	[602-602]	602	95
COV	[603-603]	603	103
COV	[604-604]	604	102
COV	[605-605]	605	99
COV	[606-606]	606	82
COV	[607-607]	607	94
COV	[608-608]	608	98
COV	[609-609]	609	102
COV	[610-610]	610	81
COV	[611-611]	611	87
COV	[612-612]	612	100
COV	[613-613]	613	86
COV	[614-614]	614	97
COV	[615-615]	615	90
COV	[616-616]	616	88
COV	[617-617]	617	83
COV	[618-618]	618	73
COV	[619-619]	619	85
COV	[620-620]	620	80
COV	[621-621]	621	91
COV	[622-622]	622	100
COV	[623-623]	623	98
COV	[624-624]	624	87
COV	[625-625]	625	70
COV	[626-626]	626	85
COV	[627-627]	627	83
COV	[628-628]	628	87
COV	[629-629]	629	76
COV	[630-630]	630	92
COV	[631-631]	631	69
COV	[632-632]	632	80
COV	[633-633]	633	67
COV	[634-634]	634	80
COV	[635-635]	635	74
COV	[636-636]	636	69
COV	[637-637]	637	89
COV	[638-638]	638	76
COV	[639-639]	639	74
COV	[640-640]	640	69
COV	[641-641]	641	87
COV	[642-642]	642	77
COV	[643-643]	643	57
COV	[644-644]	644	64
COV	[645-645]	645	75
COV	[646-646]	646	65
COV	[647-647]	647	81
COV	[648-648]	648	99
COV	[649-649]	649	83
COV	[650-650]	650	76
COV	[651-651]	651	85
COV	[652-652]	652	68
COV	[653-653]	653	94
COV	[654-654]	654	75
COV	[655-655]	655	70
COV	[656-656]	656	76
COV	[657-657]	657	76
COV	[658-658]	658	73
COV	[659-659]	659	62
COV	[660-660]	660	87
COV	[661-661]	661	75
COV	[662-662]	662	82
COV	[663-663]	663	77
COV	[664-664]	664	79
COV	[665-665]	665	70
COV	[666-666]	666	74
COV	[667-667]	667	65
COV	[668-668]	668	61
COV	[669-669]	669	51
COV	[670-670]	670	45
COV	[671-671]	671	58
COV	[672-672]	672	59
COV	[673-673]	673	69
COV	[674-674]	674	55
COV	[675-675]	675	51
COV	[676-676]	676	59
COV	[677-677]	677	65
COV	[678-678]	678	58
COV	[679-679]	679	65
COV	[680-680]	680	67
COV	[681-681]	681	61
COV	[682-682]	682	48
COV	[683-683]	683	61
COV	[684-684]	684	47
COV	[685-685]	685	54
COV	[686-686]	686	59
COV	[687-687]	687	53
COV	[688-688]	688	55
COV	[689-689]	689	55
COV	[690-690]	690	67
COV	[691-691]	691	53
COV	[692-692]	692	43
COV	[693-693]	693	50
COV	[694-694]	694	55
COV	[695-695]	695	45
COV	[696-696]	696	56
COV	[697-697]	697	50
COV	[698-698]	698	44
COV	[699-699]	699	59
COV	[700-700]	700	44
COV	[701-701]	701	59
COV	[702-702]	702	39
COV	[703-703]	703	58
COV	[704-704]	704	53
COV	[705-705]	705	48
COV	[706-706]	706	35
COV	[707-707]	707	38
COV	[708-708]	708	38
COV	[709-709]	709	41
COV	[710-710]	710	50
COV	[711-711]	711	48
COV	[712-712]	712	55
COV	[713-713]	713	54
COV	[714-714]	714	58
COV	[715-715]	715	46
COV	[716-716]	716	32
COV	[717-717]	717	48
COV	[718-718]	718	53
COV	[719-719]	719	37
COV	[720-720]	720	45
COV	[721-721]	721	45
COV	[722-722]	722	50
COV	[723-723]	723	34
COV	[724-724]	724	56
COV	[725-725]	725	63
COV	[726-726]	726	38
COV	[727-727]	727	37
COV	[728-728]	728	56
COV	[729-729]	729	34
COV	[730-730]	730	43
COV	[731-731]	731	44
COV	[732-732]	732	38
COV	[733-733]	733	45
COV	[734-734]	734	37
COV	[735-735]	735	37
COV	[736-736]	736	43
COV	[737-737]	737	37
COV	[738-738]	738	29
COV	[739-739]	739	32
COV	[740-740]	740	38
COV	[741-741]	741	38
COV	[742-742]	742	45
COV	[743-743]	743	38
COV	[744-744]	744	37
COV	[745-745]	745	26
COV	[746-746]	746	33
COV	[747-747]	747	34
COV	[748-748]	748	35
COV	[749-749]	749	28
COV	[750-750]	750	26
COV	[751-751]	751	39
COV	[752-752]	752	31
COV	[753-753]	753	27
COV	[754-754]	754	43
COV	[755-755]	755	28
COV	[756-756]	756	37
COV	[757-757]	757	21
COV	[758-758]	758	30
COV	[759-759]	759	29
COV	[760-760]	760	24
COV	[761-761]	761	26
COV	[762-762]	762	34
COV	[763-763]	763	24
COV	[764-764]	764	30
COV	[765-765]	765	32
COV	[766-766]	766	26
COV	[767-767]	767	20
COV	[768-768]	768	26
COV	[769-769]	769	15
COV	[770-770]	770	26
COV	[771-771]	771	18
COV	[772-772]	772	20
COV	[773-773]	773	28
COV	[774-774]	774	25
COV	[775-775]	775	18
COV	[776-776]	776	21
COV	[777-777]	777	19
COV	[778-778]	778	32
COV	[779-779]	779	34
COV	[780-780]	780	23
COV	[781-781]	781	27
COV	[782-782]	782	20
COV	[783-783]	783	28
COV	[784-784]	784	16
COV	[785-785]	785	26
COV	[786-786]	786	20
COV	[787-787]	787	25
COV	[788-788]	788	9
COV	[789-789]	789	30
COV	[790-790]	790	28
COV	[791-791]	791	22
COV	[792-792]	792	21
COV	[793-793]	793	27
COV	[794-794]	794	32
COV	[795-795]	795	24
COV	[796-796]	796	21
COV	[797-797]	797	19
COV	[798-798]	798	38
COV	[799-799]	799	17
COV	[800-800]	800	22
COV	[801-801]	801	19
COV	[802-802]	802	12
COV	[803-803]	803	23
COV	[804-804]	804	22
COV	[805-805]	805	23
COV	[806-806]	806	20
COV	[807-807]	807	15
COV	[808-808]	808	27
COV	[809-809]	809	16
COV	[810-810]	810	19
COV	[811-811]	811	29
COV	[812-812]	812	19
COV	[813-813]	813	20
COV	[814-814]	814	13
COV	[815-815]	815	12
COV	[816-816]	816	31
COV	[817-817]	817	15
COV	[818-818]	818	14
COV	[819-819]	819	11
COV	[820-820]	820	20
COV	[821-821]	821	19
COV	[822-822]	822	9
COV	[823-823]	823	16
COV	[824-824]	824	18
COV	[825-825]	825	24
COV	[826-826]	826	18
COV	[827-827]	827	17
COV	[828-828]	828	18
COV	[829-829]	829	13
COV	[830-830]	830	18
COV	[831-831]	831	14
COV	[832-832]	832	17
COV	[833-833]	833	14
COV	[834-834]	834	12
COV	[835-835]	835	21
COV	[836-836]	836	27
COV	[837-837]	837	12
COV	[838-838]	838	13
COV	[839-839]	839	12
COV	[840-840]	840	20
COV	[841-841]	841	14
COV	[842-842]	842	14
COV	[843-843]	843	11
COV	[844-844]	844	17
COV	[845-845]	845	19
COV	[846-846]	846	17
COV	[847-847]	847	26
COV	[848-848]	848	16
COV	[849-849]	849	21
COV	[850-850]	850	19
COV	[851-851]	851	14
COV	[852-852]	852	18
COV	[853-853]	853	8
COV	[854-854]	854	17
COV	[855-855]	855	16
COV	[856-856]	856	8
COV	[857-857]	857	14
COV	[858-858]	858	22
COV	[859-859]	859	13
COV	[860-860]	860	14
COV	[861-861]	861	17
COV	[862-862]	862	17
COV	[863-863]	863	7
COV	[864-864]	864	13
COV	[865-865]	865	8
COV	[866-866]	866	13
COV	[867-867]	867	13
COV	[868-868]	868	9
COV	[869-869]	869	8
COV	[870-870]	870	12
COV	[871-871]	871	11
COV	[872-872]	872	15
COV	[873-873]	873	9
COV	[874-874]	874	10
COV	[875-875]	875	7
COV	[876-876]	876	8
COV	[877-877]	877	14
COV	[878-878]	878	6
COV	[879-879]	879	9
COV	[880-880]	880	14
COV	[881-881]	881	13
COV	[882-882]	882	11
COV	[883-883]	883	14
COV	[884-884]	884	13
COV	[885-885]	885	11
COV	[886-886]	886	13
COV	[887-887]	887	17
COV	[888-888]	888	12
COV	[889-889]	889	7
COV	[890-890]	890	10
COV	[891-891]	891	12
COV	[892-892]	892	12
COV	[893-893]	893	8
COV	[894-894]	894	7
COV	[895-895]	895	11
COV	[896-896]	896	14
COV	[897-897]	897	8
COV	[898-898]	898	8
COV	[899-899]	899	9
COV	[900-900]	900	13
COV	[901-901]	901	12
COV	[902-902]	902	12
COV	[903-903]	903	11
COV	[904-904]	904	11
COV	[905-905]	905	12
COV	[906-906]	906	13
COV	[907-907]	907	6
COV	[908-908]	908	7
COV	[909-909]	909	4
COV	[910-910]	910	9
COV	[911-911]	911	9
COV	[912-912]	912	9
COV	[913-913]	913	8
COV	[914-914]	914	8
COV	[915-915]	915	10
COV	[916-916]	916	7
COV	[917-917]	917	9
COV	[918-918]	918	6
COV	[919-919]	919	9
COV	[920-920]	920	9
COV	[921-921]	921	6
COV	[922-922]	922	11
COV	[923-923]	923	9
COV	[924-924]	924	9
COV	[925-925]	925	8
COV	[926-926]	926	10
COV	[927-927]	927	5
COV	[928-928]	928	6
COV	[929-929]	929	5
COV	[930-930]	930	4
COV	[931-931]	931	10
COV	[932-932]	932	5
COV	[933-933]	933	7
COV	[934-934]	934	10
COV	[935-935]	935	6
COV	[936-936]	936	5
COV	[937-937]	937	10
COV	[938-938]	938	6
COV	[939-939]	939	7
COV	[940-940]	940	3
COV	[941-941]	941	4
COV	[942-942]	942	5
COV	[943-943]	943	6
COV	[944-944]	944	6
COV	[945-945]	945	3
COV	[946-946]	946	8
COV	[947-947]	947	9
COV	[948-948]	948	9
COV	[949-949]	949	4
COV	[950-950]	950	3
COV	[951-951]	951	8
COV	[952-952]	952	11
COV	[953-953]	953	8
COV	[954-954]	954	3
COV	[955-955]	955	8
COV	[956-956]	956	12
COV	[957-957]	957	4
COV	[958-958]	958	9
COV	[959-959]	959	7
COV	[960-960]	960	7
COV	[961-961]	961	6
COV	[962-962]	962	4
COV	[963-963]	963	3
COV	[964-964]	964	8
COV	[965-965]	965	2
COV	[966-966]	966	3
COV	[967-967]	967	2
COV	[968-968]	968	3
COV	[969-969]	969	3
COV	[970-970]	970	3
COV	[971-971]	971	4
COV	[972-972]	972	3
COV	[973-973]	973	4
COV	[974-974]	974	9
COV	[975-975]	975	2
COV	[976-976]	976	6
COV	[977-977]	977	1
COV	[978-978]	978	7
COV	[979-979]	979	4
COV	[980-980]	980	7
COV	[981-981]	981	9
COV	[982-982]	982	5
COV	[983-983]	983	6
COV	[984-984]	984	2
COV	[985-985]	985	3
COV	[986-986]	986	4
COV	[987-987]	987	3
COV	[988-988]	988	4
COV	[989-989]	989	2
COV	[990-990]	990	4
COV	[991-991]	991	5
COV	[992-992]	992	5
COV	[993-993]	993	5
COV	[994-994]	994	5
COV	[995-995]	995	3
COV	[996-996]	996	3
COV	[997-997]	997	2
COV	[998-998]	998	2
COV	[999-999]	999	2
COV	[1000-1000]	1000	7
COV	[1000<]	1000	1012
# GC-depth. Use `grep ^GCD | cut -f 2-` to extract this part. The columns are: GC%, unique sequence percentiles, 10th, 25th, 50th, 75th and 90th depth percentile
GCD	0.0	0.003	0.000	0.000	0.000	0.000	0.000
GCD	9.0	0.005	0.006	0.006	0.006	0.006	0.006
GCD	10.0	0.007	0.006	0.006	0.006	0.006	0.006
GCD	11.0	0.008	0.006	0.006	0.006	0.006	0.006
GCD	13.0	0.010	0.006	0.006	0.006	0.006	0.006
GCD	15.0	0.013	0.006	0.006	0.006	0.013	0.013
GCD	16.0	0.015	0.006	0.006	0.006	0.006	0.006
GCD	17.0	0.018	0.013	0.013	0.013	0.019	0.019
GCD	18.0	0.023	0.006	0.006	0.107	0.189	0.189
GCD	19.0	0.031	0.006	0.006	0.006	0.032	0.050
GCD	20.0	0.041	0.006	0.006	0.006	0.013	0.019
GCD	21.0	0.046	0.006	0.006	0.006	0.006	0.006
GCD	22.0	0.054	0.006	0.006	0.006	0.006	0.013
GCD	23.0	0.066	0.006	0.006	0.006	0.013	0.019
GCD	24.0	0.081	0.003	0.006	0.006	0.019	0.038
GCD	25.0	0.106	0.006	0.006	0.006	0.013	0.032
GCD	26.0	0.135	0.006	0.006	0.006	0.044	0.132
GCD	27.0	0.172	0.006	0.006	0.025	0.076	0.088
GCD	28.0	0.221	0.006	0.006	0.032	0.082	0.126
GCD	29.0	0.309	0.006	0.006	0.032	0.082	0.265
GCD	30.0	0.413	0.006	0.032	0.088	0.195	0.283
GCD	31.0	0.599	0.006	0.032	0.113	0.277	0.510
GCD	32.0	0.980	0.016	0.063	0.183	0.428	0.753
GCD	33.0	1.569	0.032	0.139	0.309	0.731	1.550
GCD	34.0	2.861	0.088	0.192	0.472	1.178	2.202
GCD	35.0	5.854	0.170	0.397	1.326	2.318	2.769
GCD	36.0	12.638	0.271	0.914	2.104	2.580	2.989
GCD	37.0	24.971	0.466	1.695	2.325	2.759	3.169
GCD	38.0	41.331	0.680	1.874	2.410	2.870	3.339
GCD	39.0	58.169	0.888	1.903	2.457	2.986	3.600
GCD	40.0	71.440	0.876	1.890	2.495	3.178	3.947
GCD	41.0	81.067	0.668	1.884	2.570	3.418	4.489
GCD	42.0	87.448	0.523	1.896	2.718	3.856	5.194
GCD	43.0	91.580	0.321	1.808	2.961	4.429	6.174
GCD	44.0	94.372	0.265	1.931	3.251	4.986	6.842
GCD	45.0	96.041	0.107	1.361	3.118	5.059	7.163
GCD	46.0	97.249	0.076	1.065	3.619	5.840	8.177
GCD	47.0	98.058	0.069	0.712	3.553	5.777	8.294
GCD	48.0	98.558	0.025	0.290	3.427	6.376	8.703
GCD	49.0	98.929	0.025	0.403	3.818	6.429	9.085
GCD	50.0	99.208	0.019	0.132	3.197	6.001	9.702
GCD	51.0	99.406	0.019	0.176	3.815	5.664	9.337
GCD	52.0	99.526	0.006	0.032	0.945	4.813	6.854
GCD	53.0	99.652	0.006	0.022	1.156	6.338	9.034
GCD	54.0	99.728	0.006	0.019	0.170	5.207	6.561
GCD	55.0	99.777	0.006	0.006	0.044	4.227	6.659
GCD	56.0	99.822	0.006	0.013	0.098	5.557	9.037
GCD	57.0	99.850	0.006	0.006	0.145	2.451	6.319
GCD	58.0	99.865	0.006	0.006	0.044	0.422	4.174
GCD	59.0	99.886	0.006	0.006	2.605	4.996	6.051
GCD	60.0	99.904	0.006	0.006	0.069	4.886	5.938
GCD	61.0	99.927	0.006	0.019	0.334	5.777	10.162
GCD	62.0	99.952	0.006	0.006	5.670	10.074	12.206
GCD	63.0	99.970	0.006	0.019	6.354	11.179	14.099
GCD	64.0	99.985	0.006	4.467	8.099	12.178	29.629
GCD	65.0	99.995	0.003	0.003	0.006	0.328	29.002
GCD	66.0	99.997	0.013	0.013	0.013	0.013	0.013
GCD	68.0	99.998	0.006	0.006	0.006	0.006	0.006
GCD	75.0	100.000	0.006	0.006	0.006	0.006	0.006
