# This file was produced by samtools stats (1.7+htslib-1.7) and can be plotted using plot-bamstats
# This file contains statistics for all reads.
# The command line was:  stats -t len.txt -i 2000 -@ 3 fabp-GFP-1-minus_S2_R1_001.sort.bam
# CHK, Checksum	[2]Read Names	[3]Sequences	[4]Qualities
# CHK, CRC32 of reads which passed filtering followed by addition (32bit overflow)
CHK	d5966302	beb3505c	25e9ca87
# Summary Numbers. Use `grep ^SN | cut -f 2-` to extract this part.
SN	raw total sequences:	24202118
SN	filtered sequences:	0
SN	sequences:	24202118
SN	is sorted:	1
SN	1st fragments:	12101059
SN	last fragments:	12101059
SN	reads mapped:	24202118
SN	reads mapped and paired:	24202118	# paired-end technology bit set + both mates mapped
SN	reads unmapped:	0
SN	reads properly paired:	24202118	# proper-pair bit set
SN	reads paired:	24202118	# paired-end technology bit set
SN	reads duplicated:	0	# PCR or optical duplicate bit set
SN	reads MQ0:	0	# mapped and MQ=0
SN	reads QC failed:	0
SN	non-primary alignments:	0
SN	total length:	1570374128	# ignores clipping
SN	bases mapped:	1570374128	# ignores clipping
SN	bases mapped (cigar):	1570374125	# more accurate
SN	bases trimmed:	0
SN	bases duplicated:	0
SN	mismatches:	32968709	# from NM fields
SN	error rate:	2.099417e-02	# mismatches / bases mapped (cigar)
SN	average length:	64
SN	maximum length:	76
SN	average quality:	31.5
SN	insert size average:	145.7
SN	insert size standard deviation:	58.8
SN	inward oriented pairs:	6384049
SN	outward oriented pairs:	0
SN	pairs with other orientation:	0
SN	pairs on different chromosomes:	0
# First Fragment Qualitites. Use `grep ^FFQ | cut -f 2-` to extract this part.
# Columns correspond to qualities and rows to cycles. First column is the cycle number.
FFQ	1	0	0	2059	0	0	0	0	0	0	0	0	0	0	0	837525	0	0	0	0	0	0	604485	0	0	0	0	0	45099	0	0	0	0	10611891	0	0	0	0	0	0	0	0	0
FFQ	2	0	0	122	0	0	0	0	0	0	0	0	0	0	0	882112	0	0	0	0	0	0	329573	0	0	0	0	0	8848	0	0	0	0	10880404	0	0	0	0	0	0	0	0	0
FFQ	3	0	0	3	0	0	0	0	0	0	0	0	0	0	0	797665	0	0	0	0	0	0	419409	0	0	0	0	0	7806	0	0	0	0	10876176	0	0	0	0	0	0	0	0	0
FFQ	4	0	0	0	0	0	0	0	0	0	0	0	0	0	0	694409	0	0	0	0	0	0	389205	0	0	0	0	0	6083	0	0	0	0	11011362	0	0	0	0	0	0	0	0	0
FFQ	5	0	0	0	0	0	0	0	0	0	0	0	0	0	0	804550	0	0	0	0	0	0	697947	0	0	0	0	0	11180	0	0	0	0	10587382	0	0	0	0	0	0	0	0	0
FFQ	6	0	0	2	0	0	0	0	0	0	0	0	0	0	0	1079770	0	0	0	0	0	0	761667	0	0	0	0	0	10994	0	0	0	0	1584057	0	0	0	8664569	0	0	0	0	0
FFQ	7	0	0	0	0	0	0	0	0	0	0	0	0	0	0	1059786	0	0	0	0	0	0	580887	0	0	0	0	0	32490	0	0	0	0	1592585	0	0	0	8835311	0	0	0	0	0
FFQ	8	0	0	3	0	0	0	0	0	0	0	0	0	0	0	1168553	0	0	0	0	0	0	490170	0	0	0	0	0	85679	0	0	0	0	1499000	0	0	0	8857654	0	0	0	0	0
FFQ	9	0	0	0	0	0	0	0	0	0	0	0	0	0	0	977438	0	0	0	0	0	0	405968	0	0	0	0	0	108835	0	0	0	0	1546081	0	0	0	9062737	0	0	0	0	0
FFQ	10	0	0	0	0	0	0	0	0	0	0	0	0	0	0	1158445	0	0	0	0	0	0	323935	0	0	0	0	0	144048	0	0	0	0	1507388	0	0	0	8967243	0	0	0	0	0
FFQ	11	0	0	0	0	0	0	0	0	0	0	0	0	0	0	973092	0	0	0	0	0	0	322149	0	0	0	0	0	91724	0	0	0	0	1350977	0	0	0	9363117	0	0	0	0	0
FFQ	12	0	0	0	0	0	0	0	0	0	0	0	0	0	0	1049141	0	0	0	0	0	0	329455	0	0	0	0	0	121749	0	0	0	0	1398189	0	0	0	9202525	0	0	0	0	0
FFQ	13	0	0	0	0	0	0	0	0	0	0	0	0	0	0	931725	0	0	0	0	0	0	313730	0	0	0	0	0	94657	0	0	0	0	1324694	0	0	0	9436253	0	0	0	0	0
FFQ	14	0	0	5	0	0	0	0	0	0	0	0	0	0	0	986213	0	0	0	0	0	0	325805	0	0	0	0	0	108870	0	0	0	0	1404074	0	0	0	9276092	0	0	0	0	0
FFQ	15	0	0	11	0	0	0	0	0	0	0	0	0	0	0	1032717	0	0	0	0	0	0	333673	0	0	0	0	0	93122	0	0	0	0	1369020	0	0	0	9272516	0	0	0	0	0
FFQ	16	0	0	0	0	0	0	0	0	0	0	0	0	0	0	1019848	0	0	0	0	0	0	336920	0	0	0	0	0	95883	0	0	0	0	1349054	0	0	0	9299354	0	0	0	0	0
FFQ	17	0	0	1	0	0	0	0	0	0	0	0	0	0	0	1004625	0	0	0	0	0	0	334636	0	0	0	0	0	94900	0	0	0	0	1344889	0	0	0	9322008	0	0	0	0	0
FFQ	18	0	0	0	0	0	0	0	0	0	0	0	0	0	0	1002801	0	0	0	0	0	0	328036	0	0	0	0	0	95158	0	0	0	0	1343107	0	0	0	9331957	0	0	0	0	0
FFQ	19	0	0	0	0	0	0	0	0	0	0	0	0	0	0	988966	0	0	0	0	0	0	316023	0	0	0	0	0	93313	0	0	0	0	1345682	0	0	0	9357075	0	0	0	0	0
FFQ	20	0	0	4	0	0	0	0	0	0	0	0	0	0	0	1017357	0	0	0	0	0	0	318284	0	0	0	0	0	98513	0	0	0	0	1366441	0	0	0	9300460	0	0	0	0	0
FFQ	21	0	0	0	0	0	0	0	0	0	0	0	0	0	0	1025653	0	0	0	0	0	0	304685	0	0	0	0	0	100432	0	0	0	0	1380113	0	0	0	9290176	0	0	0	0	0
FFQ	22	0	0	2	0	0	0	0	0	0	0	0	0	0	0	1048180	0	0	0	0	0	0	298608	0	0	0	0	0	103269	0	0	0	0	1400716	0	0	0	9250284	0	0	0	0	0
FFQ	23	0	0	0	0	0	0	0	0	0	0	0	0	0	0	1073460	0	0	0	0	0	0	276042	0	0	0	0	0	111154	0	0	0	0	1400705	0	0	0	9239698	0	0	0	0	0
FFQ	24	0	0	1	0	0	0	0	0	0	0	0	0	0	0	1083688	0	0	0	0	0	0	273830	0	0	0	0	0	112215	0	0	0	0	1412121	0	0	0	9219202	0	0	0	0	0
FFQ	25	0	0	3	0	0	0	0	0	0	0	0	0	0	0	1099640	0	0	0	0	0	0	262194	0	0	0	0	0	118096	0	0	0	0	1417215	0	0	0	9203903	0	0	0	0	0
FFQ	26	0	0	8	0	0	0	0	0	0	0	0	0	0	0	1208349	0	0	0	0	0	0	269321	0	0	0	0	0	120742	0	0	0	0	1419190	0	0	0	9083431	0	0	0	0	0
FFQ	27	0	0	13	0	0	0	0	0	0	0	0	0	0	0	1215273	0	0	0	0	0	0	259285	0	0	0	0	0	121028	0	0	0	0	1426645	0	0	0	9078788	0	0	0	0	0
FFQ	28	0	0	9	0	0	0	0	0	0	0	0	0	0	0	1229871	0	0	0	0	0	0	236564	0	0	0	0	0	129945	0	0	0	0	1422519	0	0	0	9082113	0	0	0	0	0
FFQ	29	0	0	6	0	0	0	0	0	0	0	0	0	0	0	1264254	0	0	0	0	0	0	227437	0	0	0	0	0	136066	0	0	0	0	1433294	0	0	0	9039946	0	0	0	0	0
FFQ	30	0	0	1	0	0	0	0	0	0	0	0	0	0	0	1280569	0	0	0	0	0	0	219149	0	0	0	0	0	145622	0	0	0	0	1439285	0	0	0	9016320	0	0	0	0	0
FFQ	31	0	0	84	0	0	0	0	0	0	0	0	0	0	0	1284681	0	0	0	0	0	0	211497	0	0	0	0	0	148030	0	0	0	0	1432188	0	0	0	9024335	0	0	0	0	0
FFQ	32	0	0	193	0	0	0	0	0	0	0	0	0	0	0	1320582	0	0	0	0	0	0	209106	0	0	0	0	0	150312	0	0	0	0	1435183	0	0	0	8985160	0	0	0	0	0
FFQ	33	0	0	334	0	0	0	0	0	0	0	0	0	0	0	1361545	0	0	0	0	0	0	214508	0	0	0	0	0	161643	0	0	0	0	1455665	0	0	0	8905442	0	0	0	0	0
FFQ	34	0	0	567	0	0	0	0	0	0	0	0	0	0	0	1403394	0	0	0	0	0	0	207371	0	0	0	0	0	171290	0	0	0	0	1480321	0	0	0	8834205	0	0	0	0	0
FFQ	35	0	0	1988	0	0	0	0	0	0	0	0	0	0	0	1404676	0	0	0	0	0	0	201993	0	0	0	0	0	171938	0	0	0	0	1482996	0	0	0	8831343	0	0	0	0	0
FFQ	36	0	0	3	0	0	0	0	0	0	0	0	0	0	0	1462286	0	0	0	0	0	0	202376	0	0	0	0	0	184364	0	0	0	0	1497165	0	0	0	8684179	0	0	0	0	0
FFQ	37	0	0	5	0	0	0	0	0	0	0	0	0	0	0	1450111	0	0	0	0	0	0	189154	0	0	0	0	0	188610	0	0	0	0	1481089	0	0	0	8627056	0	0	0	0	0
FFQ	38	0	0	2	0	0	0	0	0	0	0	0	0	0	0	1446171	0	0	0	0	0	0	191865	0	0	0	0	0	198255	0	0	0	0	1448021	0	0	0	8541144	0	0	0	0	0
FFQ	39	0	0	2	0	0	0	0	0	0	0	0	0	0	0	1508855	0	0	0	0	0	0	197928	0	0	0	0	0	226837	0	0	0	0	1461094	0	0	0	8306800	0	0	0	0	0
FFQ	40	0	0	6	0	0	0	0	0	0	0	0	0	0	0	1492380	0	0	0	0	0	0	192239	0	0	0	0	0	232224	0	0	0	0	1437114	0	0	0	8190926	0	0	0	0	0
FFQ	41	0	0	2	0	0	0	0	0	0	0	0	0	0	0	1485236	0	0	0	0	0	0	190075	0	0	0	0	0	236713	0	0	0	0	1413501	0	0	0	8042190	0	0	0	0	0
FFQ	42	0	0	2	0	0	0	0	0	0	0	0	0	0	0	1497487	0	0	0	0	0	0	197242	0	0	0	0	0	255186	0	0	0	0	1391635	0	0	0	7842417	0	0	0	0	0
FFQ	43	0	0	12	0	0	0	0	0	0	0	0	0	0	0	1507105	0	0	0	0	0	0	204823	0	0	0	0	0	278969	0	0	0	0	1384371	0	0	0	7611712	0	0	0	0	0
FFQ	44	0	0	17	0	0	0	0	0	0	0	0	0	0	0	1499683	0	0	0	0	0	0	212819	0	0	0	0	0	306297	0	0	0	0	1381331	0	0	0	7370258	0	0	0	0	0
FFQ	45	0	0	15	0	0	0	0	0	0	0	0	0	0	0	1496962	0	0	0	0	0	0	214913	0	0	0	0	0	322921	0	0	0	0	1387262	0	0	0	7123835	0	0	0	0	0
FFQ	46	0	0	8	0	0	0	0	0	0	0	0	0	0	0	1508093	0	0	0	0	0	0	224183	0	0	0	0	0	342491	0	0	0	0	1370762	0	0	0	6885788	0	0	0	0	0
FFQ	47	0	0	14	0	0	0	0	0	0	0	0	0	0	0	1508289	0	0	0	0	0	0	226115	0	0	0	0	0	354937	0	0	0	0	1362973	0	0	0	6688411	0	0	0	0	0
FFQ	48	0	0	12	0	0	0	0	0	0	0	0	0	0	0	1487503	0	0	0	0	0	0	221308	0	0	0	0	0	344864	0	0	0	0	1357908	0	0	0	6564358	0	0	0	0	0
FFQ	49	0	0	17	0	0	0	0	0	0	0	0	0	0	0	1453073	0	0	0	0	0	0	206881	0	0	0	0	0	339128	0	0	0	0	1368929	0	0	0	6458088	0	0	0	0	0
FFQ	50	0	0	7	0	0	0	0	0	0	0	0	0	0	0	1463898	0	0	0	0	0	0	204542	0	0	0	0	0	345943	0	0	0	0	1378519	0	0	0	6277111	0	0	0	0	0
FFQ	51	0	0	3	0	0	0	0	0	0	0	0	0	0	0	1463357	0	0	0	0	0	0	206752	0	0	0	0	0	355801	0	0	0	0	1371542	0	0	0	6103414	0	0	0	0	0
FFQ	52	0	0	1	0	0	0	0	0	0	0	0	0	0	0	1477161	0	0	0	0	0	0	206435	0	0	0	0	0	367568	0	0	0	0	1384197	0	0	0	5890937	0	0	0	0	0
FFQ	53	0	0	0	0	0	0	0	0	0	0	0	0	0	0	1458418	0	0	0	0	0	0	206447	0	0	0	0	0	381009	0	0	0	0	1380728	0	0	0	5724106	0	0	0	0	0
FFQ	54	0	0	0	0	0	0	0	0	0	0	0	0	0	0	1446023	0	0	0	0	0	0	203291	0	0	0	0	0	392975	0	0	0	0	1410183	0	0	0	5515889	0	0	0	0	0
FFQ	55	0	0	1	0	0	0	0	0	0	0	0	0	0	0	1476538	0	0	0	0	0	0	209648	0	0	0	0	0	413554	0	0	0	0	1428305	0	0	0	5259802	0	0	0	0	0
FFQ	56	0	0	1	0	0	0	0	0	0	0	0	0	0	0	1456432	0	0	0	0	0	0	207871	0	0	0	0	0	436963	0	0	0	0	1455319	0	0	0	5061714	0	0	0	0	0
FFQ	57	0	0	1	0	0	0	0	0	0	0	0	0	0	0	1468794	0	0	0	0	0	0	205694	0	0	0	0	0	456260	0	0	0	0	1473545	0	0	0	4860057	0	0	0	0	0
FFQ	58	0	0	1	0	0	0	0	0	0	0	0	0	0	0	1474419	0	0	0	0	0	0	206267	0	0	0	0	0	467393	0	0	0	0	1474990	0	0	0	4710042	0	0	0	0	0
FFQ	59	0	0	3	0	0	0	0	0	0	0	0	0	0	0	1505578	0	0	0	0	0	0	216147	0	0	0	0	0	508604	0	0	0	0	1495130	0	0	0	4490194	0	0	0	0	0
FFQ	60	0	0	19	0	0	0	0	0	0	0	0	0	0	0	1516437	0	0	0	0	0	0	222865	0	0	0	0	0	532664	0	0	0	0	1505004	0	0	0	4318850	0	0	0	0	0
FFQ	61	0	0	5	0	0	0	0	0	0	0	0	0	0	0	1519223	0	0	0	0	0	0	222493	0	0	0	0	0	536178	0	0	0	0	1479506	0	0	0	4212140	0	0	0	0	0
FFQ	62	0	0	7	0	0	0	0	0	0	0	0	0	0	0	1509576	0	0	0	0	0	0	218680	0	0	0	0	0	541789	0	0	0	0	1486215	0	0	0	4081329	0	0	0	0	0
FFQ	63	0	0	7	0	0	0	0	0	0	0	0	0	0	0	1539713	0	0	0	0	0	0	225576	0	0	0	0	0	556926	0	0	0	0	1485000	0	0	0	3888898	0	0	0	0	0
FFQ	64	0	0	16	0	0	0	0	0	0	0	0	0	0	0	1516017	0	0	0	0	0	0	224584	0	0	0	0	0	560462	0	0	0	0	1459754	0	0	0	3791191	0	0	0	0	0
FFQ	65	0	0	41	0	0	0	0	0	0	0	0	0	0	0	1505894	0	0	0	0	0	0	220151	0	0	0	0	0	545811	0	0	0	0	1430685	0	0	0	3700549	0	0	0	0	0
FFQ	66	0	0	25	0	0	0	0	0	0	0	0	0	0	0	1482787	0	0	0	0	0	0	213726	0	0	0	0	0	536419	0	0	0	0	1401512	0	0	0	3626474	0	0	0	0	0
FFQ	67	0	0	17	0	0	0	0	0	0	0	0	0	0	0	1475554	0	0	0	0	0	0	210384	0	0	0	0	0	541686	0	0	0	0	1381918	0	0	0	3521559	0	0	0	0	0
FFQ	68	0	0	6	0	0	0	0	0	0	0	0	0	0	0	1463079	0	0	0	0	0	0	202303	0	0	0	0	0	543735	0	0	0	0	1371340	0	0	0	3452518	0	0	0	0	0
FFQ	69	0	0	9	0	0	0	0	0	0	0	0	0	0	0	1464901	0	0	0	0	0	0	197582	0	0	0	0	0	539433	0	0	0	0	1363590	0	0	0	3377806	0	0	0	0	0
FFQ	70	0	0	8	0	0	0	0	0	0	0	0	0	0	0	1452502	0	0	0	0	0	0	196578	0	0	0	0	0	537808	0	0	0	0	1341819	0	0	0	3332996	0	0	0	0	0
FFQ	71	0	0	14	0	0	0	0	0	0	0	0	0	0	0	1450434	0	0	0	0	0	0	197714	0	0	0	0	0	542741	0	0	0	0	1332407	0	0	0	3248166	0	0	0	0	0
FFQ	72	0	0	8	0	0	0	0	0	0	0	0	0	0	0	1453875	0	0	0	0	0	0	195512	0	0	0	0	0	550441	0	0	0	0	1324002	0	0	0	3151103	0	0	0	0	0
FFQ	73	0	0	20	0	0	0	0	0	0	0	0	0	0	0	1423832	0	0	0	0	0	0	195074	0	0	0	0	0	545130	0	0	0	0	1292316	0	0	0	3061489	0	0	0	0	0
FFQ	74	0	0	24	0	0	0	0	0	0	0	0	0	0	0	1419006	0	0	0	0	0	0	195367	0	0	0	0	0	534635	0	0	0	0	1258266	0	0	0	2902453	0	0	0	0	0
FFQ	75	0	0	13	0	0	0	0	0	0	0	0	0	0	0	1351712	0	0	0	0	0	0	182885	0	0	0	0	0	498879	0	0	0	0	1154741	0	0	0	2667077	0	0	0	0	0
FFQ	76	0	0	7	0	0	0	0	0	0	0	0	0	0	0	1321058	0	0	0	0	0	0	128975	0	0	0	0	0	383492	0	0	0	0	900437	0	0	0	1827105	0	0	0	0	0
FFQ	77	0	0	0	0	0	0	0	0	0	0	0	0	0	0	0	0	0	0	0	0	0	0	0	0	0	0	0	0	0	0	0	0	0	0	0	0	0	0	0	0	0	0
# Last Fragment Qualitites. Use `grep ^LFQ | cut -f 2-` to extract this part.
# Columns correspond to qualities and rows to cycles. First column is the cycle number.
LFQ	1	0	0	1324	0	0	0	0	0	0	0	0	0	0	0	1259015	0	0	0	0	0	0	465543	0	0	0	0	0	24432	0	0	0	0	10350745	0	0	0	0	0	0	0	0	0
LFQ	2	0	0	137	0	0	0	0	0	0	0	0	0	0	0	1319279	0	0	0	0	0	0	392219	0	0	0	0	0	19433	0	0	0	0	10369991	0	0	0	0	0	0	0	0	0
LFQ	3	0	0	42	0	0	0	0	0	0	0	0	0	0	0	1195360	0	0	0	0	0	0	426115	0	0	0	0	0	45206	0	0	0	0	10434336	0	0	0	0	0	0	0	0	0
LFQ	4	0	0	4	0	0	0	0	0	0	0	0	0	0	0	1180711	0	0	0	0	0	0	318344	0	0	0	0	0	117331	0	0	0	0	10484669	0	0	0	0	0	0	0	0	0
LFQ	5	0	0	0	0	0	0	0	0	0	0	0	0	0	0	1403892	0	0	0	0	0	0	251298	0	0	0	0	0	193847	0	0	0	0	10252022	0	0	0	0	0	0	0	0	0
LFQ	6	0	0	0	0	0	0	0	0	0	0	0	0	0	0	1418457	0	0	0	0	0	0	243170	0	0	0	0	0	188651	0	0	0	0	1278989	0	0	0	8971792	0	0	0	0	0
LFQ	7	0	0	0	0	0	0	0	0	0	0	0	0	0	0	1401879	0	0	0	0	0	0	239590	0	0	0	0	0	236598	0	0	0	0	1331817	0	0	0	8891175	0	0	0	0	0
LFQ	8	0	0	0	0	0	0	0	0	0	0	0	0	0	0	1515651	0	0	0	0	0	0	238610	0	0	0	0	0	240130	0	0	0	0	1340887	0	0	0	8765781	0	0	0	0	0
LFQ	9	0	0	2	0	0	0	0	0	0	0	0	0	0	0	1326722	0	0	0	0	0	0	221822	0	0	0	0	0	263720	0	0	0	0	1443371	0	0	0	8845422	0	0	0	0	0
LFQ	10	0	0	0	0	0	0	0	0	0	0	0	0	0	0	1482749	0	0	0	0	0	0	210455	0	0	0	0	0	286222	0	0	0	0	1438692	0	0	0	8682941	0	0	0	0	0
LFQ	11	0	0	0	0	0	0	0	0	0	0	0	0	0	0	1359774	0	0	0	0	0	0	191308	0	0	0	0	0	233993	0	0	0	0	1356432	0	0	0	8959552	0	0	0	0	0
LFQ	12	0	0	0	0	0	0	0	0	0	0	0	0	0	0	1463567	0	0	0	0	0	0	215209	0	0	0	0	0	279012	0	0	0	0	1440187	0	0	0	8703084	0	0	0	0	0
LFQ	13	0	0	1	0	0	0	0	0	0	0	0	0	0	0	1381264	0	0	0	0	0	0	200773	0	0	0	0	0	247637	0	0	0	0	1405236	0	0	0	8866148	0	0	0	0	0
LFQ	14	0	0	0	0	0	0	0	0	0	0	0	0	0	0	1460146	0	0	0	0	0	0	206087	0	0	0	0	0	282542	0	0	0	0	1492294	0	0	0	8659990	0	0	0	0	0
LFQ	15	0	0	1	0	0	0	0	0	0	0	0	0	0	0	1535040	0	0	0	0	0	0	213433	0	0	0	0	0	276100	0	0	0	0	1459794	0	0	0	8616691	0	0	0	0	0
LFQ	16	0	0	1	0	0	0	0	0	0	0	0	0	0	0	1533495	0	0	0	0	0	0	215712	0	0	0	0	0	274657	0	0	0	0	1439037	0	0	0	8638157	0	0	0	0	0
LFQ	17	0	0	1	0	0	0	0	0	0	0	0	0	0	0	1519282	0	0	0	0	0	0	223330	0	0	0	0	0	276691	0	0	0	0	1428788	0	0	0	8652967	0	0	0	0	0
LFQ	18	0	0	0	0	0	0	0	0	0	0	0	0	0	0	1527643	0	0	0	0	0	0	218646	0	0	0	0	0	284494	0	0	0	0	1418921	0	0	0	8651355	0	0	0	0	0
LFQ	19	0	0	2	0	0	0	0	0	0	0	0	0	0	0	1500482	0	0	0	0	0	0	226332	0	0	0	0	0	297754	0	0	0	0	1405265	0	0	0	8671224	0	0	0	0	0
LFQ	20	0	0	0	0	0	0	0	0	0	0	0	0	0	0	1530333	0	0	0	0	0	0	235770	0	0	0	0	0	309090	0	0	0	0	1414604	0	0	0	8611262	0	0	0	0	0
LFQ	21	0	0	0	0	0	0	0	0	0	0	0	0	0	0	1539287	0	0	0	0	0	0	237583	0	0	0	0	0	310465	0	0	0	0	1438752	0	0	0	8574972	0	0	0	0	0
LFQ	22	0	0	0	0	0	0	0	0	0	0	0	0	0	0	1555299	0	0	0	0	0	0	240024	0	0	0	0	0	326998	0	0	0	0	1429933	0	0	0	8548805	0	0	0	0	0
LFQ	23	0	0	0	0	0	0	0	0	0	0	0	0	0	0	1555085	0	0	0	0	0	0	241393	0	0	0	0	0	328893	0	0	0	0	1416775	0	0	0	8558911	0	0	0	0	0
LFQ	24	0	0	2	0	0	0	0	0	0	0	0	0	0	0	1579077	0	0	0	0	0	0	252556	0	0	0	0	0	339759	0	0	0	0	1426538	0	0	0	8503125	0	0	0	0	0
LFQ	25	0	0	1	0	0	0	0	0	0	0	0	0	0	0	1575722	0	0	0	0	0	0	263227	0	0	0	0	0	355104	0	0	0	0	1422445	0	0	0	8484553	0	0	0	0	0
LFQ	26	0	0	115	0	0	0	0	0	0	0	0	0	0	0	1601803	0	0	0	0	0	0	265601	0	0	0	0	0	363102	0	0	0	0	1455244	0	0	0	8415175	0	0	0	0	0
LFQ	27	0	0	296	0	0	0	0	0	0	0	0	0	0	0	1627049	0	0	0	0	0	0	267891	0	0	0	0	0	367542	0	0	0	0	1474578	0	0	0	8363670	0	0	0	0	0
LFQ	28	0	0	0	0	0	0	0	0	0	0	0	0	0	0	1637928	0	0	0	0	0	0	268887	0	0	0	0	0	380182	0	0	0	0	1511001	0	0	0	8303011	0	0	0	0	0
LFQ	29	0	0	237	0	0	0	0	0	0	0	0	0	0	0	1652639	0	0	0	0	0	0	281129	0	0	0	0	0	405268	0	0	0	0	1528461	0	0	0	8233258	0	0	0	0	0
LFQ	30	0	0	3	0	0	0	0	0	0	0	0	0	0	0	1670795	0	0	0	0	0	0	294135	0	0	0	0	0	430710	0	0	0	0	1552840	0	0	0	8152445	0	0	0	0	0
LFQ	31	0	0	92	0	0	0	0	0	0	0	0	0	0	0	1673834	0	0	0	0	0	0	312386	0	0	0	0	0	451238	0	0	0	0	1540244	0	0	0	8122989	0	0	0	0	0
LFQ	32	0	0	201	0	0	0	0	0	0	0	0	0	0	0	1708027	0	0	0	0	0	0	321861	0	0	0	0	0	472987	0	0	0	0	1586697	0	0	0	8010661	0	0	0	0	0
LFQ	33	0	0	345	0	0	0	0	0	0	0	0	0	0	0	1711515	0	0	0	0	0	0	319230	0	0	0	0	0	495531	0	0	0	0	1657109	0	0	0	7915190	0	0	0	0	0
LFQ	34	0	0	798	0	0	0	0	0	0	0	0	0	0	0	1749870	0	0	0	0	0	0	319249	0	0	0	0	0	495033	0	0	0	0	1675029	0	0	0	7856859	0	0	0	0	0
LFQ	35	0	0	2091	0	0	0	0	0	0	0	0	0	0	0	1774321	0	0	0	0	0	0	321709	0	0	0	0	0	492334	0	0	0	0	1682297	0	0	0	7821674	0	0	0	0	0
LFQ	36	0	0	2	0	0	0	0	0	0	0	0	0	0	0	1761500	0	0	0	0	0	0	324178	0	0	0	0	0	516586	0	0	0	0	1697429	0	0	0	7729846	0	0	0	0	0
LFQ	37	0	0	74	0	0	0	0	0	0	0	0	0	0	0	1758721	0	0	0	0	0	0	326042	0	0	0	0	0	541117	0	0	0	0	1761704	0	0	0	7547448	0	0	0	0	0
LFQ	38	0	0	56	0	0	0	0	0	0	0	0	0	0	0	1769312	0	0	0	0	0	0	325815	0	0	0	0	0	554622	0	0	0	0	1825580	0	0	0	7349151	0	0	0	0	0
LFQ	39	0	0	14	0	0	0	0	0	0	0	0	0	0	0	1762843	0	0	0	0	0	0	324646	0	0	0	0	0	565057	0	0	0	0	1817082	0	0	0	7230801	0	0	0	0	0
LFQ	40	0	0	41	0	0	0	0	0	0	0	0	0	0	0	1765655	0	0	0	0	0	0	319928	0	0	0	0	0	586181	0	0	0	0	1875119	0	0	0	6996849	0	0	0	0	0
LFQ	41	0	0	38	0	0	0	0	0	0	0	0	0	0	0	1756688	0	0	0	0	0	0	318900	0	0	0	0	0	598638	0	0	0	0	1879482	0	0	0	6812843	0	0	0	0	0
LFQ	42	0	0	143	0	0	0	0	0	0	0	0	0	0	0	1725915	0	0	0	0	0	0	310248	0	0	0	0	0	627010	0	0	0	0	1913305	0	0	0	6605935	0	0	0	0	0
LFQ	43	0	0	25	0	0	0	0	0	0	0	0	0	0	0	1716964	0	0	0	0	0	0	308556	0	0	0	0	0	655057	0	0	0	0	1940421	0	0	0	6364744	0	0	0	0	0
LFQ	44	0	0	19	0	0	0	0	0	0	0	0	0	0	0	1692001	0	0	0	0	0	0	301503	0	0	0	0	0	684528	0	0	0	0	1948930	0	0	0	6142253	0	0	0	0	0
LFQ	45	0	0	243	0	0	0	0	0	0	0	0	0	0	0	1693115	0	0	0	0	0	0	299156	0	0	0	0	0	694964	0	0	0	0	1936237	0	0	0	5921334	0	0	0	0	0
LFQ	46	0	0	182	0	0	0	0	0	0	0	0	0	0	0	1659781	0	0	0	0	0	0	293386	0	0	0	0	0	681492	0	0	0	0	1887359	0	0	0	5808196	0	0	0	0	0
LFQ	47	0	0	151	0	0	0	0	0	0	0	0	0	0	0	1643229	0	0	0	0	0	0	288593	0	0	0	0	0	688530	0	0	0	0	1833644	0	0	0	5685376	0	0	0	0	0
LFQ	48	0	0	57	0	0	0	0	0	0	0	0	0	0	0	1631912	0	0	0	0	0	0	281632	0	0	0	0	0	694597	0	0	0	0	1813622	0	0	0	5553122	0	0	0	0	0
LFQ	49	0	0	18	0	0	0	0	0	0	0	0	0	0	0	1633554	0	0	0	0	0	0	281546	0	0	0	0	0	687767	0	0	0	0	1790699	0	0	0	5431793	0	0	0	0	0
LFQ	50	0	0	9	0	0	0	0	0	0	0	0	0	0	0	1634007	0	0	0	0	0	0	280784	0	0	0	0	0	698893	0	0	0	0	1789273	0	0	0	5266430	0	0	0	0	0
LFQ	51	0	0	12	0	0	0	0	0	0	0	0	0	0	0	1629854	0	0	0	0	0	0	275673	0	0	0	0	0	699884	0	0	0	0	1773024	0	0	0	5121877	0	0	0	0	0
LFQ	52	0	0	0	0	0	0	0	0	0	0	0	0	0	0	1609057	0	0	0	0	0	0	270622	0	0	0	0	0	697741	0	0	0	0	1740905	0	0	0	5007248	0	0	0	0	0
LFQ	53	0	0	5	0	0	0	0	0	0	0	0	0	0	0	1605248	0	0	0	0	0	0	271582	0	0	0	0	0	687944	0	0	0	0	1713475	0	0	0	4871784	0	0	0	0	0
LFQ	54	0	0	12	0	0	0	0	0	0	0	0	0	0	0	1585581	0	0	0	0	0	0	266042	0	0	0	0	0	673939	0	0	0	0	1677140	0	0	0	4764991	0	0	0	0	0
LFQ	55	0	0	16	0	0	0	0	0	0	0	0	0	0	0	1579875	0	0	0	0	0	0	265251	0	0	0	0	0	670344	0	0	0	0	1661582	0	0	0	4610109	0	0	0	0	0
LFQ	56	0	0	11	0	0	0	0	0	0	0	0	0	0	0	1577042	0	0	0	0	0	0	266192	0	0	0	0	0	672648	0	0	0	0	1644720	0	0	0	4457202	0	0	0	0	0
LFQ	57	0	0	87	0	0	0	0	0	0	0	0	0	0	0	1565946	0	0	0	0	0	0	270238	0	0	0	0	0	670307	0	0	0	0	1628559	0	0	0	4328851	0	0	0	0	0
LFQ	58	0	0	19	0	0	0	0	0	0	0	0	0	0	0	1562176	0	0	0	0	0	0	270408	0	0	0	0	0	676874	0	0	0	0	1622624	0	0	0	4200815	0	0	0	0	0
LFQ	59	0	0	58	0	0	0	0	0	0	0	0	0	0	0	1549927	0	0	0	0	0	0	270275	0	0	0	0	0	677958	0	0	0	0	1614926	0	0	0	4102063	0	0	0	0	0
LFQ	60	0	0	27	0	0	0	0	0	0	0	0	0	0	0	1553046	0	0	0	0	0	0	270185	0	0	0	0	0	683467	0	0	0	0	1603021	0	0	0	3985675	0	0	0	0	0
LFQ	61	0	0	172	0	0	0	0	0	0	0	0	0	0	0	1547196	0	0	0	0	0	0	269755	0	0	0	0	0	681726	0	0	0	0	1591464	0	0	0	3878642	0	0	0	0	0
LFQ	62	0	0	98	0	0	0	0	0	0	0	0	0	0	0	1551899	0	0	0	0	0	0	270080	0	0	0	0	0	666020	0	0	0	0	1570882	0	0	0	3778173	0	0	0	0	0
LFQ	63	0	0	586	0	0	0	0	0	0	0	0	0	0	0	1529160	0	0	0	0	0	0	272322	0	0	0	0	0	656761	0	0	0	0	1548590	0	0	0	3688233	0	0	0	0	0
LFQ	64	0	0	248	0	0	0	0	0	0	0	0	0	0	0	1507228	0	0	0	0	0	0	263177	0	0	0	0	0	660771	0	0	0	0	1533315	0	0	0	3586999	0	0	0	0	0
LFQ	65	0	0	244	0	0	0	0	0	0	0	0	0	0	0	1508201	0	0	0	0	0	0	260909	0	0	0	0	0	646495	0	0	0	0	1507761	0	0	0	3479395	0	0	0	0	0
LFQ	66	0	0	187	0	0	0	0	0	0	0	0	0	0	0	1498924	0	0	0	0	0	0	256245	0	0	0	0	0	646172	0	0	0	0	1496636	0	0	0	3362744	0	0	0	0	0
LFQ	67	0	0	71	0	0	0	0	0	0	0	0	0	0	0	1450596	0	0	0	0	0	0	251851	0	0	0	0	0	633495	0	0	0	0	1447731	0	0	0	3347118	0	0	0	0	0
LFQ	68	0	0	11	0	0	0	0	0	0	0	0	0	0	0	1435279	0	0	0	0	0	0	246445	0	0	0	0	0	638440	0	0	0	0	1442308	0	0	0	3270070	0	0	0	0	0
LFQ	69	0	0	113	0	0	0	0	0	0	0	0	0	0	0	1448072	0	0	0	0	0	0	244616	0	0	0	0	0	641969	0	0	0	0	1427583	0	0	0	3180582	0	0	0	0	0
LFQ	70	0	0	28	0	0	0	0	0	0	0	0	0	0	0	1441134	0	0	0	0	0	0	248337	0	0	0	0	0	639261	0	0	0	0	1424889	0	0	0	3107918	0	0	0	0	0
LFQ	71	0	0	22	0	0	0	0	0	0	0	0	0	0	0	1429672	0	0	0	0	0	0	246711	0	0	0	0	0	646653	0	0	0	0	1410102	0	0	0	3038372	0	0	0	0	0
LFQ	72	0	0	56	0	0	0	0	0	0	0	0	0	0	0	1437156	0	0	0	0	0	0	244144	0	0	0	0	0	645638	0	0	0	0	1391478	0	0	0	2956725	0	0	0	0	0
LFQ	73	0	0	26	0	0	0	0	0	0	0	0	0	0	0	1387223	0	0	0	0	0	0	238238	0	0	0	0	0	639614	0	0	0	0	1360682	0	0	0	2891516	0	0	0	0	0
LFQ	74	0	0	91	0	0	0	0	0	0	0	0	0	0	0	1368017	0	0	0	0	0	0	231663	0	0	0	0	0	639108	0	0	0	0	1321324	0	0	0	2750567	0	0	0	0	0
LFQ	75	0	0	65	0	0	0	0	0	0	0	0	0	0	0	1296993	0	0	0	0	0	0	204359	0	0	0	0	0	611422	0	0	0	0	1213192	0	0	0	2534579	0	0	0	0	0
LFQ	76	0	0	117	0	0	0	0	0	0	0	0	0	0	0	1371667	0	0	0	0	0	0	164345	0	0	0	0	0	513941	0	0	0	0	953296	0	0	0	1547049	0	0	0	0	0
LFQ	77	0	0	0	0	0	0	0	0	0	0	0	0	0	0	0	0	0	0	0	0	0	0	0	0	0	0	0	0	0	0	0	0	0	0	0	0	0	0	0	0	0	0
# GC Content of first fragments. Use `grep ^GCF | cut -f 2-` to extract this part.
GCF	0.50	20
GCF	1.26	106
GCF	1.76	111
GCF	2.26	113
GCF	2.76	208
GCF	3.27	220
GCF	3.77	502
GCF	4.27	528
GCF	4.77	563
GCF	5.28	876
GCF	5.78	931
GCF	6.28	997
GCF	6.78	1690
GCF	7.29	1761
GCF	7.79	2504
GCF	8.29	2626
GCF	8.79	2749
GCF	9.30	4013
GCF	9.80	4185
GCF	10.30	5610
GCF	10.80	6080
GCF	11.31	6545
GCF	11.81	9005
GCF	12.31	9779
GCF	12.81	10400
GCF	13.32	14224
GCF	13.82	15249
GCF	14.32	20089
GCF	14.82	21967
GCF	15.33	23358
GCF	15.83	30524
GCF	16.33	32285
GCF	16.83	34772
GCF	17.34	45295
GCF	17.84	47948
GCF	18.34	59809
GCF	18.84	65030
GCF	19.35	68214
GCF	19.85	86559
GCF	20.35	91286
GCF	20.85	109824
GCF	21.36	117441
GCF	21.86	124485
GCF	22.36	147301
GCF	22.86	158968
GCF	23.37	165881
GCF	23.87	194956
GCF	24.37	205792
GCF	24.87	234331
GCF	25.38	246285
GCF	25.88	256810
GCF	26.38	285412
GCF	26.88	302608
GCF	27.39	330056
GCF	27.89	345179
GCF	28.39	359087
GCF	28.89	384299
GCF	29.40	401978
GCF	29.90	413903
GCF	30.40	441038
GCF	30.90	459475
GCF	31.41	480871
GCF	31.91	499489
GCF	32.41	514671
GCF	32.91	530419
GCF	33.42	550008
GCF	33.92	564171
GCF	34.42	583994
GCF	34.92	598568
GCF	35.43	612487
GCF	35.93	628792
GCF	36.43	638905
GCF	36.93	649498
GCF	37.44	662420
GCF	37.94	675596
GCF	38.44	686304
GCF	38.94	695643
GCF	39.45	702017
GCF	39.95	710592
GCF	40.45	717346
GCF	40.95	718926
GCF	41.46	724735
GCF	41.96	721595
GCF	42.46	724158
GCF	42.96	726004
GCF	43.47	719539
GCF	43.97	718154
GCF	44.47	716168
GCF	44.97	703516
GCF	45.48	699492
GCF	45.98	682031
GCF	46.48	672291
GCF	46.98	666476
GCF	47.49	643266
GCF	47.99	631478
GCF	48.49	609881
GCF	48.99	593616
GCF	49.50	588239
GCF	50.00	548351
GCF	50.50	540778
GCF	51.01	521579
GCF	51.51	493699
GCF	52.01	477071
GCF	52.51	445101
GCF	53.02	433501
GCF	53.52	412859
GCF	54.02	383554
GCF	54.52	364375
GCF	55.03	337785
GCF	55.53	322716
GCF	56.03	304302
GCF	56.53	278001
GCF	57.04	264646
GCF	57.54	247790
GCF	58.04	226542
GCF	58.54	210698
GCF	59.05	190234
GCF	59.55	178741
GCF	60.05	165889
GCF	60.55	148538
GCF	61.06	138236
GCF	61.56	127762
GCF	62.06	112269
GCF	62.56	103193
GCF	63.07	91560
GCF	63.57	85658
GCF	64.07	76071
GCF	64.57	68561
GCF	65.08	62415
GCF	65.58	53788
GCF	66.08	49291
GCF	66.58	42628
GCF	67.09	39013
GCF	67.59	35285
GCF	68.09	31717
GCF	68.59	27335
GCF	69.10	24151
GCF	69.60	20590
GCF	70.10	18748
GCF	70.60	16794
GCF	71.11	14769
GCF	71.61	12862
GCF	72.11	11197
GCF	72.61	9705
GCF	73.12	8365
GCF	73.62	7110
GCF	74.12	6356
GCF	74.62	5717
GCF	75.13	4516
GCF	75.63	3930
GCF	76.13	3172
GCF	76.63	2947
GCF	77.14	2372
GCF	77.64	1893
GCF	78.14	1687
GCF	78.64	1488
GCF	79.15	1237
GCF	79.65	1109
GCF	80.15	838
GCF	80.65	688
GCF	81.16	521
GCF	81.66	426
GCF	82.16	382
GCF	82.66	305
GCF	83.17	255
GCF	83.67	223
GCF	84.17	166
GCF	84.67	143
GCF	85.18	116
GCF	85.68	82
GCF	86.18	59
GCF	86.68	40
GCF	87.19	35
GCF	87.69	29
GCF	88.19	16
GCF	88.94	11
GCF	89.70	7
GCF	90.20	5
GCF	91.21	4
GCF	92.46	3
GCF	93.47	2
GCF	94.22	1
# GC Content of last fragments. Use `grep ^GCL | cut -f 2-` to extract this part.
GCL	0.50	22
GCL	1.26	109
GCL	1.76	118
GCL	2.26	120
GCL	2.76	266
GCL	3.27	278
GCL	3.77	518
GCL	4.27	553
GCL	4.77	588
GCL	5.28	990
GCL	5.78	1038
GCL	6.28	1106
GCL	6.78	1853
GCL	7.29	1934
GCL	7.79	2778
GCL	8.29	2937
GCL	8.79	3070
GCL	9.30	4347
GCL	9.80	4505
GCL	10.30	6099
GCL	10.80	6638
GCL	11.31	7123
GCL	11.81	9619
GCL	12.31	10338
GCL	12.81	10976
GCL	13.32	15185
GCL	13.82	16273
GCL	14.32	21192
GCL	14.82	22888
GCL	15.33	24249
GCL	15.83	31801
GCL	16.33	33489
GCL	16.83	35929
GCL	17.34	47492
GCL	17.84	50283
GCL	18.34	62473
GCL	18.84	67817
GCL	19.35	71139
GCL	19.85	89645
GCL	20.35	94474
GCL	20.85	113566
GCL	21.36	121440
GCL	21.86	128705
GCL	22.36	152278
GCL	22.86	164036
GCL	23.37	171052
GCL	23.87	200892
GCL	24.37	211851
GCL	24.87	239704
GCL	25.38	251625
GCL	25.88	262464
GCL	26.38	290443
GCL	26.88	307889
GCL	27.39	335481
GCL	27.89	351400
GCL	28.39	365923
GCL	28.89	391765
GCL	29.40	408732
GCL	29.90	421077
GCL	30.40	447725
GCL	30.90	466826
GCL	31.41	488158
GCL	31.91	505878
GCL	32.41	520756
GCL	32.91	537221
GCL	33.42	558217
GCL	33.92	572777
GCL	34.42	591099
GCL	34.92	605595
GCL	35.43	618220
GCL	35.93	634647
GCL	36.43	644729
GCL	36.93	656839
GCL	37.44	669672
GCL	37.94	681104
GCL	38.44	691947
GCL	38.94	701526
GCL	39.45	707402
GCL	39.95	715700
GCL	40.45	721316
GCL	40.95	722557
GCL	41.46	728303
GCL	41.96	723761
GCL	42.46	726689
GCL	42.96	728201
GCL	43.47	720495
GCL	43.97	717771
GCL	44.47	715442
GCL	44.97	700607
GCL	45.48	695490
GCL	45.98	677390
GCL	46.48	667694
GCL	46.98	661750
GCL	47.49	636871
GCL	47.99	624478
GCL	48.49	601328
GCL	48.99	585539
GCL	49.50	579527
GCL	50.00	539762
GCL	50.50	532340
GCL	51.01	513212
GCL	51.51	485997
GCL	52.01	468976
GCL	52.51	436134
GCL	53.02	424324
GCL	53.52	403439
GCL	54.02	373758
GCL	54.52	354215
GCL	55.03	329282
GCL	55.53	313796
GCL	56.03	295891
GCL	56.53	270752
GCL	57.04	257686
GCL	57.54	240668
GCL	58.04	219584
GCL	58.54	204185
GCL	59.05	183735
GCL	59.55	172456
GCL	60.05	159588
GCL	60.55	143054
GCL	61.06	133259
GCL	61.56	123031
GCL	62.06	107636
GCL	62.56	98861
GCL	63.07	88178
GCL	63.57	82318
GCL	64.07	73588
GCL	64.57	66315
GCL	65.08	60023
GCL	65.58	51539
GCL	66.08	47362
GCL	66.58	40832
GCL	67.09	37494
GCL	67.59	33769
GCL	68.09	30411
GCL	68.59	26136
GCL	69.10	23149
GCL	69.60	19602
GCL	70.10	17653
GCL	70.60	15663
GCL	71.11	14082
GCL	71.61	12416
GCL	72.11	10934
GCL	72.61	9446
GCL	73.12	7979
GCL	73.62	6805
GCL	74.12	5957
GCL	74.62	5425
GCL	75.13	4357
GCL	75.63	3783
GCL	76.13	3118
GCL	76.63	2828
GCL	77.14	2338
GCL	77.64	1837
GCL	78.14	1660
GCL	78.64	1485
GCL	79.15	1223
GCL	79.65	1085
GCL	80.15	776
GCL	80.65	611
GCL	81.16	493
GCL	81.66	393
GCL	82.16	345
GCL	82.66	257
GCL	83.17	211
GCL	83.67	184
GCL	84.17	144
GCL	84.67	132
GCL	85.18	105
GCL	85.68	76
GCL	86.18	61
GCL	86.68	42
GCL	87.19	36
GCL	87.69	34
GCL	88.19	24
GCL	88.69	17
GCL	89.20	14
GCL	89.70	11
GCL	90.20	9
GCL	91.21	4
GCL	92.21	3
GCL	92.71	2
GCL	93.47	1
# ACGT content per cycle. Use `grep ^GCC | cut -f 2-` to extract this part. The columns are: cycle; A,C,G,T base counts as a percentage of all A/C/G/T bases [%]; and N and O counts as a percentage of all A/C/G/T bases [%]
GCC	1	18.96	31.09	31.02	18.94	0.01	0.00
GCC	2	31.88	18.18	18.15	31.79	0.00	0.00
GCC	3	29.10	20.95	20.89	29.05	0.00	0.00
GCC	4	28.96	21.07	21.06	28.91	0.00	0.00
GCC	5	37.14	12.92	12.91	37.02	0.00	0.00
GCC	6	29.03	21.03	20.96	28.99	0.00	0.00
GCC	7	29.07	21.00	20.94	28.99	0.00	0.00
GCC	8	31.19	18.85	18.87	31.10	0.00	0.00
GCC	9	21.35	28.70	28.64	21.32	0.00	0.00
GCC	10	33.10	16.94	16.95	33.01	0.00	0.00
GCC	11	24.19	25.87	25.80	24.14	0.00	0.00
GCC	12	30.69	19.39	19.37	30.56	0.00	0.00
GCC	13	25.79	24.27	24.20	25.74	0.00	0.00
GCC	14	26.65	23.39	23.38	26.58	0.00	0.00
GCC	15	28.82	21.21	21.17	28.79	0.00	0.00
GCC	16	30.18	19.88	19.83	30.12	0.00	0.00
GCC	17	30.79	19.26	19.23	30.72	0.00	0.00
GCC	18	31.04	19.02	18.99	30.95	0.00	0.00
GCC	19	30.63	19.46	19.40	30.52	0.00	0.00
GCC	20	30.65	19.37	19.36	30.62	0.00	0.00
GCC	21	30.19	19.85	19.83	30.13	0.00	0.00
GCC	22	30.13	19.93	19.91	30.04	0.00	0.00
GCC	23	29.91	20.14	20.12	29.83	0.00	0.00
GCC	24	30.09	19.98	19.94	29.99	0.00	0.00
GCC	25	30.05	20.02	20.00	29.94	0.00	0.00
GCC	26	30.21	19.85	19.80	30.15	0.00	0.00
GCC	27	30.23	19.81	19.80	30.15	0.00	0.00
GCC	28	30.36	19.69	19.69	30.26	0.00	0.00
GCC	29	30.21	19.87	19.83	30.09	0.00	0.00
GCC	30	30.21	19.88	19.83	30.09	0.00	0.00
GCC	31	30.05	20.02	19.99	29.95	0.00	0.00
GCC	32	30.08	19.97	19.96	29.99	0.00	0.00
GCC	33	29.99	20.06	20.02	29.92	0.00	0.00
GCC	34	30.10	19.96	19.91	30.03	0.01	0.00
GCC	35	30.10	19.95	19.93	30.03	0.02	0.00
GCC	36	30.19	19.87	19.84	30.10	0.00	0.00
GCC	37	30.27	19.78	19.76	30.19	0.00	0.00
GCC	38	30.39	19.68	19.66	30.26	0.00	0.00
GCC	39	30.34	19.74	19.68	30.25	0.00	0.00
GCC	40	30.29	19.74	19.72	30.25	0.00	0.00
GCC	41	30.18	19.86	19.86	30.10	0.00	0.00
GCC	42	30.14	19.95	19.89	30.03	0.00	0.00
GCC	43	30.01	20.05	20.02	29.92	0.00	0.00
GCC	44	30.04	20.01	19.98	29.97	0.00	0.00
GCC	45	30.15	19.88	19.89	30.08	0.00	0.00
GCC	46	30.21	19.86	19.80	30.13	0.00	0.00
GCC	47	30.43	19.67	19.60	30.30	0.00	0.00
GCC	48	30.50	19.55	19.53	30.42	0.00	0.00
GCC	49	30.43	19.63	19.59	30.35	0.00	0.00
GCC	50	30.44	19.62	19.58	30.37	0.00	0.00
GCC	51	30.31	19.75	19.72	30.22	0.00	0.00
GCC	52	30.25	19.79	19.75	30.20	0.00	0.00
GCC	53	30.19	19.86	19.83	30.12	0.00	0.00
GCC	54	30.20	19.85	19.81	30.14	0.00	0.00
GCC	55	30.28	19.77	19.74	30.21	0.00	0.00
GCC	56	30.29	19.75	19.73	30.23	0.00	0.00
GCC	57	30.48	19.58	19.57	30.38	0.00	0.00
GCC	58	30.50	19.54	19.52	30.44	0.00	0.00
GCC	59	30.57	19.49	19.46	30.48	0.00	0.00
GCC	60	30.56	19.50	19.49	30.45	0.00	0.00
GCC	61	30.49	19.56	19.55	30.40	0.00	0.00
GCC	62	30.44	19.61	19.59	30.36	0.00	0.00
GCC	63	30.36	19.70	19.65	30.29	0.00	0.00
GCC	64	30.30	19.75	19.72	30.23	0.00	0.00
GCC	65	30.32	19.74	19.69	30.25	0.00	0.00
GCC	66	30.43	19.63	19.62	30.33	0.00	0.00
GCC	67	30.56	19.51	19.48	30.45	0.00	0.00
GCC	68	30.56	19.51	19.45	30.47	0.00	0.00
GCC	69	30.52	19.52	19.53	30.43	0.00	0.00
GCC	70	30.48	19.60	19.57	30.35	0.00	0.00
GCC	71	30.54	19.51	19.49	30.46	0.00	0.00
GCC	72	30.52	19.51	19.49	30.48	0.00	0.00
GCC	73	30.73	19.31	19.31	30.65	0.00	0.00
GCC	74	30.86	19.23	19.18	30.73	0.00	0.00
GCC	75	32.23	17.86	17.78	32.13	0.00	0.00
GCC	76	38.03	12.07	12.03	37.87	0.00	0.00
# Insert sizes. Use `grep ^IS | cut -f 2-` to extract this part. The columns are: insert size, pairs total, inward oriented pairs, outward oriented pairs, other pairs
IS	0	0	0	0	0
IS	1	0	0	0	0
IS	2	0	0	0	0
IS	3	0	0	0	0
IS	4	0	0	0	0
IS	5	0	0	0	0
IS	6	0	0	0	0
IS	7	0	0	0	0
IS	8	0	0	0	0
IS	9	0	0	0	0
IS	10	0	0	0	0
IS	11	0	0	0	0
IS	12	0	0	0	0
IS	13	0	0	0	0
IS	14	0	0	0	0
IS	15	0	0	0	0
IS	16	0	0	0	0
IS	17	0	0	0	0
IS	18	0	0	0	0
IS	19	0	0	0	0
IS	20	0	0	0	0
IS	21	0	0	0	0
IS	22	0	0	0	0
IS	23	0	0	0	0
IS	24	0	0	0	0
IS	25	0	0	0	0
IS	26	0	0	0	0
IS	27	0	0	0	0
IS	28	0	0	0	0
IS	29	0	0	0	0
IS	30	0	0	0	0
IS	31	0	0	0	0
IS	32	0	0	0	0
IS	33	1	1	0	0
IS	34	2	2	0	0
IS	35	12	12	0	0
IS	36	23	23	0	0
IS	37	26	26	0	0
IS	38	30	30	0	0
IS	39	38	38	0	0
IS	40	42	42	0	0
IS	41	45	45	0	0
IS	42	48	48	0	0
IS	43	54	54	0	0
IS	44	54	54	0	0
IS	45	53	53	0	0
IS	46	47	47	0	0
IS	47	39	39	0	0
IS	48	36	36	0	0
IS	49	38	38	0	0
IS	50	41	41	0	0
IS	51	44	44	0	0
IS	52	44	44	0	0
IS	53	45	45	0	0
IS	54	46	46	0	0
IS	55	43	43	0	0
IS	56	40	40	0	0
IS	57	33	33	0	0
IS	58	23	23	0	0
IS	59	22	22	0	0
IS	60	26	26	0	0
IS	61	25	25	0	0
IS	62	28	28	0	0
IS	63	28	28	0	0
IS	64	30	30	0	0
IS	65	30	30	0	0
IS	66	27	27	0	0
IS	67	19	19	0	0
IS	68	19	19	0	0
IS	69	15	15	0	0
IS	70	17	17	0	0
IS	71	16	16	0	0
IS	72	19	19	0	0
IS	73	22	22	0	0
IS	74	26	26	0	0
IS	75	3334	3334	0	0
IS	76	46874	46874	0	0
IS	77	95437	95437	0	0
IS	78	87888	87888	0	0
IS	79	82566	82566	0	0
IS	80	81162	81162	0	0
IS	81	83962	83962	0	0
IS	82	86369	86369	0	0
IS	83	88964	88964	0	0
IS	84	89875	89875	0	0
IS	85	87283	87283	0	0
IS	86	81600	81600	0	0
IS	87	74746	74746	0	0
IS	88	68312	68312	0	0
IS	89	63661	63661	0	0
IS	90	62377	62377	0	0
IS	91	63421	63421	0	0
IS	92	64524	64524	0	0
IS	93	66568	66568	0	0
IS	94	66886	66886	0	0
IS	95	66270	66270	0	0
IS	96	62563	62563	0	0
IS	97	58531	58531	0	0
IS	98	53624	53624	0	0
IS	99	50132	50132	0	0
IS	100	48471	48471	0	0
IS	101	48893	48893	0	0
IS	102	49034	49034	0	0
IS	103	50499	50499	0	0
IS	104	50699	50699	0	0
IS	105	50318	50318	0	0
IS	106	49267	49267	0	0
IS	107	46356	46356	0	0
IS	108	43727	43727	0	0
IS	109	40345	40345	0	0
IS	110	38690	38690	0	0
IS	111	37873	37873	0	0
IS	112	38190	38190	0	0
IS	113	39472	39472	0	0
IS	114	40148	40148	0	0
IS	115	39773	39773	0	0
IS	116	38841	38841	0	0
IS	117	37425	37425	0	0
IS	118	35371	35371	0	0
IS	119	33032	33032	0	0
IS	120	31289	31289	0	0
IS	121	30536	30536	0	0
IS	122	30680	30680	0	0
IS	123	31156	31156	0	0
IS	124	33158	33158	0	0
IS	125	33958	33958	0	0
IS	126	31699	31699	0	0
IS	127	30640	30640	0	0
IS	128	29078	29078	0	0
IS	129	27625	27625	0	0
IS	130	26697	26697	0	0
IS	131	25592	25592	0	0
IS	132	24880	24880	0	0
IS	133	25006	25006	0	0
IS	134	26121	26121	0	0
IS	135	27231	27231	0	0
IS	136	29024	29024	0	0
IS	137	32706	32706	0	0
IS	138	35665	35665	0	0
IS	139	31209	31209	0	0
IS	140	25576	25576	0	0
IS	141	23147	23147	0	0
IS	142	22205	22205	0	0
IS	143	21489	21489	0	0
IS	144	21925	21925	0	0
IS	145	23018	23018	0	0
IS	146	24196	24196	0	0
IS	147	27238	27238	0	0
IS	148	30701	30701	0	0
IS	149	31167	31167	0	0
IS	150	31937	31937	0	0
IS	151	34281	34281	0	0
IS	152	33049	33049	0	0
IS	153	27155	27155	0	0
IS	154	23432	23432	0	0
IS	155	23263	23263	0	0
IS	156	24593	24593	0	0
IS	157	26725	26725	0	0
IS	158	30289	30289	0	0
IS	159	31515	31515	0	0
IS	160	29491	29491	0	0
IS	161	26064	26064	0	0
IS	162	23802	23802	0	0
IS	163	22998	22998	0	0
IS	164	24686	24686	0	0
IS	165	27859	27859	0	0
IS	166	33995	33995	0	0
IS	167	40988	40988	0	0
IS	168	43609	43609	0	0
IS	169	41061	41061	0	0
IS	170	35200	35200	0	0
IS	171	30866	30866	0	0
IS	172	27983	27983	0	0
IS	173	26400	26400	0	0
IS	174	27417	27417	0	0
IS	175	30914	30914	0	0
IS	176	34880	34880	0	0
IS	177	37771	37771	0	0
IS	178	38245	38245	0	0
IS	179	35285	35285	0	0
IS	180	31406	31406	0	0
IS	181	28315	28315	0	0
IS	182	26339	26339	0	0
IS	183	25701	25701	0	0
IS	184	25980	25980	0	0
IS	185	27294	27294	0	0
IS	186	29371	29371	0	0
IS	187	30393	30393	0	0
IS	188	31372	31372	0	0
IS	189	30678	30678	0	0
IS	190	29197	29197	0	0
IS	191	28445	28445	0	0
IS	192	27107	27107	0	0
IS	193	26699	26699	0	0
IS	194	27124	27124	0	0
IS	195	27188	27188	0	0
IS	196	28311	28311	0	0
IS	197	28201	28201	0	0
IS	198	27603	27603	0	0
IS	199	27731	27731	0	0
IS	200	27362	27362	0	0
IS	201	26954	26954	0	0
IS	202	26311	26311	0	0
IS	203	26470	26470	0	0
IS	204	26690	26690	0	0
IS	205	26771	26771	0	0
IS	206	27080	27080	0	0
IS	207	26340	26340	0	0
IS	208	25272	25272	0	0
IS	209	24849	24849	0	0
IS	210	24286	24286	0	0
IS	211	24183	24183	0	0
IS	212	23756	23756	0	0
IS	213	23798	23798	0	0
IS	214	24019	24019	0	0
IS	215	23930	23930	0	0
IS	216	23426	23426	0	0
IS	217	22595	22595	0	0
IS	218	21941	21941	0	0
IS	219	20814	20814	0	0
IS	220	19892	19892	0	0
IS	221	19744	19744	0	0
IS	222	19488	19488	0	0
IS	223	19039	19039	0	0
IS	224	19135	19135	0	0
IS	225	18299	18299	0	0
IS	226	18095	18095	0	0
IS	227	17727	17727	0	0
IS	228	17066	17066	0	0
IS	229	16657	16657	0	0
IS	230	16246	16246	0	0
IS	231	15923	15923	0	0
IS	232	15116	15116	0	0
IS	233	15041	15041	0	0
IS	234	14692	14692	0	0
IS	235	14191	14191	0	0
IS	236	13813	13813	0	0
IS	237	13335	13335	0	0
IS	238	12790	12790	0	0
IS	239	12405	12405	0	0
IS	240	12164	12164	0	0
IS	241	11610	11610	0	0
IS	242	11306	11306	0	0
IS	243	11010	11010	0	0
IS	244	10895	10895	0	0
IS	245	10402	10402	0	0
IS	246	10228	10228	0	0
IS	247	9627	9627	0	0
IS	248	9665	9665	0	0
IS	249	9313	9313	0	0
IS	250	9043	9043	0	0
IS	251	8548	8548	0	0
IS	252	8361	8361	0	0
IS	253	8024	8024	0	0
IS	254	8007	8007	0	0
IS	255	7525	7525	0	0
IS	256	7421	7421	0	0
IS	257	7257	7257	0	0
IS	258	7025	7025	0	0
IS	259	6730	6730	0	0
IS	260	6724	6724	0	0
IS	261	6485	6485	0	0
IS	262	5987	5987	0	0
IS	263	6020	6020	0	0
IS	264	5822	5822	0	0
IS	265	5770	5770	0	0
IS	266	5642	5642	0	0
IS	267	5396	5396	0	0
IS	268	5287	5287	0	0
IS	269	5074	5074	0	0
IS	270	5083	5083	0	0
IS	271	4860	4860	0	0
IS	272	4767	4767	0	0
IS	273	4530	4530	0	0
IS	274	4392	4392	0	0
IS	275	4249	4249	0	0
IS	276	4210	4210	0	0
IS	277	4190	4190	0	0
IS	278	4006	4006	0	0
IS	279	3987	3987	0	0
IS	280	3857	3857	0	0
IS	281	3805	3805	0	0
IS	282	3670	3670	0	0
IS	283	3590	3590	0	0
IS	284	3405	3405	0	0
IS	285	3271	3271	0	0
IS	286	3357	3357	0	0
IS	287	3256	3256	0	0
IS	288	3220	3220	0	0
IS	289	3262	3262	0	0
IS	290	3110	3110	0	0
IS	291	3071	3071	0	0
IS	292	3032	3032	0	0
IS	293	2933	2933	0	0
IS	294	2826	2826	0	0
IS	295	2639	2639	0	0
IS	296	2756	2756	0	0
IS	297	2628	2628	0	0
IS	298	2660	2660	0	0
IS	299	2711	2711	0	0
IS	300	2622	2622	0	0
IS	301	2533	2533	0	0
IS	302	2444	2444	0	0
IS	303	2389	2389	0	0
IS	304	2353	2353	0	0
IS	305	2146	2146	0	0
IS	306	2219	2219	0	0
IS	307	2255	2255	0	0
IS	308	2207	2207	0	0
IS	309	2140	2140	0	0
IS	310	2051	2051	0	0
IS	311	2202	2202	0	0
IS	312	2110	2110	0	0
IS	313	1997	1997	0	0
IS	314	1964	1964	0	0
IS	315	1912	1912	0	0
IS	316	1860	1860	0	0
IS	317	1911	1911	0	0
IS	318	1817	1817	0	0
IS	319	1862	1862	0	0
IS	320	1787	1787	0	0
IS	321	1753	1753	0	0
IS	322	1805	1805	0	0
IS	323	1845	1845	0	0
IS	324	1732	1732	0	0
IS	325	1603	1603	0	0
IS	326	1562	1562	0	0
IS	327	1573	1573	0	0
IS	328	1590	1590	0	0
IS	329	1580	1580	0	0
IS	330	1554	1554	0	0
IS	331	1521	1521	0	0
IS	332	1496	1496	0	0
IS	333	1497	1497	0	0
IS	334	1489	1489	0	0
IS	335	1401	1401	0	0
IS	336	1371	1371	0	0
IS	337	1303	1303	0	0
IS	338	1349	1349	0	0
IS	339	1328	1328	0	0
IS	340	1300	1300	0	0
IS	341	1270	1270	0	0
IS	342	1298	1298	0	0
IS	343	1308	1308	0	0
IS	344	1244	1244	0	0
IS	345	1224	1224	0	0
IS	346	1241	1241	0	0
IS	347	1209	1209	0	0
# Read lengths. Use `grep ^RL | cut -f 2-` to extract this part. The columns are: read length, count
RL	22	2
RL	23	2
RL	24	11
RL	25	22
RL	26	23
RL	27	28
RL	28	35
RL	29	121
RL	30	276
RL	31	628
RL	32	2913
RL	33	4071
RL	34	4626
RL	35	129446
RL	36	188783
RL	37	221137
RL	38	248035
RL	39	313297
RL	40	354356
RL	41	367781
RL	42	393766
RL	43	433120
RL	44	448682
RL	45	429236
RL	46	381459
RL	47	329367
RL	48	299402
RL	49	312077
RL	50	338223
RL	51	349321
RL	52	351126
RL	53	364680
RL	54	361041
RL	55	338910
RL	56	307776
RL	57	262311
RL	58	235165
RL	59	239603
RL	60	252760
RL	61	263752
RL	62	282976
RL	63	288010
RL	64	297626
RL	65	284285
RL	66	259871
RL	67	196446
RL	68	179278
RL	69	162978
RL	70	180270
RL	71	192870
RL	72	314978
RL	73	414639
RL	74	904604
RL	75	2604428
RL	76	9111489
# Indel distribution. Use `grep ^ID | cut -f 2-` to extract this part. The columns are: length, number of insertions, number of deletions
ID	1	276724	283321
ID	2	100886	99730
ID	3	33785	32612
ID	4	22035	20468
ID	5	11186	9611
ID	6	7148	6746
ID	7	3331	2728
ID	8	2793	2587
ID	9	1398	1134
ID	10	923	808
ID	11	402	308
ID	12	246	242
ID	13	70	53
# Indels per cycle. Use `grep ^IC | cut -f 2-` to extract this part. The columns are: cycle, number of insertions (fwd), .. (rev) , number of deletions (fwd), .. (rev)
IC	2	402	378	153	194
IC	3	568	614	558	475
IC	4	1325	1348	1954	2045
IC	5	5439	5454	2561	2598
IC	6	3846	3811	2200	2302
IC	7	3160	3154	2136	2074
IC	8	2801	2865	2344	2317
IC	9	2708	2776	2681	2825
IC	10	3022	2930	2783	2796
IC	11	2796	2685	2880	2970
IC	12	2821	3018	3149	3184
IC	13	3069	3107	3318	3332
IC	14	3181	3270	3548	3702
IC	15	3413	3422	3480	3515
IC	16	3288	3428	3524	3524
IC	17	3332	3448	3598	3640
IC	18	3507	3494	3714	4048
IC	19	3695	3774	4039	4044
IC	20	3885	3788	4291	4308
IC	21	4098	4042	4294	4296
IC	22	4212	4073	4388	4372
IC	23	4070	4117	4338	4262
IC	24	4095	4206	4260	4395
IC	25	4139	4192	4381	4288
IC	26	4158	4099	4406	4085
IC	27	3945	3942	4207	4277
IC	28	4008	3982	4453	4208
IC	29	4022	4060	4213	4192
IC	30	4015	3932	4290	4263
IC	31	4108	4011	4246	4243
IC	32	4044	3966	4277	4242
IC	33	4052	3903	4198	4196
IC	34	3897	3915	4205	4134
IC	35	3863	3910	4151	4211
IC	36	3893	3761	4055	3946
IC	37	3825	3768	4077	3925
IC	38	3767	3638	3981	3900
IC	39	3724	3726	3882	3903
IC	40	3705	3723	3883	3894
IC	41	3577	3572	3875	3933
IC	42	3676	3620	3920	3807
IC	43	3454	3582	3773	3670
IC	44	3516	3413	3736	3669
IC	45	3456	3481	3537	3810
IC	46	3313	3418	3591	3527
IC	47	3253	3275	3557	3408
IC	48	3233	3392	3428	3331
IC	49	3226	3180	3450	3395
IC	50	3291	3281	3272	3290
IC	51	3227	3145	3307	3463
IC	52	3137	3108	3254	3275
IC	53	3126	3060	3227	3287
IC	54	3068	3124	3331	3262
IC	55	3024	2974	3140	3128
IC	56	2914	2983	3028	3034
IC	57	2921	2957	3043	3007
IC	58	2893	2834	2882	2857
IC	59	2828	2870	2816	2799
IC	60	2890	2846	2853	2758
IC	61	2874	2721	2884	2761
IC	62	2678	2772	2823	2708
IC	63	2735	2789	2683	2628
IC	64	2730	2617	2551	2532
IC	65	2625	2682	2465	2466
IC	66	2485	2548	2289	2261
IC	67	2452	2630	2163	2078
IC	68	2434	2475	2008	2030
IC	69	2374	2334	1768	1809
IC	70	2297	2271	1725	1690
IC	71	2164	2043	1530	1532
IC	72	1659	1611	1018	987
IC	73	616	667	380	332
IC	74	298	340	165	131
IC	75	131	109	0	0
# Coverage distribution. Use `grep ^COV | cut -f 2-` to extract this part.
COV	[1-1]	1	143333408
COV	[2-2]	2	143018136
COV	[3-3]	3	50842064
COV	[4-4]	4	52013195
COV	[5-5]	5	19942278
COV	[6-6]	6	18600568
COV	[7-7]	7	7752931
COV	[8-8]	8	6673530
COV	[9-9]	9	3082298
COV	[10-10]	10	2555744
COV	[11-11]	11	1366418
COV	[12-12]	12	1137302
COV	[13-13]	13	722281
COV	[14-14]	14	624855
COV	[15-15]	15	460322
COV	[16-16]	16	414813
COV	[17-17]	17	333943
COV	[18-18]	18	307277
COV	[19-19]	19	261888
COV	[20-20]	20	248291
COV	[21-21]	21	214788
COV	[22-22]	22	203828
COV	[23-23]	23	184048
COV	[24-24]	24	173533
COV	[25-25]	25	156848
COV	[26-26]	26	150417
COV	[27-27]	27	140477
COV	[28-28]	28	134021
COV	[29-29]	29	123370
COV	[30-30]	30	117772
COV	[31-31]	31	108205
COV	[32-32]	32	103420
COV	[33-33]	33	96483
COV	[34-34]	34	93675
COV	[35-35]	35	87776
COV	[36-36]	36	84410
COV	[37-37]	37	79440
COV	[38-38]	38	76235
COV	[39-39]	39	71480
COV	[40-40]	40	70895
COV	[41-41]	41	64576
COV	[42-42]	42	63566
COV	[43-43]	43	59343
COV	[44-44]	44	58164
COV	[45-45]	45	56399
COV	[46-46]	46	53773
COV	[47-47]	47	52068
COV	[48-48]	48	50359
COV	[49-49]	49	48390
COV	[50-50]	50	46731
COV	[51-51]	51	43814
COV	[52-52]	52	43694
COV	[53-53]	53	42297
COV	[54-54]	54	41023
COV	[55-55]	55	39204
COV	[56-56]	56	37725
COV	[57-57]	57	36713
COV	[58-58]	58	35433
COV	[59-59]	59	34456
COV	[60-60]	60	33181
COV	[61-61]	61	31766
COV	[62-62]	62	31610
COV	[63-63]	63	30071
COV	[64-64]	64	29731
COV	[65-65]	65	28425
COV	[66-66]	66	27375
COV	[67-67]	67	26586
COV	[68-68]	68	25852
COV	[69-69]	69	25038
COV	[70-70]	70	25013
COV	[71-71]	71	23557
COV	[72-72]	72	23603
COV	[73-73]	73	22527
COV	[74-74]	74	22739
COV	[75-75]	75	21111
COV	[76-76]	76	21348
COV	[77-77]	77	20612
COV	[78-78]	78	20150
COV	[79-79]	79	19410
COV	[80-80]	80	18933
COV	[81-81]	81	18421
COV	[82-82]	82	17912
COV	[83-83]	83	17245
COV	[84-84]	84	17411
COV	[85-85]	85	16961
COV	[86-86]	86	16412
COV	[87-87]	87	16270
COV	[88-88]	88	15908
COV	[89-89]	89	15452
COV	[90-90]	90	15064
COV	[91-91]	91	15163
COV	[92-92]	92	14901
COV	[93-93]	93	14473
COV	[94-94]	94	13713
COV	[95-95]	95	13712
COV	[96-96]	96	13387
COV	[97-97]	97	13185
COV	[98-98]	98	12991
COV	[99-99]	99	13020
COV	[100-100]	100	12720
COV	[101-101]	101	12262
COV	[102-102]	102	12101
COV	[103-103]	103	11831
COV	[104-104]	104	11452
COV	[105-105]	105	11546
COV	[106-106]	106	11189
COV	[107-107]	107	11088
COV	[108-108]	108	10421
COV	[109-109]	109	10462
COV	[110-110]	110	10114
COV	[111-111]	111	10011
COV	[112-112]	112	10057
COV	[113-113]	113	9756
COV	[114-114]	114	9436
COV	[115-115]	115	9314
COV	[116-116]	116	8933
COV	[117-117]	117	9092
COV	[118-118]	118	8781
COV	[119-119]	119	8929
COV	[120-120]	120	8518
COV	[121-121]	121	8332
COV	[122-122]	122	8157
COV	[123-123]	123	8016
COV	[124-124]	124	7855
COV	[125-125]	125	7713
COV	[126-126]	126	7563
COV	[127-127]	127	7518
COV	[128-128]	128	7241
COV	[129-129]	129	7270
COV	[130-130]	130	7086
COV	[131-131]	131	6935
COV	[132-132]	132	6960
COV	[133-133]	133	6629
COV	[134-134]	134	6376
COV	[135-135]	135	6291
COV	[136-136]	136	6203
COV	[137-137]	137	5928
COV	[138-138]	138	6049
COV	[139-139]	139	5804
COV	[140-140]	140	6176
COV	[141-141]	141	5704
COV	[142-142]	142	5863
COV	[143-143]	143	5540
COV	[144-144]	144	5517
COV	[145-145]	145	5520
COV	[146-146]	146	5285
COV	[147-147]	147	5206
COV	[148-148]	148	5277
COV	[149-149]	149	5186
COV	[150-150]	150	5171
COV	[151-151]	151	5088
COV	[152-152]	152	4669
COV	[153-153]	153	4825
COV	[154-154]	154	4752
COV	[155-155]	155	4675
COV	[156-156]	156	4386
COV	[157-157]	157	4429
COV	[158-158]	158	4382
COV	[159-159]	159	4447
COV	[160-160]	160	4347
COV	[161-161]	161	4325
COV	[162-162]	162	4219
COV	[163-163]	163	4143
COV	[164-164]	164	4203
COV	[165-165]	165	3953
COV	[166-166]	166	4026
COV	[167-167]	167	3817
COV	[168-168]	168	3735
COV	[169-169]	169	3924
COV	[170-170]	170	3694
COV	[171-171]	171	3607
COV	[172-172]	172	3472
COV	[173-173]	173	3475
COV	[174-174]	174	3408
COV	[175-175]	175	3417
COV	[176-176]	176	3339
COV	[177-177]	177	3264
COV	[178-178]	178	3244
COV	[179-179]	179	3133
COV	[180-180]	180	3099
COV	[181-181]	181	3192
COV	[182-182]	182	3120
COV	[183-183]	183	3014
COV	[184-184]	184	3161
COV	[185-185]	185	3103
COV	[186-186]	186	3021
COV	[187-187]	187	2920
COV	[188-188]	188	2907
COV	[189-189]	189	2855
COV	[190-190]	190	2866
COV	[191-191]	191	2828
COV	[192-192]	192	2806
COV	[193-193]	193	2688
COV	[194-194]	194	2698
COV	[195-195]	195	2604
COV	[196-196]	196	2574
COV	[197-197]	197	2511
COV	[198-198]	198	2506
COV	[199-199]	199	2470
COV	[200-200]	200	2495
COV	[201-201]	201	2448
COV	[202-202]	202	2303
COV	[203-203]	203	2369
COV	[204-204]	204	2272
COV	[205-205]	205	2224
COV	[206-206]	206	2252
COV	[207-207]	207	2251
COV	[208-208]	208	2344
COV	[209-209]	209	2183
COV	[210-210]	210	2214
COV	[211-211]	211	2216
COV	[212-212]	212	2197
COV	[213-213]	213	2187
COV	[214-214]	214	2171
COV	[215-215]	215	2107
COV	[216-216]	216	2049
COV	[217-217]	217	2080
COV	[218-218]	218	1938
COV	[219-219]	219	1996
COV	[220-220]	220	1970
COV	[221-221]	221	1788
COV	[222-222]	222	1829
COV	[223-223]	223	1809
COV	[224-224]	224	1754
COV	[225-225]	225	1797
COV	[226-226]	226	1787
COV	[227-227]	227	1735
COV	[228-228]	228	1654
COV	[229-229]	229	1706
COV	[230-230]	230	1689
COV	[231-231]	231	1727
COV	[232-232]	232	1655
COV	[233-233]	233	1699
COV	[234-234]	234	1602
COV	[235-235]	235	1648
COV	[236-236]	236	1563
COV	[237-237]	237	1584
COV	[238-238]	238	1540
COV	[239-239]	239	1580
COV	[240-240]	240	1473
COV	[241-241]	241	1522
COV	[242-242]	242	1528
COV	[243-243]	243	1527
COV	[244-244]	244	1546
COV	[245-245]	245	1438
COV	[246-246]	246	1503
COV	[247-247]	247	1365
COV	[248-248]	248	1400
COV	[249-249]	249	1362
COV	[250-250]	250	1374
COV	[251-251]	251	1344
COV	[252-252]	252	1327
COV	[253-253]	253	1243
COV	[254-254]	254	1275
COV	[255-255]	255	1299
COV	[256-256]	256	1305
COV	[257-257]	257	1292
COV	[258-258]	258	1211
COV	[259-259]	259	1250
COV	[260-260]	260	1294
COV	[261-261]	261	1345
COV	[262-262]	262	1246
COV	[263-263]	263	1249
COV	[264-264]	264	1187
COV	[265-265]	265	1212
COV	[266-266]	266	1216
COV	[267-267]	267	1185
COV	[268-268]	268	1108
COV	[269-269]	269	1133
COV	[270-270]	270	1087
COV	[271-271]	271	1123
COV	[272-272]	272	1073
COV	[273-273]	273	1052
COV	[274-274]	274	1056
COV	[275-275]	275	989
COV	[276-276]	276	1020
COV	[277-277]	277	1139
COV	[278-278]	278	952
COV	[279-279]	279	984
COV	[280-280]	280	1065
COV	[281-281]	281	1022
COV	[282-282]	282	1002
COV	[283-283]	283	1065
COV	[284-284]	284	919
COV	[285-285]	285	946
COV	[286-286]	286	905
COV	[287-287]	287	847
COV	[288-288]	288	912
COV	[289-289]	289	875
COV	[290-290]	290	866
COV	[291-291]	291	868
COV	[292-292]	292	895
COV	[293-293]	293	924
COV	[294-294]	294	852
COV	[295-295]	295	764
COV	[296-296]	296	826
COV	[297-297]	297	756
COV	[298-298]	298	790
COV	[299-299]	299	800
COV	[300-300]	300	799
COV	[301-301]	301	771
COV	[302-302]	302	791
COV	[303-303]	303	740
COV	[304-304]	304	762
COV	[305-305]	305	799
COV	[306-306]	306	766
COV	[307-307]	307	775
COV	[308-308]	308	727
COV	[309-309]	309	717
COV	[310-310]	310	775
COV	[311-311]	311	762
COV	[312-312]	312	733
COV	[313-313]	313	738
COV	[314-314]	314	655
COV	[315-315]	315	718
COV	[316-316]	316	657
COV	[317-317]	317	700
COV	[318-318]	318	723
COV	[319-319]	319	666
COV	[320-320]	320	647
COV	[321-321]	321	673
COV	[322-322]	322	645
COV	[323-323]	323	695
COV	[324-324]	324	674
COV	[325-325]	325	637
COV	[326-326]	326	654
COV	[327-327]	327	618
COV	[328-328]	328	615
COV	[329-329]	329	630
COV	[330-330]	330	605
COV	[331-331]	331	549
COV	[332-332]	332	592
COV	[333-333]	333	606
COV	[334-334]	334	561
COV	[335-335]	335	605
COV	[336-336]	336	577
COV	[337-337]	337	628
COV	[338-338]	338	527
COV	[339-339]	339	574
COV	[340-340]	340	603
COV	[341-341]	341	562
COV	[342-342]	342	585
COV	[343-343]	343	533
COV	[344-344]	344	530
COV	[345-345]	345	533
COV	[346-346]	346	531
COV	[347-347]	347	482
COV	[348-348]	348	518
COV	[349-349]	349	538
COV	[350-350]	350	519
COV	[351-351]	351	508
COV	[352-352]	352	508
COV	[353-353]	353	521
COV	[354-354]	354	471
COV	[355-355]	355	437
COV	[356-356]	356	453
COV	[357-357]	357	502
COV	[358-358]	358	482
COV	[359-359]	359	498
COV	[360-360]	360	430
COV	[361-361]	361	411
COV	[362-362]	362	432
COV	[363-363]	363	444
COV	[364-364]	364	427
COV	[365-365]	365	474
COV	[366-366]	366	474
COV	[367-367]	367	458
COV	[368-368]	368	430
COV	[369-369]	369	364
COV	[370-370]	370	369
COV	[371-371]	371	396
COV	[372-372]	372	414
COV	[373-373]	373	424
COV	[374-374]	374	389
COV	[375-375]	375	402
COV	[376-376]	376	393
COV	[377-377]	377	414
COV	[378-378]	378	417
COV	[379-379]	379	414
COV	[380-380]	380	414
COV	[381-381]	381	392
COV	[382-382]	382	354
COV	[383-383]	383	387
COV	[384-384]	384	401
COV	[385-385]	385	351
COV	[386-386]	386	347
COV	[387-387]	387	372
COV	[388-388]	388	391
COV	[389-389]	389	385
COV	[390-390]	390	428
COV	[391-391]	391	387
COV	[392-392]	392	403
COV	[393-393]	393	350
COV	[394-394]	394	332
COV	[395-395]	395	357
COV	[396-396]	396	366
COV	[397-397]	397	376
COV	[398-398]	398	376
COV	[399-399]	399	309
COV	[400-400]	400	393
COV	[401-401]	401	304
COV	[402-402]	402	340
COV	[403-403]	403	301
COV	[404-404]	404	292
COV	[405-405]	405	359
COV	[406-406]	406	340
COV	[407-407]	407	325
COV	[408-408]	408	329
COV	[409-409]	409	324
COV	[410-410]	410	324
COV	[411-411]	411	290
COV	[412-412]	412	286
COV	[413-413]	413	293
COV	[414-414]	414	298
COV	[415-415]	415	275
COV	[416-416]	416	290
COV	[417-417]	417	281
COV	[418-418]	418	302
COV	[419-419]	419	256
COV	[420-420]	420	273
COV	[421-421]	421	271
COV	[422-422]	422	307
COV	[423-423]	423	273
COV	[424-424]	424	304
COV	[425-425]	425	254
COV	[426-426]	426	291
COV	[427-427]	427	222
COV	[428-428]	428	267
COV	[429-429]	429	265
COV	[430-430]	430	249
COV	[431-431]	431	239
COV	[432-432]	432	230
COV	[433-433]	433	266
COV	[434-434]	434	256
COV	[435-435]	435	233
COV	[436-436]	436	227
COV	[437-437]	437	248
COV	[438-438]	438	232
COV	[439-439]	439	227
COV	[440-440]	440	223
COV	[441-441]	441	234
COV	[442-442]	442	257
COV	[443-443]	443	234
COV	[444-444]	444	243
COV	[445-445]	445	210
COV	[446-446]	446	217
COV	[447-447]	447	222
COV	[448-448]	448	220
COV	[449-449]	449	224
COV	[450-450]	450	222
COV	[451-451]	451	211
COV	[452-452]	452	231
COV	[453-453]	453	199
COV	[454-454]	454	235
COV	[455-455]	455	239
COV	[456-456]	456	230
COV	[457-457]	457	206
COV	[458-458]	458	216
COV	[459-459]	459	199
COV	[460-460]	460	218
COV	[461-461]	461	206
COV	[462-462]	462	219
COV	[463-463]	463	196
COV	[464-464]	464	216
COV	[465-465]	465	218
COV	[466-466]	466	188
COV	[467-467]	467	193
COV	[468-468]	468	229
COV	[469-469]	469	183
COV	[470-470]	470	195
COV	[471-471]	471	159
COV	[472-472]	472	187
COV	[473-473]	473	148
COV	[474-474]	474	166
COV	[475-475]	475	166
COV	[476-476]	476	179
COV	[477-477]	477	188
COV	[478-478]	478	151
COV	[479-479]	479	156
COV	[480-480]	480	174
COV	[481-481]	481	152
COV	[482-482]	482	177
COV	[483-483]	483	134
COV	[484-484]	484	146
COV	[485-485]	485	164
COV	[486-486]	486	154
COV	[487-487]	487	154
COV	[488-488]	488	155
COV	[489-489]	489	169
COV	[490-490]	490	147
COV	[491-491]	491	174
COV	[492-492]	492	140
COV	[493-493]	493	118
COV	[494-494]	494	131
COV	[495-495]	495	146
COV	[496-496]	496	117
COV	[497-497]	497	132
COV	[498-498]	498	130
COV	[499-499]	499	129
COV	[500-500]	500	123
COV	[501-501]	501	104
COV	[502-502]	502	151
COV	[503-503]	503	138
COV	[504-504]	504	131
COV	[505-505]	505	134
COV	[506-506]	506	96
COV	[507-507]	507	93
COV	[508-508]	508	109
COV	[509-509]	509	126
COV	[510-510]	510	130
COV	[511-511]	511	113
COV	[512-512]	512	110
COV	[513-513]	513	108
COV	[514-514]	514	103
COV	[515-515]	515	122
COV	[516-516]	516	109
COV	[517-517]	517	93
COV	[518-518]	518	92
COV	[519-519]	519	120
COV	[520-520]	520	116
COV	[521-521]	521	89
COV	[522-522]	522	81
COV	[523-523]	523	88
COV	[524-524]	524	103
COV	[525-525]	525	70
COV	[526-526]	526	84
COV	[527-527]	527	83
COV	[528-528]	528	73
COV	[529-529]	529	71
COV	[530-530]	530	87
COV	[531-531]	531	78
COV	[532-532]	532	100
COV	[533-533]	533	68
COV	[534-534]	534	75
COV	[535-535]	535	81
COV	[536-536]	536	76
COV	[537-537]	537	74
COV	[538-538]	538	66
COV	[539-539]	539	75
COV	[540-540]	540	69
COV	[541-541]	541	62
COV	[542-542]	542	67
COV	[543-543]	543	68
COV	[544-544]	544	80
COV	[545-545]	545	66
COV	[546-546]	546	71
COV	[547-547]	547	81
COV	[548-548]	548	69
COV	[549-549]	549	72
COV	[550-550]	550	84
COV	[551-551]	551	67
COV	[552-552]	552	60
COV	[553-553]	553	48
COV	[554-554]	554	67
COV	[555-555]	555	66
COV	[556-556]	556	66
COV	[557-557]	557	53
COV	[558-558]	558	47
COV	[559-559]	559	68
COV	[560-560]	560	54
COV	[561-561]	561	44
COV	[562-562]	562	48
COV	[563-563]	563	45
COV	[564-564]	564	46
COV	[565-565]	565	60
COV	[566-566]	566	58
COV	[567-567]	567	65
COV	[568-568]	568	55
COV	[569-569]	569	48
COV	[570-570]	570	49
COV	[571-571]	571	33
COV	[572-572]	572	42
COV	[573-573]	573	34
COV	[574-574]	574	58
COV	[575-575]	575	35
COV	[576-576]	576	37
COV	[577-577]	577	48
COV	[578-578]	578	41
COV	[579-579]	579	47
COV	[580-580]	580	44
COV	[581-581]	581	47
COV	[582-582]	582	42
COV	[583-583]	583	47
COV	[584-584]	584	43
COV	[585-585]	585	40
COV	[586-586]	586	46
COV	[587-587]	587	46
COV	[588-588]	588	56
COV	[589-589]	589	26
COV	[590-590]	590	35
COV	[591-591]	591	24
COV	[592-592]	592	44
COV	[593-593]	593	42
COV	[594-594]	594	33
COV	[595-595]	595	36
COV	[596-596]	596	31
COV	[597-597]	597	44
COV	[598-598]	598	39
COV	[599-599]	599	23
COV	[600-600]	600	35
COV	[601-601]	601	38
COV	[602-602]	602	25
COV	[603-603]	603	39
COV	[604-604]	604	35
COV	[605-605]	605	27
COV	[606-606]	606	24
COV	[607-607]	607	36
COV	[608-608]	608	32
COV	[609-609]	609	38
COV	[610-610]	610	30
COV	[611-611]	611	26
COV	[612-612]	612	18
COV	[613-613]	613	35
COV	[614-614]	614	35
COV	[615-615]	615	18
COV	[616-616]	616	34
COV	[617-617]	617	22
COV	[618-618]	618	38
COV	[619-619]	619	27
COV	[620-620]	620	28
COV	[621-621]	621	24
COV	[622-622]	622	22
COV	[623-623]	623	17
COV	[624-624]	624	22
COV	[625-625]	625	22
COV	[626-626]	626	22
COV	[627-627]	627	30
COV	[628-628]	628	19
COV	[629-629]	629	30
COV	[630-630]	630	17
COV	[631-631]	631	21
COV	[632-632]	632	21
COV	[633-633]	633	31
COV	[634-634]	634	20
COV	[635-635]	635	29
COV	[636-636]	636	22
COV	[637-637]	637	20
COV	[638-638]	638	18
COV	[639-639]	639	26
COV	[640-640]	640	22
COV	[641-641]	641	18
COV	[642-642]	642	26
COV	[643-643]	643	24
COV	[644-644]	644	25
COV	[645-645]	645	23
COV	[646-646]	646	12
COV	[647-647]	647	14
COV	[648-648]	648	15
COV	[649-649]	649	20
COV	[650-650]	650	15
COV	[651-651]	651	14
COV	[652-652]	652	23
COV	[653-653]	653	13
COV	[654-654]	654	26
COV	[655-655]	655	17
COV	[656-656]	656	9
COV	[657-657]	657	15
COV	[658-658]	658	13
COV	[659-659]	659	20
COV	[660-660]	660	14
COV	[661-661]	661	12
COV	[662-662]	662	13
COV	[663-663]	663	14
COV	[664-664]	664	9
COV	[665-665]	665	12
COV	[666-666]	666	15
COV	[667-667]	667	16
COV	[668-668]	668	25
COV	[669-669]	669	18
COV	[670-670]	670	11
COV	[671-671]	671	15
COV	[672-672]	672	16
COV	[673-673]	673	12
COV	[674-674]	674	12
COV	[675-675]	675	14
COV	[676-676]	676	22
COV	[677-677]	677	16
COV	[678-678]	678	18
COV	[679-679]	679	20
COV	[680-680]	680	16
COV	[681-681]	681	12
COV	[682-682]	682	11
COV	[683-683]	683	17
COV	[684-684]	684	15
COV	[685-685]	685	30
COV	[686-686]	686	24
COV	[687-687]	687	19
COV	[688-688]	688	19
COV	[689-689]	689	17
COV	[690-690]	690	15
COV	[691-691]	691	18
COV	[692-692]	692	24
COV	[693-693]	693	17
COV	[694-694]	694	10
COV	[695-695]	695	15
COV	[696-696]	696	11
COV	[697-697]	697	17
COV	[698-698]	698	14
COV	[699-699]	699	23
COV	[700-700]	700	14
COV	[701-701]	701	12
COV	[702-702]	702	15
COV	[703-703]	703	10
COV	[704-704]	704	9
COV	[705-705]	705	9
COV	[706-706]	706	10
COV	[707-707]	707	11
COV	[708-708]	708	16
COV	[709-709]	709	11
COV	[710-710]	710	10
COV	[711-711]	711	8
COV	[712-712]	712	4
COV	[713-713]	713	14
COV	[714-714]	714	9
COV	[715-715]	715	18
COV	[716-716]	716	12
COV	[717-717]	717	9
COV	[718-718]	718	11
COV	[719-719]	719	12
COV	[720-720]	720	8
COV	[721-721]	721	7
COV	[722-722]	722	5
COV	[723-723]	723	9
COV	[724-724]	724	6
COV	[725-725]	725	9
COV	[726-726]	726	6
COV	[727-727]	727	12
COV	[728-728]	728	7
COV	[729-729]	729	6
COV	[730-730]	730	8
COV	[731-731]	731	15
COV	[732-732]	732	6
COV	[733-733]	733	10
COV	[734-734]	734	7
COV	[735-735]	735	6
COV	[736-736]	736	7
COV	[737-737]	737	7
COV	[738-738]	738	12
COV	[739-739]	739	4
COV	[740-740]	740	3
COV	[741-741]	741	10
COV	[742-742]	742	12
COV	[743-743]	743	6
COV	[744-744]	744	3
COV	[745-745]	745	6
COV	[746-746]	746	5
COV	[747-747]	747	8
COV	[748-748]	748	9
COV	[749-749]	749	5
COV	[750-750]	750	4
COV	[751-751]	751	4
COV	[752-752]	752	2
COV	[753-753]	753	5
COV	[754-754]	754	4
COV	[755-755]	755	3
COV	[756-756]	756	9
COV	[757-757]	757	5
COV	[758-758]	758	9
COV	[759-759]	759	8
COV	[760-760]	760	4
COV	[761-761]	761	7
COV	[762-762]	762	7
COV	[763-763]	763	10
COV	[764-764]	764	5
COV	[765-765]	765	10
COV	[766-766]	766	6
COV	[767-767]	767	6
COV	[768-768]	768	5
COV	[769-769]	769	5
COV	[770-770]	770	9
COV	[771-771]	771	4
COV	[772-772]	772	3
COV	[773-773]	773	11
COV	[774-774]	774	6
COV	[775-775]	775	2
COV	[776-776]	776	1
COV	[777-777]	777	9
COV	[778-778]	778	4
COV	[779-779]	779	9
COV	[780-780]	780	9
COV	[781-781]	781	11
COV	[782-782]	782	6
COV	[783-783]	783	6
COV	[784-784]	784	5
COV	[785-785]	785	3
COV	[786-786]	786	11
COV	[787-787]	787	6
COV	[788-788]	788	3
COV	[789-789]	789	4
COV	[790-790]	790	5
COV	[791-791]	791	1
COV	[792-792]	792	1
COV	[793-793]	793	5
COV	[794-794]	794	5
COV	[795-795]	795	2
COV	[796-796]	796	2
COV	[797-797]	797	1
COV	[798-798]	798	4
COV	[799-799]	799	2
COV	[800-800]	800	4
COV	[801-801]	801	3
COV	[802-802]	802	5
COV	[803-803]	803	3
COV	[804-804]	804	4
COV	[805-805]	805	1
COV	[807-807]	807	2
COV	[808-808]	808	5
COV	[809-809]	809	3
COV	[810-810]	810	2
COV	[811-811]	811	2
COV	[812-812]	812	3
COV	[813-813]	813	6
COV	[814-814]	814	2
COV	[815-815]	815	3
COV	[816-816]	816	3
COV	[817-817]	817	2
COV	[818-818]	818	3
COV	[819-819]	819	5
COV	[820-820]	820	3
COV	[821-821]	821	7
COV	[822-822]	822	3
COV	[823-823]	823	3
COV	[824-824]	824	5
COV	[825-825]	825	2
COV	[826-826]	826	4
COV	[827-827]	827	3
COV	[828-828]	828	6
COV	[829-829]	829	4
COV	[830-830]	830	3
COV	[831-831]	831	6
COV	[832-832]	832	2
COV	[833-833]	833	5
COV	[834-834]	834	6
COV	[835-835]	835	3
COV	[836-836]	836	3
COV	[837-837]	837	3
COV	[838-838]	838	3
COV	[840-840]	840	4
COV	[841-841]	841	2
COV	[842-842]	842	4
COV	[843-843]	843	3
COV	[844-844]	844	2
COV	[845-845]	845	2
COV	[846-846]	846	1
COV	[847-847]	847	4
COV	[848-848]	848	1
COV	[849-849]	849	4
COV	[850-850]	850	1
COV	[851-851]	851	2
COV	[852-852]	852	2
COV	[853-853]	853	2
COV	[854-854]	854	7
COV	[855-855]	855	3
COV	[857-857]	857	1
COV	[859-859]	859	3
COV	[860-860]	860	3
COV	[861-861]	861	7
COV	[862-862]	862	1
COV	[863-863]	863	1
COV	[864-864]	864	2
COV	[865-865]	865	2
COV	[867-867]	867	2
COV	[868-868]	868	1
COV	[869-869]	869	1
COV	[870-870]	870	2
COV	[871-871]	871	1
COV	[872-872]	872	1
COV	[873-873]	873	3
COV	[875-875]	875	3
COV	[876-876]	876	1
COV	[878-878]	878	5
COV	[879-879]	879	2
COV	[880-880]	880	3
COV	[881-881]	881	3
COV	[882-882]	882	2
COV	[883-883]	883	2
COV	[884-884]	884	1
COV	[886-886]	886	2
COV	[887-887]	887	3
COV	[888-888]	888	1
COV	[889-889]	889	1
COV	[890-890]	890	3
COV	[892-892]	892	1
COV	[893-893]	893	1
COV	[894-894]	894	5
COV	[895-895]	895	3
COV	[896-896]	896	1
COV	[898-898]	898	2
COV	[904-904]	904	1
COV	[905-905]	905	1
COV	[906-906]	906	2
COV	[909-909]	909	1
COV	[910-910]	910	2
COV	[912-912]	912	2
COV	[916-916]	916	1
COV	[919-919]	919	4
COV	[922-922]	922	1
COV	[923-923]	923	1
COV	[924-924]	924	3
COV	[925-925]	925	1
COV	[927-927]	927	1
COV	[928-928]	928	1
COV	[929-929]	929	2
COV	[930-930]	930	1
COV	[931-931]	931	1
COV	[932-932]	932	1
COV	[935-935]	935	1
COV	[936-936]	936	1
COV	[937-937]	937	1
COV	[941-941]	941	1
COV	[943-943]	943	1
COV	[949-949]	949	2
COV	[953-953]	953	2
COV	[954-954]	954	2
COV	[955-955]	955	1
COV	[957-957]	957	1
COV	[958-958]	958	1
COV	[959-959]	959	1
COV	[964-964]	964	2
COV	[965-965]	965	1
COV	[966-966]	966	2
COV	[969-969]	969	1
COV	[970-970]	970	1
COV	[972-972]	972	1
COV	[973-973]	973	1
COV	[975-975]	975	1
COV	[979-979]	979	1
COV	[981-981]	981	1
COV	[982-982]	982	2
COV	[983-983]	983	1
COV	[985-985]	985	1
COV	[986-986]	986	1
COV	[992-992]	992	1
COV	[994-994]	994	1
COV	[996-996]	996	2
COV	[997-997]	997	1
COV	[1000<]	1000	99
# GC-depth. Use `grep ^GCD | cut -f 2-` to extract this part. The columns are: GC%, unique sequence percentiles, 10th, 25th, 50th, 75th and 90th depth percentile
GCD	0.0	0.003	0.000	0.000	0.000	0.000	0.000
GCD	13.0	0.007	0.006	0.006	0.006	0.032	0.032
GCD	15.0	0.008	0.006	0.006	0.006	0.006	0.006
GCD	16.0	0.010	0.006	0.006	0.006	0.006	0.006
GCD	17.0	0.012	0.006	0.006	0.006	0.006	0.006
GCD	19.0	0.013	0.006	0.006	0.006	0.006	0.006
GCD	21.0	0.018	0.013	0.013	0.016	0.019	0.019
GCD	22.0	0.025	0.006	0.006	0.010	0.013	0.019
GCD	23.0	0.045	0.006	0.006	0.019	0.019	0.058
GCD	24.0	0.060	0.006	0.006	0.013	0.038	0.096
GCD	25.0	0.082	0.006	0.006	0.006	0.019	0.032
GCD	26.0	0.130	0.006	0.006	0.019	0.045	0.090
GCD	27.0	0.174	0.006	0.013	0.026	0.045	0.102
GCD	28.0	0.244	0.006	0.013	0.032	0.058	0.102
GCD	29.0	0.344	0.006	0.026	0.051	0.096	0.186
GCD	30.0	0.545	0.006	0.026	0.058	0.102	0.179
GCD	31.0	0.865	0.013	0.032	0.077	0.160	0.275
GCD	32.0	1.355	0.019	0.051	0.109	0.205	0.365
GCD	33.0	2.309	0.038	0.083	0.160	0.307	0.829
GCD	34.0	4.119	0.058	0.122	0.256	0.886	1.203
GCD	35.0	8.032	0.102	0.237	0.806	1.158	1.370
GCD	36.0	16.124	0.160	0.618	1.018	1.261	1.472
GCD	37.0	29.255	0.288	0.819	1.094	1.322	1.542
GCD	38.0	45.216	0.365	0.858	1.120	1.376	1.645
GCD	39.0	59.841	0.419	0.861	1.133	1.427	1.786
GCD	40.0	71.646	0.365	0.851	1.158	1.536	2.061
GCD	41.0	80.205	0.320	0.864	1.222	1.766	2.570
GCD	42.0	86.252	0.294	0.861	1.312	2.086	3.146
GCD	43.0	90.356	0.237	0.915	1.549	2.573	3.754
GCD	44.0	93.192	0.218	1.024	1.901	3.050	4.422
GCD	45.0	95.211	0.141	1.078	2.138	3.386	5.155
GCD	46.0	96.573	0.115	1.181	2.406	3.872	5.440
GCD	47.0	97.577	0.083	1.190	2.486	4.192	5.754
GCD	48.0	98.308	0.051	1.222	2.797	4.605	6.858
GCD	49.0	98.814	0.051	1.168	2.640	4.378	6.029
GCD	50.0	99.155	0.019	0.858	2.429	4.346	6.013
GCD	51.0	99.400	0.019	0.378	2.240	4.806	6.323
GCD	52.0	99.569	0.006	0.045	2.746	4.739	7.235
GCD	53.0	99.699	0.006	0.077	2.362	3.686	5.581
GCD	54.0	99.776	0.006	0.115	2.176	3.693	6.298
GCD	55.0	99.836	0.006	0.205	2.339	4.006	6.512
GCD	56.0	99.878	0.006	0.013	1.494	3.629	5.805
GCD	57.0	99.898	0.006	0.006	0.045	4.339	5.744
GCD	58.0	99.920	0.006	0.006	0.282	1.203	2.720
GCD	59.0	99.925	0.006	0.006	0.032	0.749	0.749
GCD	59.1	99.926	0.365	0.365	0.365	0.365	0.365
GCD	60.0	99.940	0.006	0.006	0.006	0.269	0.973
GCD	61.0	99.946	0.698	0.698	1.293	1.536	2.016
GCD	62.0	99.962	0.006	0.013	1.050	1.466	10.278
GCD	63.0	99.980	0.006	0.621	1.478	1.888	2.749
GCD	64.0	99.993	0.006	0.006	1.344	3.059	3.373
GCD	65.0	99.997	0.013	0.013	0.013	0.602	0.602
GCD	66.0	99.998	0.006	0.006	0.006	0.006	0.006
GCD	72.0	100.000	0.006	0.006	0.006	0.006	0.006
