# This file was produced by samtools stats (1.7+htslib-1.7) and can be plotted using plot-bamstats
# This file contains statistics for all reads.
# The command line was:  stats -t len.txt -i 2000 -@ 3 hand_3_pos_R1.sort.bam
# CHK, Checksum	[2]Read Names	[3]Sequences	[4]Qualities
# CHK, CRC32 of reads which passed filtering followed by addition (32bit overflow)
CHK	8a218fc4	241509d6	28045ba0
# Summary Numbers. Use `grep ^SN | cut -f 2-` to extract this part.
SN	raw total sequences:	39595234
SN	filtered sequences:	0
SN	sequences:	39595234
SN	is sorted:	1
SN	1st fragments:	19797617
SN	last fragments:	19797617
SN	reads mapped:	39595234
SN	reads mapped and paired:	39595234	# paired-end technology bit set + both mates mapped
SN	reads unmapped:	0
SN	reads properly paired:	39595234	# proper-pair bit set
SN	reads paired:	39595234	# paired-end technology bit set
SN	reads duplicated:	0	# PCR or optical duplicate bit set
SN	reads MQ0:	0	# mapped and MQ=0
SN	reads QC failed:	0
SN	non-primary alignments:	0
SN	total length:	2654991795	# ignores clipping
SN	bases mapped:	2654991795	# ignores clipping
SN	bases mapped (cigar):	2654991795	# more accurate
SN	bases trimmed:	0
SN	bases duplicated:	0
SN	mismatches:	31999875	# from NM fields
SN	error rate:	1.205272e-02	# mismatches / bases mapped (cigar)
SN	average length:	67
SN	maximum length:	75
SN	average quality:	33.4
SN	insert size average:	166.3
SN	insert size standard deviation:	75.9
SN	inward oriented pairs:	12798709
SN	outward oriented pairs:	0
SN	pairs with other orientation:	0
SN	pairs on different chromosomes:	0
# First Fragment Qualitites. Use `grep ^FFQ | cut -f 2-` to extract this part.
# Columns correspond to qualities and rows to cycles. First column is the cycle number.
FFQ	1	0	0	38	0	0	0	0	0	0	0	0	0	0	0	663479	0	0	0	0	0	0	623463	0	0	0	0	0	58868	0	0	0	0	18451769	0	0	0	0	0	0	0	0	0
FFQ	2	0	0	0	0	0	0	0	0	0	0	0	0	0	0	748521	0	0	0	0	0	0	269145	0	0	0	0	0	7999	0	0	0	0	18771952	0	0	0	0	0	0	0	0	0
FFQ	3	0	0	0	0	0	0	0	0	0	0	0	0	0	0	631274	0	0	0	0	0	0	307720	0	0	0	0	0	7139	0	0	0	0	18851484	0	0	0	0	0	0	0	0	0
FFQ	4	0	0	0	0	0	0	0	0	0	0	0	0	0	0	505946	0	0	0	0	0	0	334355	0	0	0	0	0	6044	0	0	0	0	18951272	0	0	0	0	0	0	0	0	0
FFQ	5	0	0	0	0	0	0	0	0	0	0	0	0	0	0	440633	0	0	0	0	0	0	528918	0	0	0	0	0	9876	0	0	0	0	18818190	0	0	0	0	0	0	0	0	0
FFQ	6	0	0	536	0	0	0	0	0	0	0	0	0	0	0	690683	0	0	0	0	0	0	624381	0	0	0	0	0	12486	0	0	0	0	1236385	0	0	0	17233146	0	0	0	0	0
FFQ	7	0	0	12	0	0	0	0	0	0	0	0	0	0	0	691740	0	0	0	0	0	0	547246	0	0	0	0	0	15805	0	0	0	0	1277607	0	0	0	17265207	0	0	0	0	0
FFQ	8	0	0	3	0	0	0	0	0	0	0	0	0	0	0	779914	0	0	0	0	0	0	527318	0	0	0	0	0	30949	0	0	0	0	1281247	0	0	0	17178186	0	0	0	0	0
FFQ	9	0	0	63	0	0	0	0	0	0	0	0	0	0	0	588125	0	0	0	0	0	0	514629	0	0	0	0	0	12400	0	0	0	0	1224656	0	0	0	17457744	0	0	0	0	0
FFQ	10	0	0	53	0	0	0	0	0	0	0	0	0	0	0	700474	0	0	0	0	0	0	526499	0	0	0	0	0	17638	0	0	0	0	1313297	0	0	0	17239656	0	0	0	0	0
FFQ	11	0	0	50	0	0	0	0	0	0	0	0	0	0	0	685506	0	0	0	0	0	0	410258	0	0	0	0	0	12237	0	0	0	0	1178779	0	0	0	17510787	0	0	0	0	0
FFQ	12	0	0	19	0	0	0	0	0	0	0	0	0	0	0	696289	0	0	0	0	0	0	519793	0	0	0	0	0	25920	0	0	0	0	1292834	0	0	0	17262762	0	0	0	0	0
FFQ	13	0	0	10	0	0	0	0	0	0	0	0	0	0	0	675123	0	0	0	0	0	0	429720	0	0	0	0	0	18445	0	0	0	0	1222250	0	0	0	17452069	0	0	0	0	0
FFQ	14	0	0	22	0	0	0	0	0	0	0	0	0	0	0	691910	0	0	0	0	0	0	478595	0	0	0	0	0	20891	0	0	0	0	1316128	0	0	0	17290071	0	0	0	0	0
FFQ	15	0	0	56	0	0	0	0	0	0	0	0	0	0	0	781343	0	0	0	0	0	0	429192	0	0	0	0	0	39037	0	0	0	0	1314100	0	0	0	17233889	0	0	0	0	0
FFQ	16	0	0	3	0	0	0	0	0	0	0	0	0	0	0	779225	0	0	0	0	0	0	429407	0	0	0	0	0	49148	0	0	0	0	1293278	0	0	0	17246556	0	0	0	0	0
FFQ	17	0	0	35	0	0	0	0	0	0	0	0	0	0	0	799082	0	0	0	0	0	0	416539	0	0	0	0	0	54544	0	0	0	0	1295635	0	0	0	17231779	0	0	0	0	0
FFQ	18	0	0	24	0	0	0	0	0	0	0	0	0	0	0	832437	0	0	0	0	0	0	384123	0	0	0	0	0	64192	0	0	0	0	1301577	0	0	0	17215257	0	0	0	0	0
FFQ	19	0	0	138	0	0	0	0	0	0	0	0	0	0	0	854895	0	0	0	0	0	0	365683	0	0	0	0	0	70732	0	0	0	0	1321137	0	0	0	17185018	0	0	0	0	0
FFQ	20	0	0	98	0	0	0	0	0	0	0	0	0	0	0	894021	0	0	0	0	0	0	343767	0	0	0	0	0	80279	0	0	0	0	1339695	0	0	0	17139722	0	0	0	0	0
FFQ	21	0	0	9	0	0	0	0	0	0	0	0	0	0	0	906819	0	0	0	0	0	0	327956	0	0	0	0	0	83757	0	0	0	0	1344068	0	0	0	17134953	0	0	0	0	0
FFQ	22	0	0	10	0	0	0	0	0	0	0	0	0	0	0	933344	0	0	0	0	0	0	307270	0	0	0	0	0	90834	0	0	0	0	1354385	0	0	0	17111669	0	0	0	0	0
FFQ	23	0	0	0	0	0	0	0	0	0	0	0	0	0	0	970584	0	0	0	0	0	0	286914	0	0	0	0	0	96939	0	0	0	0	1368044	0	0	0	17074955	0	0	0	0	0
FFQ	24	0	0	11	0	0	0	0	0	0	0	0	0	0	0	1000036	0	0	0	0	0	0	269516	0	0	0	0	0	102700	0	0	0	0	1381342	0	0	0	17043548	0	0	0	0	0
FFQ	25	0	0	0	0	0	0	0	0	0	0	0	0	0	0	1033879	0	0	0	0	0	0	258194	0	0	0	0	0	104794	0	0	0	0	1396910	0	0	0	17003097	0	0	0	0	0
FFQ	26	0	0	10	0	0	0	0	0	0	0	0	0	0	0	1111608	0	0	0	0	0	0	242103	0	0	0	0	0	105777	0	0	0	0	1409950	0	0	0	16926890	0	0	0	0	0
FFQ	27	0	0	10	0	0	0	0	0	0	0	0	0	0	0	1128438	0	0	0	0	0	0	230549	0	0	0	0	0	107199	0	0	0	0	1415617	0	0	0	16908763	0	0	0	0	0
FFQ	28	0	0	19	0	0	0	0	0	0	0	0	0	0	0	1156914	0	0	0	0	0	0	209294	0	0	0	0	0	109849	0	0	0	0	1422854	0	0	0	16884303	0	0	0	0	0
FFQ	29	0	0	0	0	0	0	0	0	0	0	0	0	0	0	1182656	0	0	0	0	0	0	197384	0	0	0	0	0	112921	0	0	0	0	1433963	0	0	0	16847893	0	0	0	0	0
FFQ	30	0	0	0	0	0	0	0	0	0	0	0	0	0	0	1198009	0	0	0	0	0	0	188241	0	0	0	0	0	114897	0	0	0	0	1442224	0	0	0	16822597	0	0	0	0	0
FFQ	31	0	0	0	0	0	0	0	0	0	0	0	0	0	0	1205608	0	0	0	0	0	0	180274	0	0	0	0	0	116038	0	0	0	0	1436340	0	0	0	16819912	0	0	0	0	0
FFQ	32	0	0	0	0	0	0	0	0	0	0	0	0	0	0	1225013	0	0	0	0	0	0	176716	0	0	0	0	0	119796	0	0	0	0	1427967	0	0	0	16799922	0	0	0	0	0
FFQ	33	0	0	0	0	0	0	0	0	0	0	0	0	0	0	1241344	0	0	0	0	0	0	181152	0	0	0	0	0	130100	0	0	0	0	1422554	0	0	0	16759557	0	0	0	0	0
FFQ	34	0	0	0	0	0	0	0	0	0	0	0	0	0	0	1256006	0	0	0	0	0	0	179565	0	0	0	0	0	130755	0	0	0	0	1425430	0	0	0	16718689	0	0	0	0	0
FFQ	35	0	0	0	0	0	0	0	0	0	0	0	0	0	0	1268405	0	0	0	0	0	0	188502	0	0	0	0	0	147109	0	0	0	0	1401220	0	0	0	16666286	0	0	0	0	0
FFQ	36	0	0	0	0	0	0	0	0	0	0	0	0	0	0	1271924	0	0	0	0	0	0	193844	0	0	0	0	0	158697	0	0	0	0	1375940	0	0	0	16600238	0	0	0	0	0
FFQ	37	0	0	0	0	0	0	0	0	0	0	0	0	0	0	1274347	0	0	0	0	0	0	199424	0	0	0	0	0	177920	0	0	0	0	1357880	0	0	0	16485022	0	0	0	0	0
FFQ	38	0	0	0	0	0	0	0	0	0	0	0	0	0	0	1288043	0	0	0	0	0	0	211372	0	0	0	0	0	190512	0	0	0	0	1343943	0	0	0	16340285	0	0	0	0	0
FFQ	39	0	0	0	0	0	0	0	0	0	0	0	0	0	0	1292813	0	0	0	0	0	0	214508	0	0	0	0	0	205765	0	0	0	0	1327269	0	0	0	16204027	0	0	0	0	0
FFQ	40	0	0	0	0	0	0	0	0	0	0	0	0	0	0	1290901	0	0	0	0	0	0	223614	0	0	0	0	0	222568	0	0	0	0	1306391	0	0	0	16035347	0	0	0	0	0
FFQ	41	0	0	0	0	0	0	0	0	0	0	0	0	0	0	1281273	0	0	0	0	0	0	220744	0	0	0	0	0	232784	0	0	0	0	1295025	0	0	0	15863346	0	0	0	0	0
FFQ	42	0	0	0	0	0	0	0	0	0	0	0	0	0	0	1300980	0	0	0	0	0	0	223691	0	0	0	0	0	236189	0	0	0	0	1305639	0	0	0	15635539	0	0	0	0	0
FFQ	43	0	0	169084	0	0	0	0	0	0	0	0	0	0	0	1278590	0	0	0	0	0	0	214077	0	0	0	0	0	242823	0	0	0	0	1308364	0	0	0	15281928	0	0	0	0	0
FFQ	44	0	0	0	0	0	0	0	0	0	0	0	0	0	0	1288372	0	0	0	0	0	0	213804	0	0	0	0	0	253695	0	0	0	0	1370338	0	0	0	15130776	0	0	0	0	0
FFQ	45	0	0	0	0	0	0	0	0	0	0	0	0	0	0	1277337	0	0	0	0	0	0	202888	0	0	0	0	0	262711	0	0	0	0	1427104	0	0	0	14835786	0	0	0	0	0
FFQ	46	0	0	0	0	0	0	0	0	0	0	0	0	0	0	1288478	0	0	0	0	0	0	199514	0	0	0	0	0	265435	0	0	0	0	1493098	0	0	0	14515426	0	0	0	0	0
FFQ	47	0	0	0	0	0	0	0	0	0	0	0	0	0	0	1293619	0	0	0	0	0	0	191526	0	0	0	0	0	278587	0	0	0	0	1596191	0	0	0	14182401	0	0	0	0	0
FFQ	48	0	0	0	0	0	0	0	0	0	0	0	0	0	0	1279163	0	0	0	0	0	0	187955	0	0	0	0	0	288140	0	0	0	0	1671779	0	0	0	13922139	0	0	0	0	0
FFQ	49	0	0	0	0	0	0	0	0	0	0	0	0	0	0	1282159	0	0	0	0	0	0	185240	0	0	0	0	0	302482	0	0	0	0	1743879	0	0	0	13657908	0	0	0	0	0
FFQ	50	0	0	0	0	0	0	0	0	0	0	0	0	0	0	1283287	0	0	0	0	0	0	179397	0	0	0	0	0	328211	0	0	0	0	1823411	0	0	0	13369663	0	0	0	0	0
FFQ	51	0	0	0	0	0	0	0	0	0	0	0	0	0	0	1286807	0	0	0	0	0	0	179617	0	0	0	0	0	354197	0	0	0	0	1885282	0	0	0	13071851	0	0	0	0	0
FFQ	52	0	0	0	0	0	0	0	0	0	0	0	0	0	0	1274980	0	0	0	0	0	0	175962	0	0	0	0	0	380685	0	0	0	0	1928543	0	0	0	12809149	0	0	0	0	0
FFQ	53	0	0	0	0	0	0	0	0	0	0	0	0	0	0	1279329	0	0	0	0	0	0	175012	0	0	0	0	0	409619	0	0	0	0	1955563	0	0	0	12539660	0	0	0	0	0
FFQ	54	0	0	0	0	0	0	0	0	0	0	0	0	0	0	1282826	0	0	0	0	0	0	172494	0	0	0	0	0	430443	0	0	0	0	1983922	0	0	0	12266940	0	0	0	0	0
FFQ	55	0	0	0	0	0	0	0	0	0	0	0	0	0	0	1279993	0	0	0	0	0	0	168243	0	0	0	0	0	448775	0	0	0	0	2006249	0	0	0	12006865	0	0	0	0	0
FFQ	56	0	0	0	0	0	0	0	0	0	0	0	0	0	0	1267751	0	0	0	0	0	0	164951	0	0	0	0	0	488941	0	0	0	0	2003660	0	0	0	11769150	0	0	0	0	0
FFQ	57	0	0	0	0	0	0	0	0	0	0	0	0	0	0	1268581	0	0	0	0	0	0	162753	0	0	0	0	0	499798	0	0	0	0	1981251	0	0	0	11586643	0	0	0	0	0
FFQ	58	0	0	0	0	0	0	0	0	0	0	0	0	0	0	1268541	0	0	0	0	0	0	160154	0	0	0	0	0	522772	0	0	0	0	2003686	0	0	0	11372173	0	0	0	0	0
FFQ	59	0	0	0	0	0	0	0	0	0	0	0	0	0	0	1264041	0	0	0	0	0	0	153330	0	0	0	0	0	534121	0	0	0	0	1981586	0	0	0	11234526	0	0	0	0	0
FFQ	60	0	0	0	0	0	0	0	0	0	0	0	0	0	0	1265180	0	0	0	0	0	0	151377	0	0	0	0	0	537899	0	0	0	0	1980802	0	0	0	11076300	0	0	0	0	0
FFQ	61	0	0	0	0	0	0	0	0	0	0	0	0	0	0	1265075	0	0	0	0	0	0	146153	0	0	0	0	0	546709	0	0	0	0	1971622	0	0	0	10921919	0	0	0	0	0
FFQ	62	0	0	0	0	0	0	0	0	0	0	0	0	0	0	1285532	0	0	0	0	0	0	140629	0	0	0	0	0	546434	0	0	0	0	1973543	0	0	0	10735602	0	0	0	0	0
FFQ	63	0	0	0	0	0	0	0	0	0	0	0	0	0	0	1286119	0	0	0	0	0	0	131033	0	0	0	0	0	554559	0	0	0	0	1956778	0	0	0	10577303	0	0	0	0	0
FFQ	64	0	0	0	0	0	0	0	0	0	0	0	0	0	0	1287821	0	0	0	0	0	0	126873	0	0	0	0	0	554768	0	0	0	0	1941063	0	0	0	10411762	0	0	0	0	0
FFQ	65	0	0	0	0	0	0	0	0	0	0	0	0	0	0	1281948	0	0	0	0	0	0	124689	0	0	0	0	0	553443	0	0	0	0	1923618	0	0	0	10252073	0	0	0	0	0
FFQ	66	0	0	0	0	0	0	0	0	0	0	0	0	0	0	1269779	0	0	0	0	0	0	120161	0	0	0	0	0	548831	0	0	0	0	1890295	0	0	0	10125502	0	0	0	0	0
FFQ	67	0	0	0	0	0	0	0	0	0	0	0	0	0	0	1270865	0	0	0	0	0	0	118540	0	0	0	0	0	551824	0	0	0	0	1877023	0	0	0	9977526	0	0	0	0	0
FFQ	68	0	0	0	0	0	0	0	0	0	0	0	0	0	0	1284084	0	0	0	0	0	0	119080	0	0	0	0	0	553926	0	0	0	0	1888062	0	0	0	9806558	0	0	0	0	0
FFQ	69	0	0	0	0	0	0	0	0	0	0	0	0	0	0	1280210	0	0	0	0	0	0	119558	0	0	0	0	0	558293	0	0	0	0	1894006	0	0	0	9668722	0	0	0	0	0
FFQ	70	0	0	0	0	0	0	0	0	0	0	0	0	0	0	1290780	0	0	0	0	0	0	120465	0	0	0	0	0	557705	0	0	0	0	1904851	0	0	0	9510046	0	0	0	0	0
FFQ	71	0	0	0	0	0	0	0	0	0	0	0	0	0	0	1274034	0	0	0	0	0	0	120231	0	0	0	0	0	552456	0	0	0	0	1903302	0	0	0	9382913	0	0	0	0	0
FFQ	72	0	0	0	0	0	0	0	0	0	0	0	0	0	0	1275167	0	0	0	0	0	0	118690	0	0	0	0	0	541435	0	0	0	0	1906600	0	0	0	9135533	0	0	0	0	0
FFQ	73	0	0	0	0	0	0	0	0	0	0	0	0	0	0	1251041	0	0	0	0	0	0	119584	0	0	0	0	0	535084	0	0	0	0	1881391	0	0	0	8830796	0	0	0	0	0
FFQ	74	0	0	0	0	0	0	0	0	0	0	0	0	0	0	1177730	0	0	0	0	0	0	108194	0	0	0	0	0	488027	0	0	0	0	1753989	0	0	0	8226644	0	0	0	0	0
FFQ	75	0	0	0	0	0	0	0	0	0	0	0	0	0	0	1358643	0	0	0	0	0	0	138432	0	0	0	0	0	447971	0	0	0	0	1772847	0	0	0	5519461	0	0	0	0	0
FFQ	76	0	0	0	0	0	0	0	0	0	0	0	0	0	0	0	0	0	0	0	0	0	0	0	0	0	0	0	0	0	0	0	0	0	0	0	0	0	0	0	0	0	0
# Last Fragment Qualitites. Use `grep ^LFQ | cut -f 2-` to extract this part.
# Columns correspond to qualities and rows to cycles. First column is the cycle number.
LFQ	1	0	0	13416	0	0	0	0	0	0	0	0	0	0	0	932933	0	0	0	0	0	0	630129	0	0	0	0	0	36049	0	0	0	0	18185090	0	0	0	0	0	0	0	0	0
LFQ	2	0	0	5672	0	0	0	0	0	0	0	0	0	0	0	1551946	0	0	0	0	0	0	328256	0	0	0	0	0	9011	0	0	0	0	17902732	0	0	0	0	0	0	0	0	0
LFQ	3	0	0	2395	0	0	0	0	0	0	0	0	0	0	0	1249477	0	0	0	0	0	0	490637	0	0	0	0	0	8354	0	0	0	0	18046754	0	0	0	0	0	0	0	0	0
LFQ	4	0	0	942	0	0	0	0	0	0	0	0	0	0	0	1016766	0	0	0	0	0	0	654116	0	0	0	0	0	9472	0	0	0	0	18116321	0	0	0	0	0	0	0	0	0
LFQ	5	0	0	403	0	0	0	0	0	0	0	0	0	0	0	1195892	0	0	0	0	0	0	587529	0	0	0	0	0	35838	0	0	0	0	17977955	0	0	0	0	0	0	0	0	0
LFQ	6	0	0	170	0	0	0	0	0	0	0	0	0	0	0	1227372	0	0	0	0	0	0	492781	0	0	0	0	0	43102	0	0	0	0	1307044	0	0	0	16727148	0	0	0	0	0
LFQ	7	0	0	64	0	0	0	0	0	0	0	0	0	0	0	1188582	0	0	0	0	0	0	520687	0	0	0	0	0	64176	0	0	0	0	1341509	0	0	0	16682599	0	0	0	0	0
LFQ	8	0	0	6	0	0	0	0	0	0	0	0	0	0	0	1322665	0	0	0	0	0	0	480738	0	0	0	0	0	86189	0	0	0	0	1360499	0	0	0	16547520	0	0	0	0	0
LFQ	9	0	0	4	0	0	0	0	0	0	0	0	0	0	0	1033069	0	0	0	0	0	0	562703	0	0	0	0	0	47009	0	0	0	0	1380512	0	0	0	16774320	0	0	0	0	0
LFQ	10	0	0	0	0	0	0	0	0	0	0	0	0	0	0	1287376	0	0	0	0	0	0	489630	0	0	0	0	0	71722	0	0	0	0	1407006	0	0	0	16541883	0	0	0	0	0
LFQ	11	0	0	0	0	0	0	0	0	0	0	0	0	0	0	1174160	0	0	0	0	0	0	420569	0	0	0	0	0	57778	0	0	0	0	1310145	0	0	0	16834965	0	0	0	0	0
LFQ	12	0	0	0	0	0	0	0	0	0	0	0	0	0	0	1321592	0	0	0	0	0	0	457549	0	0	0	0	0	95219	0	0	0	0	1413527	0	0	0	16509730	0	0	0	0	0
LFQ	13	0	0	0	0	0	0	0	0	0	0	0	0	0	0	1232797	0	0	0	0	0	0	411823	0	0	0	0	0	80000	0	0	0	0	1340766	0	0	0	16732231	0	0	0	0	0
LFQ	14	0	0	0	0	0	0	0	0	0	0	0	0	0	0	1307985	0	0	0	0	0	0	451964	0	0	0	0	0	97835	0	0	0	0	1427607	0	0	0	16512226	0	0	0	0	0
LFQ	15	0	0	0	0	0	0	0	0	0	0	0	0	0	0	1433098	0	0	0	0	0	0	355412	0	0	0	0	0	102063	0	0	0	0	1415185	0	0	0	16491859	0	0	0	0	0
LFQ	16	0	0	0	0	0	0	0	0	0	0	0	0	0	0	1435382	0	0	0	0	0	0	378588	0	0	0	0	0	98667	0	0	0	0	1400035	0	0	0	16484945	0	0	0	0	0
LFQ	17	0	0	0	0	0	0	0	0	0	0	0	0	0	0	1433694	0	0	0	0	0	0	367274	0	0	0	0	0	96068	0	0	0	0	1382826	0	0	0	16517752	0	0	0	0	0
LFQ	18	0	0	0	0	0	0	0	0	0	0	0	0	0	0	1481861	0	0	0	0	0	0	338430	0	0	0	0	0	95823	0	0	0	0	1386528	0	0	0	16494969	0	0	0	0	0
LFQ	19	0	0	0	0	0	0	0	0	0	0	0	0	0	0	1501762	0	0	0	0	0	0	301232	0	0	0	0	0	98623	0	0	0	0	1387896	0	0	0	16508091	0	0	0	0	0
LFQ	20	0	0	0	0	0	0	0	0	0	0	0	0	0	0	1546725	0	0	0	0	0	0	285196	0	0	0	0	0	98930	0	0	0	0	1401165	0	0	0	16465569	0	0	0	0	0
LFQ	21	0	0	0	0	0	0	0	0	0	0	0	0	0	0	1556817	0	0	0	0	0	0	274166	0	0	0	0	0	99991	0	0	0	0	1401451	0	0	0	16465139	0	0	0	0	0
LFQ	22	0	0	0	0	0	0	0	0	0	0	0	0	0	0	1573737	0	0	0	0	0	0	269244	0	0	0	0	0	99739	0	0	0	0	1404804	0	0	0	16449987	0	0	0	0	0
LFQ	23	0	0	0	0	0	0	0	0	0	0	0	0	0	0	1585321	0	0	0	0	0	0	255651	0	0	0	0	0	102242	0	0	0	0	1403184	0	0	0	16451031	0	0	0	0	0
LFQ	24	0	0	0	0	0	0	0	0	0	0	0	0	0	0	1612980	0	0	0	0	0	0	259380	0	0	0	0	0	101765	0	0	0	0	1407322	0	0	0	16415741	0	0	0	0	0
LFQ	25	0	0	0	0	0	0	0	0	0	0	0	0	0	0	1611156	0	0	0	0	0	0	255658	0	0	0	0	0	107522	0	0	0	0	1398595	0	0	0	16423984	0	0	0	0	0
LFQ	26	0	0	0	0	0	0	0	0	0	0	0	0	0	0	1621303	0	0	0	0	0	0	267957	0	0	0	0	0	111262	0	0	0	0	1394079	0	0	0	16401740	0	0	0	0	0
LFQ	27	0	0	0	0	0	0	0	0	0	0	0	0	0	0	1626665	0	0	0	0	0	0	273894	0	0	0	0	0	124354	0	0	0	0	1374140	0	0	0	16391502	0	0	0	0	0
LFQ	28	0	0	0	0	0	0	0	0	0	0	0	0	0	0	1646834	0	0	0	0	0	0	289417	0	0	0	0	0	140788	0	0	0	0	1359384	0	0	0	16346809	0	0	0	0	0
LFQ	29	0	0	0	0	0	0	0	0	0	0	0	0	0	0	1648770	0	0	0	0	0	0	296023	0	0	0	0	0	164334	0	0	0	0	1329958	0	0	0	16335761	0	0	0	0	0
LFQ	30	0	0	0	0	0	0	0	0	0	0	0	0	0	0	1668413	0	0	0	0	0	0	309622	0	0	0	0	0	189369	0	0	0	0	1307390	0	0	0	16291250	0	0	0	0	0
LFQ	31	0	0	0	0	0	0	0	0	0	0	0	0	0	0	1666783	0	0	0	0	0	0	312504	0	0	0	0	0	200737	0	0	0	0	1291359	0	0	0	16286805	0	0	0	0	0
LFQ	32	0	0	0	0	0	0	0	0	0	0	0	0	0	0	1697207	0	0	0	0	0	0	322093	0	0	0	0	0	219018	0	0	0	0	1279702	0	0	0	16231301	0	0	0	0	0
LFQ	33	0	0	0	0	0	0	0	0	0	0	0	0	0	0	1703629	0	0	0	0	0	0	321819	0	0	0	0	0	242352	0	0	0	0	1279809	0	0	0	16186946	0	0	0	0	0
LFQ	34	0	0	0	0	0	0	0	0	0	0	0	0	0	0	1724374	0	0	0	0	0	0	326332	0	0	0	0	0	247096	0	0	0	0	1292330	0	0	0	16120061	0	0	0	0	0
LFQ	35	0	0	0	0	0	0	0	0	0	0	0	0	0	0	1749282	0	0	0	0	0	0	319594	0	0	0	0	0	259292	0	0	0	0	1341779	0	0	0	16001255	0	0	0	0	0
LFQ	36	0	0	0	0	0	0	0	0	0	0	0	0	0	0	1768209	0	0	0	0	0	0	301625	0	0	0	0	0	266036	0	0	0	0	1387205	0	0	0	15877135	0	0	0	0	0
LFQ	37	0	0	0	0	0	0	0	0	0	0	0	0	0	0	1766318	0	0	0	0	0	0	295299	0	0	0	0	0	266356	0	0	0	0	1431767	0	0	0	15734421	0	0	0	0	0
LFQ	38	0	0	0	0	0	0	0	0	0	0	0	0	0	0	1768491	0	0	0	0	0	0	287928	0	0	0	0	0	269428	0	0	0	0	1528418	0	0	0	15519067	0	0	0	0	0
LFQ	39	0	0	0	0	0	0	0	0	0	0	0	0	0	0	1771012	0	0	0	0	0	0	275322	0	0	0	0	0	275357	0	0	0	0	1643908	0	0	0	15277967	0	0	0	0	0
LFQ	40	0	0	5	0	0	0	0	0	0	0	0	0	0	0	1768058	0	0	0	0	0	0	270975	0	0	0	0	0	281094	0	0	0	0	1749445	0	0	0	15008343	0	0	0	0	0
LFQ	41	0	0	0	0	0	0	0	0	0	0	0	0	0	0	1766681	0	0	0	0	0	0	268633	0	0	0	0	0	282618	0	0	0	0	1809308	0	0	0	14764893	0	0	0	0	0
LFQ	42	0	0	1	0	0	0	0	0	0	0	0	0	0	0	1748195	0	0	0	0	0	0	264392	0	0	0	0	0	296062	0	0	0	0	1875699	0	0	0	14517465	0	0	0	0	0
LFQ	43	0	0	0	0	0	0	0	0	0	0	0	0	0	0	1725885	0	0	0	0	0	0	258540	0	0	0	0	0	320526	0	0	0	0	1935524	0	0	0	14252980	0	0	0	0	0
LFQ	44	0	0	64	0	0	0	0	0	0	0	0	0	0	0	1719315	0	0	0	0	0	0	258299	0	0	0	0	0	363545	0	0	0	0	1981293	0	0	0	13933339	0	0	0	0	0
LFQ	45	0	0	63	0	0	0	0	0	0	0	0	0	0	0	1692667	0	0	0	0	0	0	252145	0	0	0	0	0	409076	0	0	0	0	1977138	0	0	0	13673905	0	0	0	0	0
LFQ	46	0	0	4	0	0	0	0	0	0	0	0	0	0	0	1677176	0	0	0	0	0	0	248465	0	0	0	0	0	451959	0	0	0	0	1979769	0	0	0	13404137	0	0	0	0	0
LFQ	47	0	0	1	0	0	0	0	0	0	0	0	0	0	0	1666838	0	0	0	0	0	0	244054	0	0	0	0	0	494296	0	0	0	0	1977647	0	0	0	13158697	0	0	0	0	0
LFQ	48	0	0	18	0	0	0	0	0	0	0	0	0	0	0	1652087	0	0	0	0	0	0	243912	0	0	0	0	0	524433	0	0	0	0	1964090	0	0	0	12963649	0	0	0	0	0
LFQ	49	0	0	0	0	0	0	0	0	0	0	0	0	0	0	1645595	0	0	0	0	0	0	241302	0	0	0	0	0	529351	0	0	0	0	1948551	0	0	0	12805696	0	0	0	0	0
LFQ	50	0	0	91	0	0	0	0	0	0	0	0	0	0	0	1632971	0	0	0	0	0	0	232242	0	0	0	0	0	536016	0	0	0	0	1926014	0	0	0	12655508	0	0	0	0	0
LFQ	51	0	0	46	0	0	0	0	0	0	0	0	0	0	0	1636980	0	0	0	0	0	0	219563	0	0	0	0	0	533460	0	0	0	0	1906041	0	0	0	12480825	0	0	0	0	0
LFQ	52	0	0	0	0	0	0	0	0	0	0	0	0	0	0	1635990	0	0	0	0	0	0	208630	0	0	0	0	0	530850	0	0	0	0	1887588	0	0	0	12305629	0	0	0	0	0
LFQ	53	0	0	0	0	0	0	0	0	0	0	0	0	0	0	1642395	0	0	0	0	0	0	192639	0	0	0	0	0	525557	0	0	0	0	1870985	0	0	0	12127018	0	0	0	0	0
LFQ	54	0	0	68	0	0	0	0	0	0	0	0	0	0	0	1639532	0	0	0	0	0	0	178061	0	0	0	0	0	524872	0	0	0	0	1847287	0	0	0	11946274	0	0	0	0	0
LFQ	55	0	0	73	0	0	0	0	0	0	0	0	0	0	0	1633008	0	0	0	0	0	0	159305	0	0	0	0	0	519792	0	0	0	0	1817600	0	0	0	11780088	0	0	0	0	0
LFQ	56	0	0	23	0	0	0	0	0	0	0	0	0	0	0	1637789	0	0	0	0	0	0	147596	0	0	0	0	0	513261	0	0	0	0	1808783	0	0	0	11586781	0	0	0	0	0
LFQ	57	0	0	46	0	0	0	0	0	0	0	0	0	0	0	1629337	0	0	0	0	0	0	138228	0	0	0	0	0	515831	0	0	0	0	1792477	0	0	0	11423062	0	0	0	0	0
LFQ	58	0	0	115	0	0	0	0	0	0	0	0	0	0	0	1623862	0	0	0	0	0	0	136354	0	0	0	0	0	523346	0	0	0	0	1796627	0	0	0	11246827	0	0	0	0	0
LFQ	59	0	0	155	0	0	0	0	0	0	0	0	0	0	0	1630818	0	0	0	0	0	0	137426	0	0	0	0	0	524658	0	0	0	0	1805809	0	0	0	11068403	0	0	0	0	0
LFQ	60	0	0	381	0	0	0	0	0	0	0	0	0	0	0	1630198	0	0	0	0	0	0	139570	0	0	0	0	0	529458	0	0	0	0	1822360	0	0	0	10889170	0	0	0	0	0
LFQ	61	0	0	101	0	0	0	0	0	0	0	0	0	0	0	1614084	0	0	0	0	0	0	138036	0	0	0	0	0	533315	0	0	0	0	1825665	0	0	0	10739697	0	0	0	0	0
LFQ	62	0	0	39	0	0	0	0	0	0	0	0	0	0	0	1617908	0	0	0	0	0	0	136073	0	0	0	0	0	523143	0	0	0	0	1828177	0	0	0	10575773	0	0	0	0	0
LFQ	63	0	0	389	0	0	0	0	0	0	0	0	0	0	0	1604377	0	0	0	0	0	0	135106	0	0	0	0	0	523371	0	0	0	0	1839623	0	0	0	10402264	0	0	0	0	0
LFQ	64	0	0	115	0	0	0	0	0	0	0	0	0	0	0	1595403	0	0	0	0	0	0	134287	0	0	0	0	0	518423	0	0	0	0	1854632	0	0	0	10219027	0	0	0	0	0
LFQ	65	0	0	9	0	0	0	0	0	0	0	0	0	0	0	1588229	0	0	0	0	0	0	137027	0	0	0	0	0	516460	0	0	0	0	1857623	0	0	0	10035979	0	0	0	0	0
LFQ	66	0	0	114	0	0	0	0	0	0	0	0	0	0	0	1570355	0	0	0	0	0	0	138330	0	0	0	0	0	515987	0	0	0	0	1861832	0	0	0	9867384	0	0	0	0	0
LFQ	67	0	0	200	0	0	0	0	0	0	0	0	0	0	0	1554402	0	0	0	0	0	0	137687	0	0	0	0	0	515560	0	0	0	0	1849613	0	0	0	9737803	0	0	0	0	0
LFQ	68	0	0	122	0	0	0	0	0	0	0	0	0	0	0	1554052	0	0	0	0	0	0	137179	0	0	0	0	0	510779	0	0	0	0	1860275	0	0	0	9588905	0	0	0	0	0
LFQ	69	0	0	205	0	0	0	0	0	0	0	0	0	0	0	1543714	0	0	0	0	0	0	137475	0	0	0	0	0	517902	0	0	0	0	1844748	0	0	0	9476285	0	0	0	0	0
LFQ	70	0	0	295	0	0	0	0	0	0	0	0	0	0	0	1525267	0	0	0	0	0	0	136522	0	0	0	0	0	518985	0	0	0	0	1830367	0	0	0	9371352	0	0	0	0	0
LFQ	71	0	0	422	0	0	0	0	0	0	0	0	0	0	0	1526913	0	0	0	0	0	0	137602	0	0	0	0	0	534551	0	0	0	0	1818251	0	0	0	9214027	0	0	0	0	0
LFQ	72	0	0	285	0	0	0	0	0	0	0	0	0	0	0	1515159	0	0	0	0	0	0	134716	0	0	0	0	0	529671	0	0	0	0	1794045	0	0	0	9001911	0	0	0	0	0
LFQ	73	0	0	221	0	0	0	0	0	0	0	0	0	0	0	1481609	0	0	0	0	0	0	132853	0	0	0	0	0	560060	0	0	0	0	1742292	0	0	0	8701214	0	0	0	0	0
LFQ	74	0	0	330	0	0	0	0	0	0	0	0	0	0	0	1396355	0	0	0	0	0	0	115686	0	0	0	0	0	533580	0	0	0	0	1612744	0	0	0	8101878	0	0	0	0	0
LFQ	75	0	0	451	0	0	0	0	0	0	0	0	0	0	0	1558346	0	0	0	0	0	0	128915	0	0	0	0	0	575947	0	0	0	0	1703952	0	0	0	5269965	0	0	0	0	0
LFQ	76	0	0	0	0	0	0	0	0	0	0	0	0	0	0	0	0	0	0	0	0	0	0	0	0	0	0	0	0	0	0	0	0	0	0	0	0	0	0	0	0	0	0
# GC Content of first fragments. Use `grep ^GCF | cut -f 2-` to extract this part.
GCF	0.50	33
GCF	1.26	81
GCF	2.01	85
GCF	2.76	254
GCF	3.27	271
GCF	3.77	570
GCF	4.27	645
GCF	4.77	658
GCF	5.28	1161
GCF	5.78	1180
GCF	6.28	1218
GCF	6.78	1988
GCF	7.29	2037
GCF	7.79	3004
GCF	8.29	3276
GCF	8.79	3368
GCF	9.30	4930
GCF	9.80	5165
GCF	10.30	5295
GCF	10.80	7888
GCF	11.31	8210
GCF	11.81	11686
GCF	12.31	12796
GCF	12.81	13276
GCF	13.32	19105
GCF	13.82	20156
GCF	14.32	20883
GCF	14.82	30453
GCF	15.33	31769
GCF	15.83	43649
GCF	16.33	46951
GCF	16.83	49226
GCF	17.34	66438
GCF	17.84	69789
GCF	18.34	72444
GCF	18.84	98118
GCF	19.35	102755
GCF	19.85	131952
GCF	20.35	141685
GCF	20.85	146378
GCF	21.36	181827
GCF	21.86	195022
GCF	22.36	202186
GCF	22.86	251808
GCF	23.37	261434
GCF	23.87	308878
GCF	24.37	327386
GCF	24.87	340261
GCF	25.38	391477
GCF	25.88	412225
GCF	26.38	423333
GCF	26.88	486673
GCF	27.39	501098
GCF	27.89	555542
GCF	28.39	579955
GCF	28.89	593518
GCF	29.40	646163
GCF	29.90	671842
GCF	30.40	689021
GCF	30.90	748304
GCF	31.41	763117
GCF	31.91	811512
GCF	32.41	837188
GCF	32.91	847638
GCF	33.42	889672
GCF	33.92	915331
GCF	34.42	945720
GCF	34.92	972348
GCF	35.43	986997
GCF	35.93	1013168
GCF	36.43	1031946
GCF	36.93	1046153
GCF	37.44	1065653
GCF	37.94	1084789
GCF	38.44	1097445
GCF	38.94	1115189
GCF	39.45	1127825
GCF	39.95	1130157
GCF	40.45	1142512
GCF	40.95	1150142
GCF	41.46	1147650
GCF	41.96	1154551
GCF	42.46	1143865
GCF	42.96	1148891
GCF	43.47	1150865
GCF	43.97	1124767
GCF	44.47	1120891
GCF	44.97	1118588
GCF	45.48	1087959
GCF	45.98	1080488
GCF	46.48	1040868
GCF	46.98	1033968
GCF	47.49	1018677
GCF	47.99	967876
GCF	48.49	952401
GCF	48.99	935496
GCF	49.50	894240
GCF	50.00	859308
GCF	50.50	814647
GCF	51.01	791422
GCF	51.51	769838
GCF	52.01	715339
GCF	52.51	687791
GCF	53.02	671318
GCF	53.52	616399
GCF	54.02	587538
GCF	54.52	538377
GCF	55.03	519829
GCF	55.53	491678
GCF	56.03	446283
GCF	56.53	420624
GCF	57.04	403589
GCF	57.54	363379
GCF	58.04	342933
GCF	58.54	307339
GCF	59.05	289802
GCF	59.55	269837
GCF	60.05	241570
GCF	60.55	228250
GCF	61.06	210272
GCF	61.56	186203
GCF	62.06	170167
GCF	62.56	151207
GCF	63.07	141308
GCF	63.57	130156
GCF	64.07	112419
GCF	64.57	106100
GCF	65.08	95448
GCF	65.58	83909
GCF	66.08	76240
GCF	66.58	63810
GCF	67.09	61746
GCF	67.59	54775
GCF	68.09	47763
GCF	68.59	43914
GCF	69.10	36774
GCF	69.60	32944
GCF	70.10	29179
GCF	70.60	25044
GCF	71.11	23158
GCF	71.61	20023
GCF	72.11	17108
GCF	72.61	15495
GCF	73.12	12472
GCF	73.62	11168
GCF	74.12	9499
GCF	74.62	8423
GCF	75.13	7195
GCF	75.63	6038
GCF	76.13	5254
GCF	76.63	4731
GCF	77.14	3762
GCF	77.64	3160
GCF	78.14	2688
GCF	78.64	2259
GCF	79.15	2010
GCF	79.65	1656
GCF	80.15	1284
GCF	80.65	1086
GCF	81.16	839
GCF	81.66	719
GCF	82.16	617
GCF	82.66	465
GCF	83.17	360
GCF	83.67	313
GCF	84.17	265
GCF	84.67	224
GCF	85.18	155
GCF	85.68	133
GCF	86.18	112
GCF	86.68	93
GCF	87.19	74
GCF	87.69	53
GCF	88.19	38
GCF	88.69	29
GCF	89.70	27
GCF	90.70	17
GCF	91.21	19
GCF	91.71	22
GCF	92.21	14
GCF	92.71	10
GCF	93.47	4
GCF	94.22	1
# GC Content of last fragments. Use `grep ^GCL | cut -f 2-` to extract this part.
GCL	0.50	41
GCL	1.26	117
GCL	2.01	121
GCL	2.76	277
GCL	3.27	294
GCL	3.77	563
GCL	4.27	610
GCL	4.77	624
GCL	5.28	1205
GCL	5.78	1233
GCL	6.28	1269
GCL	6.78	2003
GCL	7.29	2039
GCL	7.79	3097
GCL	8.29	3279
GCL	8.79	3373
GCL	9.30	5088
GCL	9.80	5347
GCL	10.30	5479
GCL	10.80	8120
GCL	11.31	8445
GCL	11.81	11817
GCL	12.31	12936
GCL	12.81	13425
GCL	13.32	19624
GCL	13.82	20607
GCL	14.32	21345
GCL	14.82	30424
GCL	15.33	31799
GCL	15.83	43382
GCL	16.33	46732
GCL	16.83	48986
GCL	17.34	67278
GCL	17.84	70583
GCL	18.34	73269
GCL	18.84	98836
GCL	19.35	103530
GCL	19.85	132725
GCL	20.35	142551
GCL	20.85	147052
GCL	21.36	182148
GCL	21.86	195441
GCL	22.36	202702
GCL	22.86	251081
GCL	23.37	260369
GCL	23.87	308553
GCL	24.37	326982
GCL	24.87	340034
GCL	25.38	390908
GCL	25.88	412737
GCL	26.38	423627
GCL	26.88	487842
GCL	27.39	501725
GCL	27.89	556545
GCL	28.39	580784
GCL	28.89	594462
GCL	29.40	646330
GCL	29.90	672390
GCL	30.40	689978
GCL	30.90	749518
GCL	31.41	764584
GCL	31.91	811493
GCL	32.41	836416
GCL	32.91	846461
GCL	33.42	890599
GCL	33.92	917206
GCL	34.42	948317
GCL	34.92	975268
GCL	35.43	990361
GCL	35.93	1017059
GCL	36.43	1034392
GCL	36.93	1048670
GCL	37.44	1068614
GCL	37.94	1090121
GCL	38.44	1100772
GCL	38.94	1116645
GCL	39.45	1128902
GCL	39.95	1133293
GCL	40.45	1146574
GCL	40.95	1154009
GCL	41.46	1148836
GCL	41.96	1155288
GCL	42.46	1142755
GCL	42.96	1147197
GCL	43.47	1150315
GCL	43.97	1126250
GCL	44.47	1122607
GCL	44.97	1119982
GCL	45.48	1088320
GCL	45.98	1079946
GCL	46.48	1037156
GCL	46.98	1030859
GCL	47.49	1016504
GCL	47.99	967887
GCL	48.49	951377
GCL	48.99	933923
GCL	49.50	890005
GCL	50.00	855546
GCL	50.50	811343
GCL	51.01	788309
GCL	51.51	765999
GCL	52.01	711847
GCL	52.51	684506
GCL	53.02	667994
GCL	53.52	613531
GCL	54.02	584716
GCL	54.52	537021
GCL	55.03	518140
GCL	55.53	490847
GCL	56.03	444838
GCL	56.53	419437
GCL	57.04	402096
GCL	57.54	361425
GCL	58.04	340975
GCL	58.54	306026
GCL	59.05	289094
GCL	59.55	269220
GCL	60.05	240695
GCL	60.55	227329
GCL	61.06	209502
GCL	61.56	185326
GCL	62.06	169080
GCL	62.56	150767
GCL	63.07	141095
GCL	63.57	130441
GCL	64.07	113203
GCL	64.57	106752
GCL	65.08	95842
GCL	65.58	84125
GCL	66.08	76478
GCL	66.58	63846
GCL	67.09	61879
GCL	67.59	54613
GCL	68.09	47758
GCL	68.59	43880
GCL	69.10	36920
GCL	69.60	33075
GCL	70.10	29161
GCL	70.60	24997
GCL	71.11	23271
GCL	71.61	20225
GCL	72.11	17320
GCL	72.61	15622
GCL	73.12	12727
GCL	73.62	11348
GCL	74.12	9671
GCL	74.62	8523
GCL	75.13	7157
GCL	75.63	5947
GCL	76.13	5308
GCL	76.63	4748
GCL	77.14	3821
GCL	77.64	3216
GCL	78.14	2761
GCL	78.64	2311
GCL	79.15	2042
GCL	79.65	1686
GCL	80.15	1302
GCL	80.65	1106
GCL	81.16	866
GCL	81.66	729
GCL	82.16	641
GCL	82.66	485
GCL	83.17	380
GCL	83.67	320
GCL	84.17	270
GCL	84.67	217
GCL	85.18	169
GCL	85.68	139
GCL	86.18	108
GCL	86.68	82
GCL	87.19	66
GCL	87.69	55
GCL	88.19	37
GCL	88.69	30
GCL	89.20	27
GCL	89.70	24
GCL	90.20	19
GCL	90.70	16
GCL	91.21	15
GCL	91.71	12
GCL	92.21	6
GCL	92.71	4
GCL	93.47	3
GCL	94.22	2
GCL	95.48	1
# ACGT content per cycle. Use `grep ^GCC | cut -f 2-` to extract this part. The columns are: cycle; A,C,G,T base counts as a percentage of all A/C/G/T bases [%]; and N and O counts as a percentage of all A/C/G/T bases [%]
GCC	1	18.43	31.60	31.56	18.42	0.03	0.00
GCC	2	31.85	18.18	18.17	31.79	0.01	0.00
GCC	3	29.06	20.97	20.93	29.04	0.01	0.00
GCC	4	29.11	20.92	20.89	29.08	0.00	0.00
GCC	5	37.35	12.68	12.68	37.29	0.00	0.00
GCC	6	29.19	20.85	20.81	29.15	0.00	0.00
GCC	7	28.99	21.05	21.02	28.95	0.00	0.00
GCC	8	31.09	18.94	18.94	31.03	0.00	0.00
GCC	9	21.03	29.00	28.99	20.98	0.00	0.00
GCC	10	33.32	16.71	16.71	33.26	0.00	0.00
GCC	11	24.30	25.74	25.70	24.25	0.00	0.00
GCC	12	30.78	19.26	19.23	30.72	0.00	0.00
GCC	13	25.82	24.23	24.19	25.77	0.00	0.00
GCC	14	26.74	23.29	23.27	26.71	0.00	0.00
GCC	15	28.79	21.26	21.21	28.75	0.00	0.00
GCC	16	30.03	20.00	19.99	29.99	0.00	0.00
GCC	17	30.52	19.51	19.51	30.46	0.00	0.00
GCC	18	30.81	19.22	19.21	30.76	0.00	0.00
GCC	19	30.35	19.68	19.67	30.30	0.00	0.00
GCC	20	30.46	19.57	19.55	30.42	0.00	0.00
GCC	21	29.99	20.05	20.03	29.93	0.00	0.00
GCC	22	30.06	19.97	19.96	30.00	0.00	0.00
GCC	23	29.85	20.20	20.17	29.78	0.00	0.00
GCC	24	30.09	19.93	19.93	30.04	0.00	0.00
GCC	25	29.99	20.04	20.03	29.94	0.00	0.00
GCC	26	30.18	19.85	19.83	30.14	0.00	0.00
GCC	27	30.17	19.89	19.87	30.08	0.00	0.00
GCC	28	30.31	19.72	19.72	30.25	0.00	0.00
GCC	29	30.13	19.92	19.90	30.05	0.00	0.00
GCC	30	30.19	19.85	19.83	30.12	0.00	0.00
GCC	31	30.03	20.01	19.99	29.97	0.00	0.00
GCC	32	30.14	19.89	19.88	30.09	0.00	0.00
GCC	33	30.03	20.01	19.98	29.97	0.00	0.00
GCC	34	30.17	19.89	19.84	30.10	0.00	0.00
GCC	35	30.16	19.88	19.87	30.09	0.00	0.00
GCC	36	30.26	19.78	19.78	30.18	0.00	0.00
GCC	37	30.27	19.79	19.73	30.20	0.00	0.00
GCC	38	30.41	19.63	19.63	30.33	0.00	0.00
GCC	39	30.34	19.70	19.67	30.28	0.00	0.00
GCC	40	30.33	19.69	19.69	30.29	0.00	0.00
GCC	41	30.22	19.80	19.77	30.20	0.00	0.00
GCC	42	30.24	19.80	19.78	30.18	0.00	0.00
GCC	43	30.12	19.93	19.90	30.05	0.46	0.00
GCC	44	30.21	19.84	19.81	30.15	0.00	0.00
GCC	45	30.29	19.76	19.76	30.20	0.00	0.00
GCC	46	30.32	19.71	19.70	30.27	0.00	0.00
GCC	47	30.48	19.59	19.54	30.39	0.00	0.00
GCC	48	30.56	19.49	19.49	30.46	0.00	0.00
GCC	49	30.44	19.60	19.59	30.37	0.00	0.00
GCC	50	30.50	19.54	19.53	30.42	0.00	0.00
GCC	51	30.37	19.69	19.65	30.29	0.00	0.00
GCC	52	30.41	19.65	19.61	30.33	0.00	0.00
GCC	53	30.32	19.73	19.70	30.25	0.00	0.00
GCC	54	30.40	19.64	19.62	30.34	0.00	0.00
GCC	55	30.43	19.63	19.60	30.34	0.00	0.00
GCC	56	30.46	19.60	19.56	30.38	0.00	0.00
GCC	57	30.59	19.45	19.43	30.53	0.00	0.00
GCC	58	30.58	19.44	19.45	30.53	0.00	0.00
GCC	59	30.64	19.40	19.39	30.57	0.00	0.00
GCC	60	30.61	19.44	19.42	30.54	0.00	0.00
GCC	61	30.53	19.49	19.49	30.49	0.00	0.00
GCC	62	30.59	19.47	19.44	30.50	0.00	0.00
GCC	63	30.51	19.56	19.53	30.41	0.00	0.00
GCC	64	30.54	19.50	19.49	30.47	0.00	0.00
GCC	65	30.53	19.50	19.49	30.48	0.00	0.00
GCC	66	30.64	19.39	19.37	30.59	0.00	0.00
GCC	67	30.72	19.32	19.32	30.64	0.00	0.00
GCC	68	30.73	19.32	19.28	30.67	0.00	0.00
GCC	69	30.71	19.33	19.32	30.64	0.00	0.00
GCC	70	30.69	19.38	19.36	30.57	0.00	0.00
GCC	71	30.75	19.31	19.28	30.66	0.00	0.00
GCC	72	30.91	19.12	19.10	30.86	0.00	0.00
GCC	73	31.06	18.98	18.98	30.98	0.00	0.00
GCC	74	32.52	17.53	17.51	32.44	0.00	0.00
GCC	75	38.08	11.96	11.95	38.00	0.00	0.00
# Insert sizes. Use `grep ^IS | cut -f 2-` to extract this part. The columns are: insert size, pairs total, inward oriented pairs, outward oriented pairs, other pairs
IS	0	0	0	0	0
IS	1	0	0	0	0
IS	2	0	0	0	0
IS	3	0	0	0	0
IS	4	0	0	0	0
IS	5	0	0	0	0
IS	6	0	0	0	0
IS	7	0	0	0	0
IS	8	0	0	0	0
IS	9	0	0	0	0
IS	10	0	0	0	0
IS	11	0	0	0	0
IS	12	0	0	0	0
IS	13	0	0	0	0
IS	14	0	0	0	0
IS	15	0	0	0	0
IS	16	0	0	0	0
IS	17	0	0	0	0
IS	18	0	0	0	0
IS	19	0	0	0	0
IS	20	0	0	0	0
IS	21	0	0	0	0
IS	22	0	0	0	0
IS	23	3	3	0	0
IS	24	0	0	0	0
IS	25	8	8	0	0
IS	26	17	17	0	0
IS	27	20	20	0	0
IS	28	23	23	0	0
IS	29	21	21	0	0
IS	30	15	15	0	0
IS	31	21	21	0	0
IS	32	30	30	0	0
IS	33	54	54	0	0
IS	34	86	86	0	0
IS	35	17	17	0	0
IS	36	25	25	0	0
IS	37	28	28	0	0
IS	38	29	29	0	0
IS	39	39	39	0	0
IS	40	41	41	0	0
IS	41	43	43	0	0
IS	42	54	54	0	0
IS	43	52	52	0	0
IS	44	56	56	0	0
IS	45	54	54	0	0
IS	46	48	48	0	0
IS	47	43	43	0	0
IS	48	39	39	0	0
IS	49	40	40	0	0
IS	50	45	45	0	0
IS	51	45	45	0	0
IS	52	47	47	0	0
IS	53	49	49	0	0
IS	54	51	51	0	0
IS	55	48	48	0	0
IS	56	43	43	0	0
IS	57	34	34	0	0
IS	58	32	32	0	0
IS	59	32	32	0	0
IS	60	32	32	0	0
IS	61	34	34	0	0
IS	62	37	37	0	0
IS	63	39	39	0	0
IS	64	39	39	0	0
IS	65	35	35	0	0
IS	66	33	33	0	0
IS	67	29	29	0	0
IS	68	24	24	0	0
IS	69	25	25	0	0
IS	70	25	25	0	0
IS	71	28	28	0	0
IS	72	31	31	0	0
IS	73	39	39	0	0
IS	74	49	49	0	0
IS	75	68662	68662	0	0
IS	76	142011	142011	0	0
IS	77	130361	130361	0	0
IS	78	120900	120900	0	0
IS	79	114527	114527	0	0
IS	80	114682	114682	0	0
IS	81	117585	117585	0	0
IS	82	123421	123421	0	0
IS	83	128270	128270	0	0
IS	84	129405	129405	0	0
IS	85	128240	128240	0	0
IS	86	120787	120787	0	0
IS	87	110898	110898	0	0
IS	88	104020	104020	0	0
IS	89	98686	98686	0	0
IS	90	96771	96771	0	0
IS	91	99003	99003	0	0
IS	92	101458	101458	0	0
IS	93	104937	104937	0	0
IS	94	107598	107598	0	0
IS	95	106408	106408	0	0
IS	96	103212	103212	0	0
IS	97	96840	96840	0	0
IS	98	91366	91366	0	0
IS	99	85782	85782	0	0
IS	100	82780	82780	0	0
IS	101	83239	83239	0	0
IS	102	85576	85576	0	0
IS	103	87608	87608	0	0
IS	104	90227	90227	0	0
IS	105	90566	90566	0	0
IS	106	88696	88696	0	0
IS	107	83704	83704	0	0
IS	108	79269	79269	0	0
IS	109	75029	75029	0	0
IS	110	72592	72592	0	0
IS	111	72208	72208	0	0
IS	112	73185	73185	0	0
IS	113	74786	74786	0	0
IS	114	76914	76914	0	0
IS	115	77362	77362	0	0
IS	116	76867	76867	0	0
IS	117	73899	73899	0	0
IS	118	69984	69984	0	0
IS	119	66350	66350	0	0
IS	120	64081	64081	0	0
IS	121	63447	63447	0	0
IS	122	63956	63956	0	0
IS	123	64747	64747	0	0
IS	124	66733	66733	0	0
IS	125	67818	67818	0	0
IS	126	66756	66756	0	0
IS	127	64842	64842	0	0
IS	128	62309	62309	0	0
IS	129	60626	60626	0	0
IS	130	58571	58571	0	0
IS	131	56599	56599	0	0
IS	132	56340	56340	0	0
IS	133	56917	56917	0	0
IS	134	57175	57175	0	0
IS	135	58766	58766	0	0
IS	136	59795	59795	0	0
IS	137	61226	61226	0	0
IS	138	62001	62001	0	0
IS	139	58160	58160	0	0
IS	140	54157	54157	0	0
IS	141	53137	53137	0	0
IS	142	52600	52600	0	0
IS	143	51891	51891	0	0
IS	144	52099	52099	0	0
IS	145	52461	52461	0	0
IS	146	53417	53417	0	0
IS	147	54902	54902	0	0
IS	148	56125	56125	0	0
IS	149	54652	54652	0	0
IS	150	53005	53005	0	0
IS	151	53349	53349	0	0
IS	152	51887	51887	0	0
IS	153	50376	50376	0	0
IS	154	48956	48956	0	0
IS	155	49387	49387	0	0
IS	156	50423	50423	0	0
IS	157	51380	51380	0	0
IS	158	53051	53051	0	0
IS	159	53149	53149	0	0
IS	160	50875	50875	0	0
IS	161	48812	48812	0	0
IS	162	47524	47524	0	0
IS	163	47453	47453	0	0
IS	164	49388	49388	0	0
IS	165	52551	52551	0	0
IS	166	58104	58104	0	0
IS	167	63364	63364	0	0
IS	168	64525	64525	0	0
IS	169	59818	59818	0	0
IS	170	54069	54069	0	0
IS	171	49977	49977	0	0
IS	172	48240	48240	0	0
IS	173	48142	48142	0	0
IS	174	50880	50880	0	0
IS	175	54724	54724	0	0
IS	176	59149	59149	0	0
IS	177	61695	61695	0	0
IS	178	60787	60787	0	0
IS	179	56829	56829	0	0
IS	180	52254	52254	0	0
IS	181	48140	48140	0	0
IS	182	47206	47206	0	0
IS	183	47018	47018	0	0
IS	184	48599	48599	0	0
IS	185	51532	51532	0	0
IS	186	52734	52734	0	0
IS	187	54910	54910	0	0
IS	188	55110	55110	0	0
IS	189	53425	53425	0	0
IS	190	51011	51011	0	0
IS	191	48344	48344	0	0
IS	192	48044	48044	0	0
IS	193	48152	48152	0	0
IS	194	49686	49686	0	0
IS	195	51457	51457	0	0
IS	196	52585	52585	0	0
IS	197	53176	53176	0	0
IS	198	52667	52667	0	0
IS	199	51683	51683	0	0
IS	200	50447	50447	0	0
IS	201	49756	49756	0	0
IS	202	49296	49296	0	0
IS	203	49650	49650	0	0
IS	204	50284	50284	0	0
IS	205	51213	51213	0	0
IS	206	52220	52220	0	0
IS	207	51094	51094	0	0
IS	208	50483	50483	0	0
IS	209	49349	49349	0	0
IS	210	47986	47986	0	0
IS	211	47139	47139	0	0
IS	212	47057	47057	0	0
IS	213	47193	47193	0	0
IS	214	47084	47084	0	0
IS	215	47320	47320	0	0
IS	216	47625	47625	0	0
IS	217	46857	46857	0	0
IS	218	46484	46484	0	0
IS	219	44591	44591	0	0
IS	220	43960	43960	0	0
IS	221	42737	42737	0	0
IS	222	42167	42167	0	0
IS	223	41137	41137	0	0
IS	224	41545	41545	0	0
IS	225	40954	40954	0	0
IS	226	41003	41003	0	0
IS	227	40532	40532	0	0
IS	228	39403	39403	0	0
IS	229	38698	38698	0	0
IS	230	37544	37544	0	0
IS	231	36531	36531	0	0
IS	232	35936	35936	0	0
IS	233	35595	35595	0	0
IS	234	34788	34788	0	0
IS	235	34577	34577	0	0
IS	236	34414	34414	0	0
IS	237	33663	33663	0	0
IS	238	33121	33121	0	0
IS	239	32425	32425	0	0
IS	240	31887	31887	0	0
IS	241	31377	31377	0	0
IS	242	30382	30382	0	0
IS	243	29086	29086	0	0
IS	244	29363	29363	0	0
IS	245	28848	28848	0	0
IS	246	28481	28481	0	0
IS	247	28017	28017	0	0
IS	248	27656	27656	0	0
IS	249	27213	27213	0	0
IS	250	26291	26291	0	0
IS	251	26030	26030	0	0
IS	252	25644	25644	0	0
IS	253	24729	24729	0	0
IS	254	24348	24348	0	0
IS	255	23925	23925	0	0
IS	256	23657	23657	0	0
IS	257	23601	23601	0	0
IS	258	23110	23110	0	0
IS	259	22653	22653	0	0
IS	260	22256	22256	0	0
IS	261	21732	21732	0	0
IS	262	21150	21150	0	0
IS	263	20923	20923	0	0
IS	264	20800	20800	0	0
IS	265	20055	20055	0	0
IS	266	20358	20358	0	0
IS	267	19860	19860	0	0
IS	268	19692	19692	0	0
IS	269	19084	19084	0	0
IS	270	18756	18756	0	0
IS	271	18690	18690	0	0
IS	272	18194	18194	0	0
IS	273	18153	18153	0	0
IS	274	17663	17663	0	0
IS	275	17432	17432	0	0
IS	276	17281	17281	0	0
IS	277	16908	16908	0	0
IS	278	17006	17006	0	0
IS	279	16823	16823	0	0
IS	280	16419	16419	0	0
IS	281	16157	16157	0	0
IS	282	15580	15580	0	0
IS	283	15406	15406	0	0
IS	284	15161	15161	0	0
IS	285	14865	14865	0	0
IS	286	15036	15036	0	0
IS	287	14872	14872	0	0
IS	288	14490	14490	0	0
IS	289	14471	14471	0	0
IS	290	14149	14149	0	0
IS	291	14354	14354	0	0
IS	292	13956	13956	0	0
IS	293	13567	13567	0	0
IS	294	13387	13387	0	0
IS	295	13308	13308	0	0
IS	296	13117	13117	0	0
IS	297	13144	13144	0	0
IS	298	13118	13118	0	0
IS	299	12940	12940	0	0
IS	300	12582	12582	0	0
IS	301	12847	12847	0	0
IS	302	12444	12444	0	0
IS	303	12107	12107	0	0
IS	304	12032	12032	0	0
IS	305	11913	11913	0	0
IS	306	11653	11653	0	0
IS	307	11751	11751	0	0
IS	308	11449	11449	0	0
IS	309	11521	11521	0	0
IS	310	11712	11712	0	0
IS	311	11380	11380	0	0
IS	312	11413	11413	0	0
IS	313	10928	10928	0	0
IS	314	11035	11035	0	0
IS	315	10935	10935	0	0
IS	316	10790	10790	0	0
IS	317	10604	10604	0	0
IS	318	10718	10718	0	0
IS	319	10509	10509	0	0
IS	320	10457	10457	0	0
IS	321	10319	10319	0	0
IS	322	10070	10070	0	0
IS	323	9994	9994	0	0
IS	324	9876	9876	0	0
IS	325	9794	9794	0	0
IS	326	9603	9603	0	0
IS	327	9525	9525	0	0
IS	328	9435	9435	0	0
IS	329	9457	9457	0	0
IS	330	9362	9362	0	0
IS	331	9402	9402	0	0
IS	332	9164	9164	0	0
IS	333	8964	8964	0	0
IS	334	9150	9150	0	0
IS	335	8913	8913	0	0
IS	336	8557	8557	0	0
IS	337	8730	8730	0	0
IS	338	8591	8591	0	0
IS	339	8463	8463	0	0
IS	340	8659	8659	0	0
IS	341	8444	8444	0	0
IS	342	8300	8300	0	0
IS	343	8283	8283	0	0
IS	344	8156	8156	0	0
IS	345	8156	8156	0	0
IS	346	8098	8098	0	0
IS	347	7856	7856	0	0
IS	348	7898	7898	0	0
IS	349	7710	7710	0	0
IS	350	7645	7645	0	0
IS	351	7713	7713	0	0
IS	352	7506	7506	0	0
IS	353	7373	7373	0	0
IS	354	7469	7469	0	0
IS	355	7400	7400	0	0
IS	356	7159	7159	0	0
IS	357	7214	7214	0	0
IS	358	7257	7257	0	0
IS	359	6727	6727	0	0
IS	360	7002	7002	0	0
IS	361	7076	7076	0	0
IS	362	6916	6916	0	0
IS	363	6901	6901	0	0
IS	364	6610	6610	0	0
IS	365	6700	6700	0	0
IS	366	6380	6380	0	0
IS	367	6380	6380	0	0
IS	368	6554	6554	0	0
IS	369	6457	6457	0	0
IS	370	6337	6337	0	0
IS	371	6199	6199	0	0
IS	372	6108	6108	0	0
IS	373	6150	6150	0	0
IS	374	6031	6031	0	0
IS	375	5950	5950	0	0
IS	376	5704	5704	0	0
IS	377	5819	5819	0	0
IS	378	5775	5775	0	0
IS	379	5692	5692	0	0
IS	380	5680	5680	0	0
IS	381	5649	5649	0	0
IS	382	5443	5443	0	0
IS	383	5515	5515	0	0
IS	384	5441	5441	0	0
IS	385	5305	5305	0	0
IS	386	5225	5225	0	0
IS	387	5022	5022	0	0
IS	388	5002	5002	0	0
IS	389	4979	4979	0	0
IS	390	4829	4829	0	0
IS	391	4974	4974	0	0
IS	392	4740	4740	0	0
IS	393	4682	4682	0	0
IS	394	4705	4705	0	0
IS	395	4634	4634	0	0
IS	396	4483	4483	0	0
IS	397	4386	4386	0	0
IS	398	4388	4388	0	0
IS	399	4167	4167	0	0
IS	400	4108	4108	0	0
IS	401	4063	4063	0	0
IS	402	4070	4070	0	0
IS	403	4025	4025	0	0
IS	404	3852	3852	0	0
IS	405	3965	3965	0	0
IS	406	3638	3638	0	0
IS	407	3560	3560	0	0
IS	408	3543	3543	0	0
IS	409	3526	3526	0	0
IS	410	3407	3407	0	0
IS	411	3342	3342	0	0
IS	412	3272	3272	0	0
IS	413	3163	3163	0	0
IS	414	3144	3144	0	0
IS	415	2998	2998	0	0
IS	416	2909	2909	0	0
# Read lengths. Use `grep ^RL | cut -f 2-` to extract this part. The columns are: read length, count
RL	16	6
RL	17	7
RL	18	14
RL	19	40
RL	20	41
RL	21	103
RL	22	158
RL	23	524
RL	24	552
RL	25	1110
RL	26	11548
RL	27	14666
RL	28	16802
RL	29	17651
RL	30	15652
RL	31	17625
RL	32	29473
RL	33	48624
RL	34	77914
RL	35	141871
RL	36	212099
RL	37	241267
RL	38	259539
RL	39	331207
RL	40	371436
RL	41	381453
RL	42	415531
RL	43	475481
RL	44	502020
RL	45	487359
RL	46	439604
RL	47	386492
RL	48	355202
RL	49	375352
RL	50	412142
RL	51	416663
RL	52	420229
RL	53	445058
RL	54	452728
RL	55	431305
RL	56	390679
RL	57	343550
RL	58	319584
RL	59	312178
RL	60	320319
RL	61	339523
RL	62	351931
RL	63	366748
RL	64	373076
RL	65	362528
RL	66	317527
RL	67	288021
RL	68	261904
RL	69	274483
RL	70	301933
RL	71	511490
RL	72	717067
RL	73	1720988
RL	74	5040227
RL	75	18474930
# Indel distribution. Use `grep ^ID | cut -f 2-` to extract this part. The columns are: length, number of insertions, number of deletions
ID	1	488787	504131
ID	2	194604	191309
ID	3	73272	67741
ID	4	52457	47149
ID	5	26945	23762
ID	6	17912	16083
ID	7	8573	7087
ID	8	8880	7521
ID	9	4195	3281
ID	10	3256	2877
ID	11	1396	1093
ID	12	741	652
ID	13	302	268
# Indels per cycle. Use `grep ^IC | cut -f 2-` to extract this part. The columns are: cycle, number of insertions (fwd), .. (rev) , number of deletions (fwd), .. (rev)
IC	2	894	853	280	308
IC	3	1189	1211	903	1025
IC	4	2779	2604	3775	3721
IC	5	11230	11211	4782	4859
IC	6	7523	7506	4241	4243
IC	7	6169	6346	4113	4104
IC	8	5554	5655	4437	4477
IC	9	5755	5505	5013	5009
IC	10	5459	5692	5002	5065
IC	11	5333	5311	5392	5450
IC	12	5535	5592	5639	5916
IC	13	5663	5725	5898	6186
IC	14	6044	6085	6602	6691
IC	15	6141	6172	6437	6472
IC	16	5987	6200	6470	6576
IC	17	6084	6275	6815	6561
IC	18	6407	6371	6895	7145
IC	19	6276	6583	7231	7276
IC	20	6831	6950	7528	7434
IC	21	7108	7199	7825	7755
IC	22	7505	7452	7939	7867
IC	23	7619	7337	8064	7886
IC	24	7551	7555	7825	7665
IC	25	7311	7497	7828	7867
IC	26	7250	7329	7835	7754
IC	27	7471	7355	7681	7816
IC	28	7391	7327	7834	7697
IC	29	7356	7493	7825	7763
IC	30	7373	7244	8060	7832
IC	31	7502	7484	7955	7854
IC	32	7358	7550	7730	7937
IC	33	7491	7388	7749	7903
IC	34	7161	7169	7818	7841
IC	35	7203	7183	7667	7667
IC	36	7141	7116	7768	7556
IC	37	7060	6982	7421	7318
IC	38	6934	6983	7543	7360
IC	39	6921	7033	7511	7399
IC	40	7118	7253	7582	7491
IC	41	7040	6749	7360	7303
IC	42	6997	6807	7233	7255
IC	43	7212	6653	7188	7250
IC	44	6859	6682	7246	7203
IC	45	6478	6476	7200	7212
IC	46	6539	6641	7034	6968
IC	47	6378	6421	6981	6908
IC	48	6536	6585	6864	6951
IC	49	6375	6643	6819	6711
IC	50	6352	6331	6797	6708
IC	51	6375	6320	6552	6767
IC	52	6211	6181	6697	6500
IC	53	6073	6232	6326	6581
IC	54	6155	6206	6593	6326
IC	55	6218	6057	6333	6327
IC	56	6208	6162	6061	6423
IC	57	6054	6050	6205	6121
IC	58	6081	5954	6062	6001
IC	59	5947	5734	5840	6048
IC	60	5868	5750	5810	5933
IC	61	5704	5764	5571	5794
IC	62	5675	5930	5591	5763
IC	63	5653	5738	5580	5549
IC	64	5468	5643	5151	5107
IC	65	5560	5778	4883	4880
IC	66	5585	5517	4686	4635
IC	67	5283	5291	4129	4326
IC	68	5079	5171	3895	3977
IC	69	4909	4866	3616	3732
IC	70	4467	4481	3364	3366
IC	71	3683	3703	2224	2297
IC	72	1591	1501	845	921
IC	73	826	787	361	355
IC	74	301	323	0	0
# Coverage distribution. Use `grep ^COV | cut -f 2-` to extract this part.
COV	[1-1]	1	170417032
COV	[2-2]	2	161224492
COV	[3-3]	3	96441348
COV	[4-4]	4	81624087
COV	[5-5]	5	49495212
COV	[6-6]	6	38461394
COV	[7-7]	7	23559940
COV	[8-8]	8	17281350
COV	[9-9]	9	10688109
COV	[10-10]	10	7613117
COV	[11-11]	11	4788490
COV	[12-12]	12	3386230
COV	[13-13]	13	2219362
COV	[14-14]	14	1617902
COV	[15-15]	15	1118008
COV	[16-16]	16	861716
COV	[17-17]	17	645266
COV	[18-18]	18	523223
COV	[19-19]	19	424329
COV	[20-20]	20	364032
COV	[21-21]	21	311986
COV	[22-22]	22	276961
COV	[23-23]	23	245221
COV	[24-24]	24	224442
COV	[25-25]	25	203063
COV	[26-26]	26	187068
COV	[27-27]	27	171433
COV	[28-28]	28	159583
COV	[29-29]	29	149238
COV	[30-30]	30	140844
COV	[31-31]	31	130393
COV	[32-32]	32	122813
COV	[33-33]	33	115482
COV	[34-34]	34	108941
COV	[35-35]	35	102650
COV	[36-36]	36	98411
COV	[37-37]	37	93689
COV	[38-38]	38	88823
COV	[39-39]	39	84466
COV	[40-40]	40	81178
COV	[41-41]	41	77176
COV	[42-42]	42	73623
COV	[43-43]	43	69732
COV	[44-44]	44	67996
COV	[45-45]	45	63990
COV	[46-46]	46	61869
COV	[47-47]	47	59229
COV	[48-48]	48	57207
COV	[49-49]	49	55693
COV	[50-50]	50	54049
COV	[51-51]	51	52536
COV	[52-52]	52	50076
COV	[53-53]	53	48146
COV	[54-54]	54	46987
COV	[55-55]	55	45435
COV	[56-56]	56	44126
COV	[57-57]	57	41856
COV	[58-58]	58	40826
COV	[59-59]	59	39735
COV	[60-60]	60	38783
COV	[61-61]	61	37114
COV	[62-62]	62	35788
COV	[63-63]	63	34622
COV	[64-64]	64	33935
COV	[65-65]	65	33416
COV	[66-66]	66	31917
COV	[67-67]	67	31440
COV	[68-68]	68	30184
COV	[69-69]	69	29472
COV	[70-70]	70	28864
COV	[71-71]	71	27342
COV	[72-72]	72	26804
COV	[73-73]	73	26518
COV	[74-74]	74	25398
COV	[75-75]	75	24970
COV	[76-76]	76	24248
COV	[77-77]	77	23189
COV	[78-78]	78	22793
COV	[79-79]	79	22476
COV	[80-80]	80	22078
COV	[81-81]	81	21363
COV	[82-82]	82	21140
COV	[83-83]	83	20407
COV	[84-84]	84	20231
COV	[85-85]	85	19872
COV	[86-86]	86	18917
COV	[87-87]	87	18668
COV	[88-88]	88	18467
COV	[89-89]	89	18081
COV	[90-90]	90	17765
COV	[91-91]	91	17282
COV	[92-92]	92	16979
COV	[93-93]	93	16174
COV	[94-94]	94	16115
COV	[95-95]	95	15525
COV	[96-96]	96	15854
COV	[97-97]	97	15170
COV	[98-98]	98	14587
COV	[99-99]	99	13949
COV	[100-100]	100	14025
COV	[101-101]	101	13865
COV	[102-102]	102	13465
COV	[103-103]	103	13086
COV	[104-104]	104	13196
COV	[105-105]	105	12465
COV	[106-106]	106	12470
COV	[107-107]	107	11916
COV	[108-108]	108	11674
COV	[109-109]	109	11633
COV	[110-110]	110	11421
COV	[111-111]	111	11091
COV	[112-112]	112	10962
COV	[113-113]	113	10758
COV	[114-114]	114	10537
COV	[115-115]	115	10721
COV	[116-116]	116	10425
COV	[117-117]	117	10180
COV	[118-118]	118	10023
COV	[119-119]	119	9799
COV	[120-120]	120	9747
COV	[121-121]	121	9059
COV	[122-122]	122	9188
COV	[123-123]	123	9167
COV	[124-124]	124	8954
COV	[125-125]	125	8567
COV	[126-126]	126	8564
COV	[127-127]	127	8462
COV	[128-128]	128	8444
COV	[129-129]	129	7995
COV	[130-130]	130	7985
COV	[131-131]	131	7912
COV	[132-132]	132	7839
COV	[133-133]	133	7806
COV	[134-134]	134	7363
COV	[135-135]	135	7329
COV	[136-136]	136	7222
COV	[137-137]	137	7202
COV	[138-138]	138	7047
COV	[139-139]	139	6948
COV	[140-140]	140	6816
COV	[141-141]	141	6820
COV	[142-142]	142	6560
COV	[143-143]	143	6467
COV	[144-144]	144	6420
COV	[145-145]	145	6351
COV	[146-146]	146	6135
COV	[147-147]	147	6089
COV	[148-148]	148	5948
COV	[149-149]	149	5974
COV	[150-150]	150	5806
COV	[151-151]	151	5739
COV	[152-152]	152	5617
COV	[153-153]	153	5741
COV	[154-154]	154	5385
COV	[155-155]	155	5226
COV	[156-156]	156	5065
COV	[157-157]	157	5237
COV	[158-158]	158	5154
COV	[159-159]	159	5097
COV	[160-160]	160	5027
COV	[161-161]	161	5000
COV	[162-162]	162	4987
COV	[163-163]	163	4753
COV	[164-164]	164	4662
COV	[165-165]	165	4709
COV	[166-166]	166	4503
COV	[167-167]	167	4434
COV	[168-168]	168	4512
COV	[169-169]	169	4474
COV	[170-170]	170	4333
COV	[171-171]	171	4344
COV	[172-172]	172	4167
COV	[173-173]	173	4126
COV	[174-174]	174	4036
COV	[175-175]	175	4071
COV	[176-176]	176	3901
COV	[177-177]	177	3901
COV	[178-178]	178	3879
COV	[179-179]	179	3734
COV	[180-180]	180	3629
COV	[181-181]	181	3621
COV	[182-182]	182	3602
COV	[183-183]	183	3511
COV	[184-184]	184	3618
COV	[185-185]	185	3501
COV	[186-186]	186	3506
COV	[187-187]	187	3438
COV	[188-188]	188	3285
COV	[189-189]	189	3226
COV	[190-190]	190	3203
COV	[191-191]	191	3226
COV	[192-192]	192	3131
COV	[193-193]	193	3097
COV	[194-194]	194	3143
COV	[195-195]	195	3194
COV	[196-196]	196	3147
COV	[197-197]	197	3034
COV	[198-198]	198	2987
COV	[199-199]	199	2969
COV	[200-200]	200	2863
COV	[201-201]	201	2831
COV	[202-202]	202	2812
COV	[203-203]	203	2787
COV	[204-204]	204	2754
COV	[205-205]	205	2665
COV	[206-206]	206	2594
COV	[207-207]	207	2623
COV	[208-208]	208	2512
COV	[209-209]	209	2516
COV	[210-210]	210	2511
COV	[211-211]	211	2597
COV	[212-212]	212	2439
COV	[213-213]	213	2576
COV	[214-214]	214	2413
COV	[215-215]	215	2319
COV	[216-216]	216	2389
COV	[217-217]	217	2338
COV	[218-218]	218	2290
COV	[219-219]	219	2373
COV	[220-220]	220	2226
COV	[221-221]	221	2228
COV	[222-222]	222	2232
COV	[223-223]	223	2167
COV	[224-224]	224	2191
COV	[225-225]	225	2111
COV	[226-226]	226	2082
COV	[227-227]	227	2106
COV	[228-228]	228	1991
COV	[229-229]	229	2035
COV	[230-230]	230	1959
COV	[231-231]	231	1974
COV	[232-232]	232	1969
COV	[233-233]	233	1950
COV	[234-234]	234	1905
COV	[235-235]	235	1923
COV	[236-236]	236	1853
COV	[237-237]	237	1914
COV	[238-238]	238	1868
COV	[239-239]	239	1774
COV	[240-240]	240	1824
COV	[241-241]	241	1914
COV	[242-242]	242	1746
COV	[243-243]	243	1816
COV	[244-244]	244	1696
COV	[245-245]	245	1644
COV	[246-246]	246	1733
COV	[247-247]	247	1635
COV	[248-248]	248	1640
COV	[249-249]	249	1589
COV	[250-250]	250	1614
COV	[251-251]	251	1624
COV	[252-252]	252	1486
COV	[253-253]	253	1489
COV	[254-254]	254	1440
COV	[255-255]	255	1498
COV	[256-256]	256	1535
COV	[257-257]	257	1439
COV	[258-258]	258	1461
COV	[259-259]	259	1419
COV	[260-260]	260	1420
COV	[261-261]	261	1417
COV	[262-262]	262	1430
COV	[263-263]	263	1369
COV	[264-264]	264	1376
COV	[265-265]	265	1320
COV	[266-266]	266	1382
COV	[267-267]	267	1391
COV	[268-268]	268	1394
COV	[269-269]	269	1280
COV	[270-270]	270	1309
COV	[271-271]	271	1338
COV	[272-272]	272	1289
COV	[273-273]	273	1180
COV	[274-274]	274	1252
COV	[275-275]	275	1288
COV	[276-276]	276	1280
COV	[277-277]	277	1257
COV	[278-278]	278	1252
COV	[279-279]	279	1225
COV	[280-280]	280	1158
COV	[281-281]	281	1189
COV	[282-282]	282	1124
COV	[283-283]	283	1107
COV	[284-284]	284	1145
COV	[285-285]	285	1135
COV	[286-286]	286	1158
COV	[287-287]	287	1111
COV	[288-288]	288	1047
COV	[289-289]	289	1019
COV	[290-290]	290	987
COV	[291-291]	291	1010
COV	[292-292]	292	1017
COV	[293-293]	293	1036
COV	[294-294]	294	1003
COV	[295-295]	295	1031
COV	[296-296]	296	945
COV	[297-297]	297	1005
COV	[298-298]	298	920
COV	[299-299]	299	958
COV	[300-300]	300	925
COV	[301-301]	301	935
COV	[302-302]	302	925
COV	[303-303]	303	867
COV	[304-304]	304	865
COV	[305-305]	305	872
COV	[306-306]	306	892
COV	[307-307]	307	889
COV	[308-308]	308	853
COV	[309-309]	309	835
COV	[310-310]	310	879
COV	[311-311]	311	821
COV	[312-312]	312	756
COV	[313-313]	313	797
COV	[314-314]	314	801
COV	[315-315]	315	776
COV	[316-316]	316	769
COV	[317-317]	317	757
COV	[318-318]	318	775
COV	[319-319]	319	798
COV	[320-320]	320	741
COV	[321-321]	321	723
COV	[322-322]	322	801
COV	[323-323]	323	757
COV	[324-324]	324	729
COV	[325-325]	325	748
COV	[326-326]	326	691
COV	[327-327]	327	781
COV	[328-328]	328	722
COV	[329-329]	329	684
COV	[330-330]	330	712
COV	[331-331]	331	704
COV	[332-332]	332	729
COV	[333-333]	333	681
COV	[334-334]	334	635
COV	[335-335]	335	680
COV	[336-336]	336	614
COV	[337-337]	337	662
COV	[338-338]	338	651
COV	[339-339]	339	628
COV	[340-340]	340	629
COV	[341-341]	341	580
COV	[342-342]	342	608
COV	[343-343]	343	627
COV	[344-344]	344	566
COV	[345-345]	345	616
COV	[346-346]	346	625
COV	[347-347]	347	646
COV	[348-348]	348	605
COV	[349-349]	349	611
COV	[350-350]	350	538
COV	[351-351]	351	619
COV	[352-352]	352	510
COV	[353-353]	353	513
COV	[354-354]	354	501
COV	[355-355]	355	510
COV	[356-356]	356	477
COV	[357-357]	357	522
COV	[358-358]	358	490
COV	[359-359]	359	471
COV	[360-360]	360	467
COV	[361-361]	361	503
COV	[362-362]	362	492
COV	[363-363]	363	470
COV	[364-364]	364	438
COV	[365-365]	365	460
COV	[366-366]	366	424
COV	[367-367]	367	429
COV	[368-368]	368	476
COV	[369-369]	369	478
COV	[370-370]	370	408
COV	[371-371]	371	427
COV	[372-372]	372	449
COV	[373-373]	373	417
COV	[374-374]	374	463
COV	[375-375]	375	392
COV	[376-376]	376	396
COV	[377-377]	377	397
COV	[378-378]	378	420
COV	[379-379]	379	413
COV	[380-380]	380	408
COV	[381-381]	381	392
COV	[382-382]	382	404
COV	[383-383]	383	394
COV	[384-384]	384	396
COV	[385-385]	385	363
COV	[386-386]	386	373
COV	[387-387]	387	369
COV	[388-388]	388	385
COV	[389-389]	389	346
COV	[390-390]	390	320
COV	[391-391]	391	342
COV	[392-392]	392	373
COV	[393-393]	393	353
COV	[394-394]	394	332
COV	[395-395]	395	309
COV	[396-396]	396	313
COV	[397-397]	397	334
COV	[398-398]	398	327
COV	[399-399]	399	275
COV	[400-400]	400	285
COV	[401-401]	401	278
COV	[402-402]	402	340
COV	[403-403]	403	280
COV	[404-404]	404	305
COV	[405-405]	405	313
COV	[406-406]	406	295
COV	[407-407]	407	331
COV	[408-408]	408	295
COV	[409-409]	409	273
COV	[410-410]	410	268
COV	[411-411]	411	315
COV	[412-412]	412	313
COV	[413-413]	413	279
COV	[414-414]	414	266
COV	[415-415]	415	273
COV	[416-416]	416	241
COV	[417-417]	417	278
COV	[418-418]	418	273
COV	[419-419]	419	268
COV	[420-420]	420	286
COV	[421-421]	421	278
COV	[422-422]	422	281
COV	[423-423]	423	279
COV	[424-424]	424	265
COV	[425-425]	425	243
COV	[426-426]	426	270
COV	[427-427]	427	238
COV	[428-428]	428	237
COV	[429-429]	429	226
COV	[430-430]	430	219
COV	[431-431]	431	231
COV	[432-432]	432	229
COV	[433-433]	433	222
COV	[434-434]	434	226
COV	[435-435]	435	227
COV	[436-436]	436	201
COV	[437-437]	437	202
COV	[438-438]	438	237
COV	[439-439]	439	212
COV	[440-440]	440	211
COV	[441-441]	441	219
COV	[442-442]	442	209
COV	[443-443]	443	215
COV	[444-444]	444	190
COV	[445-445]	445	198
COV	[446-446]	446	199
COV	[447-447]	447	221
COV	[448-448]	448	239
COV	[449-449]	449	224
COV	[450-450]	450	191
COV	[451-451]	451	213
COV	[452-452]	452	203
COV	[453-453]	453	224
COV	[454-454]	454	181
COV	[455-455]	455	199
COV	[456-456]	456	188
COV	[457-457]	457	199
COV	[458-458]	458	222
COV	[459-459]	459	203
COV	[460-460]	460	206
COV	[461-461]	461	216
COV	[462-462]	462	205
COV	[463-463]	463	157
COV	[464-464]	464	220
COV	[465-465]	465	190
COV	[466-466]	466	180
COV	[467-467]	467	197
COV	[468-468]	468	165
COV	[469-469]	469	180
COV	[470-470]	470	180
COV	[471-471]	471	195
COV	[472-472]	472	151
COV	[473-473]	473	207
COV	[474-474]	474	183
COV	[475-475]	475	168
COV	[476-476]	476	163
COV	[477-477]	477	170
COV	[478-478]	478	174
COV	[479-479]	479	155
COV	[480-480]	480	165
COV	[481-481]	481	159
COV	[482-482]	482	175
COV	[483-483]	483	150
COV	[484-484]	484	172
COV	[485-485]	485	149
COV	[486-486]	486	154
COV	[487-487]	487	140
COV	[488-488]	488	176
COV	[489-489]	489	139
COV	[490-490]	490	168
COV	[491-491]	491	137
COV	[492-492]	492	126
COV	[493-493]	493	156
COV	[494-494]	494	140
COV	[495-495]	495	135
COV	[496-496]	496	130
COV	[497-497]	497	144
COV	[498-498]	498	130
COV	[499-499]	499	125
COV	[500-500]	500	138
COV	[501-501]	501	131
COV	[502-502]	502	137
COV	[503-503]	503	136
COV	[504-504]	504	129
COV	[505-505]	505	141
COV	[506-506]	506	125
COV	[507-507]	507	130
COV	[508-508]	508	123
COV	[509-509]	509	125
COV	[510-510]	510	124
COV	[511-511]	511	124
COV	[512-512]	512	124
COV	[513-513]	513	137
COV	[514-514]	514	110
COV	[515-515]	515	116
COV	[516-516]	516	115
COV	[517-517]	517	103
COV	[518-518]	518	103
COV	[519-519]	519	112
COV	[520-520]	520	109
COV	[521-521]	521	109
COV	[522-522]	522	115
COV	[523-523]	523	108
COV	[524-524]	524	109
COV	[525-525]	525	104
COV	[526-526]	526	128
COV	[527-527]	527	102
COV	[528-528]	528	119
COV	[529-529]	529	103
COV	[530-530]	530	101
COV	[531-531]	531	94
COV	[532-532]	532	91
COV	[533-533]	533	97
COV	[534-534]	534	103
COV	[535-535]	535	95
COV	[536-536]	536	94
COV	[537-537]	537	93
COV	[538-538]	538	83
COV	[539-539]	539	96
COV	[540-540]	540	100
COV	[541-541]	541	90
COV	[542-542]	542	101
COV	[543-543]	543	92
COV	[544-544]	544	93
COV	[545-545]	545	89
COV	[546-546]	546	98
COV	[547-547]	547	82
COV	[548-548]	548	91
COV	[549-549]	549	82
COV	[550-550]	550	80
COV	[551-551]	551	69
COV	[552-552]	552	73
COV	[553-553]	553	60
COV	[554-554]	554	72
COV	[555-555]	555	75
COV	[556-556]	556	80
COV	[557-557]	557	84
COV	[558-558]	558	78
COV	[559-559]	559	75
COV	[560-560]	560	59
COV	[561-561]	561	59
COV	[562-562]	562	55
COV	[563-563]	563	64
COV	[564-564]	564	77
COV	[565-565]	565	61
COV	[566-566]	566	79
COV	[567-567]	567	81
COV	[568-568]	568	84
COV	[569-569]	569	79
COV	[570-570]	570	92
COV	[571-571]	571	79
COV	[572-572]	572	81
COV	[573-573]	573	68
COV	[574-574]	574	80
COV	[575-575]	575	71
COV	[576-576]	576	67
COV	[577-577]	577	72
COV	[578-578]	578	69
COV	[579-579]	579	73
COV	[580-580]	580	58
COV	[581-581]	581	69
COV	[582-582]	582	73
COV	[583-583]	583	59
COV	[584-584]	584	59
COV	[585-585]	585	60
COV	[586-586]	586	52
COV	[587-587]	587	50
COV	[588-588]	588	58
COV	[589-589]	589	70
COV	[590-590]	590	50
COV	[591-591]	591	53
COV	[592-592]	592	50
COV	[593-593]	593	60
COV	[594-594]	594	49
COV	[595-595]	595	43
COV	[596-596]	596	41
COV	[597-597]	597	49
COV	[598-598]	598	47
COV	[599-599]	599	41
COV	[600-600]	600	43
COV	[601-601]	601	39
COV	[602-602]	602	29
COV	[603-603]	603	43
COV	[604-604]	604	32
COV	[605-605]	605	48
COV	[606-606]	606	35
COV	[607-607]	607	32
COV	[608-608]	608	37
COV	[609-609]	609	42
COV	[610-610]	610	36
COV	[611-611]	611	40
COV	[612-612]	612	43
COV	[613-613]	613	45
COV	[614-614]	614	46
COV	[615-615]	615	46
COV	[616-616]	616	42
COV	[617-617]	617	51
COV	[618-618]	618	39
COV	[619-619]	619	31
COV	[620-620]	620	42
COV	[621-621]	621	36
COV	[622-622]	622	33
COV	[623-623]	623	42
COV	[624-624]	624	36
COV	[625-625]	625	29
COV	[626-626]	626	25
COV	[627-627]	627	35
COV	[628-628]	628	42
COV	[629-629]	629	42
COV	[630-630]	630	35
COV	[631-631]	631	44
COV	[632-632]	632	26
COV	[633-633]	633	40
COV	[634-634]	634	45
COV	[635-635]	635	34
COV	[636-636]	636	39
COV	[637-637]	637	33
COV	[638-638]	638	25
COV	[639-639]	639	37
COV	[640-640]	640	32
COV	[641-641]	641	28
COV	[642-642]	642	25
COV	[643-643]	643	28
COV	[644-644]	644	21
COV	[645-645]	645	32
COV	[646-646]	646	30
COV	[647-647]	647	27
COV	[648-648]	648	20
COV	[649-649]	649	31
COV	[650-650]	650	35
COV	[651-651]	651	31
COV	[652-652]	652	35
COV	[653-653]	653	24
COV	[654-654]	654	27
COV	[655-655]	655	28
COV	[656-656]	656	32
COV	[657-657]	657	22
COV	[658-658]	658	26
COV	[659-659]	659	34
COV	[660-660]	660	32
COV	[661-661]	661	32
COV	[662-662]	662	31
COV	[663-663]	663	22
COV	[664-664]	664	37
COV	[665-665]	665	28
COV	[666-666]	666	28
COV	[667-667]	667	30
COV	[668-668]	668	13
COV	[669-669]	669	24
COV	[670-670]	670	28
COV	[671-671]	671	22
COV	[672-672]	672	27
COV	[673-673]	673	20
COV	[674-674]	674	19
COV	[675-675]	675	34
COV	[676-676]	676	24
COV	[677-677]	677	24
COV	[678-678]	678	30
COV	[679-679]	679	22
COV	[680-680]	680	15
COV	[681-681]	681	19
COV	[682-682]	682	18
COV	[683-683]	683	22
COV	[684-684]	684	20
COV	[685-685]	685	27
COV	[686-686]	686	25
COV	[687-687]	687	11
COV	[688-688]	688	21
COV	[689-689]	689	21
COV	[690-690]	690	31
COV	[691-691]	691	16
COV	[692-692]	692	23
COV	[693-693]	693	22
COV	[694-694]	694	29
COV	[695-695]	695	23
COV	[696-696]	696	21
COV	[697-697]	697	35
COV	[698-698]	698	18
COV	[699-699]	699	14
COV	[700-700]	700	19
COV	[701-701]	701	27
COV	[702-702]	702	22
COV	[703-703]	703	30
COV	[704-704]	704	26
COV	[705-705]	705	24
COV	[706-706]	706	18
COV	[707-707]	707	23
COV	[708-708]	708	11
COV	[709-709]	709	19
COV	[710-710]	710	22
COV	[711-711]	711	14
COV	[712-712]	712	20
COV	[713-713]	713	15
COV	[714-714]	714	17
COV	[715-715]	715	14
COV	[716-716]	716	19
COV	[717-717]	717	11
COV	[718-718]	718	14
COV	[719-719]	719	18
COV	[720-720]	720	7
COV	[721-721]	721	17
COV	[722-722]	722	13
COV	[723-723]	723	11
COV	[724-724]	724	10
COV	[725-725]	725	19
COV	[726-726]	726	14
COV	[727-727]	727	18
COV	[728-728]	728	13
COV	[729-729]	729	18
COV	[730-730]	730	16
COV	[731-731]	731	7
COV	[732-732]	732	10
COV	[733-733]	733	18
COV	[734-734]	734	17
COV	[735-735]	735	13
COV	[736-736]	736	7
COV	[737-737]	737	11
COV	[738-738]	738	10
COV	[739-739]	739	12
COV	[740-740]	740	17
COV	[741-741]	741	14
COV	[742-742]	742	10
COV	[743-743]	743	8
COV	[744-744]	744	15
COV	[745-745]	745	11
COV	[746-746]	746	15
COV	[747-747]	747	6
COV	[748-748]	748	10
COV	[749-749]	749	10
COV	[750-750]	750	7
COV	[751-751]	751	26
COV	[752-752]	752	13
COV	[753-753]	753	13
COV	[754-754]	754	6
COV	[755-755]	755	7
COV	[756-756]	756	11
COV	[757-757]	757	6
COV	[758-758]	758	9
COV	[759-759]	759	13
COV	[760-760]	760	8
COV	[761-761]	761	10
COV	[762-762]	762	11
COV	[763-763]	763	12
COV	[764-764]	764	6
COV	[765-765]	765	10
COV	[766-766]	766	9
COV	[767-767]	767	10
COV	[768-768]	768	11
COV	[769-769]	769	12
COV	[770-770]	770	5
COV	[771-771]	771	4
COV	[772-772]	772	13
COV	[773-773]	773	6
COV	[774-774]	774	5
COV	[775-775]	775	3
COV	[776-776]	776	7
COV	[777-777]	777	5
COV	[778-778]	778	11
COV	[779-779]	779	4
COV	[780-780]	780	3
COV	[781-781]	781	5
COV	[782-782]	782	7
COV	[783-783]	783	3
COV	[784-784]	784	4
COV	[785-785]	785	5
COV	[786-786]	786	2
COV	[787-787]	787	7
COV	[788-788]	788	9
COV	[789-789]	789	10
COV	[790-790]	790	7
COV	[791-791]	791	3
COV	[792-792]	792	4
COV	[793-793]	793	4
COV	[794-794]	794	3
COV	[795-795]	795	3
COV	[796-796]	796	6
COV	[797-797]	797	6
COV	[798-798]	798	8
COV	[799-799]	799	6
COV	[800-800]	800	5
COV	[801-801]	801	8
COV	[802-802]	802	10
COV	[803-803]	803	5
COV	[804-804]	804	2
COV	[805-805]	805	14
COV	[806-806]	806	9
COV	[807-807]	807	3
COV	[808-808]	808	8
COV	[809-809]	809	8
COV	[810-810]	810	1
COV	[811-811]	811	5
COV	[812-812]	812	5
COV	[813-813]	813	2
COV	[814-814]	814	5
COV	[815-815]	815	5
COV	[816-816]	816	2
COV	[817-817]	817	7
COV	[818-818]	818	5
COV	[819-819]	819	4
COV	[820-820]	820	3
COV	[821-821]	821	2
COV	[822-822]	822	1
COV	[823-823]	823	4
COV	[824-824]	824	7
COV	[825-825]	825	2
COV	[826-826]	826	7
COV	[827-827]	827	3
COV	[828-828]	828	4
COV	[829-829]	829	5
COV	[830-830]	830	2
COV	[831-831]	831	6
COV	[832-832]	832	3
COV	[833-833]	833	6
COV	[834-834]	834	5
COV	[835-835]	835	4
COV	[836-836]	836	3
COV	[837-837]	837	6
COV	[838-838]	838	2
COV	[839-839]	839	3
COV	[840-840]	840	4
COV	[841-841]	841	5
COV	[842-842]	842	5
COV	[843-843]	843	5
COV	[844-844]	844	4
COV	[845-845]	845	3
COV	[846-846]	846	6
COV	[847-847]	847	6
COV	[848-848]	848	4
COV	[849-849]	849	6
COV	[850-850]	850	2
COV	[851-851]	851	5
COV	[852-852]	852	5
COV	[853-853]	853	2
COV	[854-854]	854	2
COV	[855-855]	855	2
COV	[856-856]	856	1
COV	[857-857]	857	4
COV	[858-858]	858	2
COV	[859-859]	859	3
COV	[860-860]	860	1
COV	[861-861]	861	4
COV	[862-862]	862	4
COV	[863-863]	863	1
COV	[864-864]	864	7
COV	[865-865]	865	5
COV	[866-866]	866	3
COV	[867-867]	867	4
COV	[868-868]	868	4
COV	[869-869]	869	4
COV	[870-870]	870	4
COV	[871-871]	871	5
COV	[872-872]	872	2
COV	[873-873]	873	5
COV	[874-874]	874	4
COV	[875-875]	875	3
COV	[876-876]	876	3
COV	[877-877]	877	6
COV	[878-878]	878	2
COV	[879-879]	879	3
COV	[880-880]	880	4
COV	[881-881]	881	5
COV	[882-882]	882	1
COV	[883-883]	883	2
COV	[884-884]	884	2
COV	[885-885]	885	2
COV	[886-886]	886	4
COV	[887-887]	887	6
COV	[888-888]	888	5
COV	[889-889]	889	1
COV	[890-890]	890	3
COV	[891-891]	891	3
COV	[892-892]	892	2
COV	[894-894]	894	2
COV	[895-895]	895	2
COV	[896-896]	896	1
COV	[897-897]	897	2
COV	[898-898]	898	1
COV	[899-899]	899	2
COV	[900-900]	900	1
COV	[902-902]	902	2
COV	[906-906]	906	2
COV	[907-907]	907	1
COV	[908-908]	908	3
COV	[909-909]	909	4
COV	[910-910]	910	3
COV	[911-911]	911	1
COV	[912-912]	912	2
COV	[913-913]	913	1
COV	[916-916]	916	1
COV	[917-917]	917	3
COV	[918-918]	918	2
COV	[919-919]	919	1
COV	[922-922]	922	2
COV	[923-923]	923	1
COV	[924-924]	924	1
COV	[926-926]	926	2
COV	[927-927]	927	1
COV	[928-928]	928	2
COV	[930-930]	930	1
COV	[932-932]	932	2
COV	[933-933]	933	1
COV	[934-934]	934	2
COV	[941-941]	941	1
COV	[945-945]	945	1
COV	[946-946]	946	3
COV	[947-947]	947	4
COV	[948-948]	948	3
COV	[949-949]	949	1
COV	[951-951]	951	1
COV	[952-952]	952	1
COV	[954-954]	954	3
COV	[955-955]	955	1
COV	[956-956]	956	1
COV	[957-957]	957	1
COV	[958-958]	958	1
COV	[959-959]	959	1
COV	[961-961]	961	1
COV	[962-962]	962	2
COV	[963-963]	963	3
COV	[965-965]	965	1
COV	[967-967]	967	2
COV	[969-969]	969	1
COV	[971-971]	971	1
COV	[972-972]	972	1
COV	[973-973]	973	1
COV	[974-974]	974	1
COV	[977-977]	977	3
COV	[981-981]	981	1
COV	[982-982]	982	1
COV	[983-983]	983	1
COV	[985-985]	985	2
COV	[986-986]	986	2
COV	[987-987]	987	2
COV	[988-988]	988	3
COV	[989-989]	989	1
COV	[990-990]	990	2
COV	[991-991]	991	2
COV	[998-998]	998	1
COV	[999-999]	999	1
COV	[1000<]	1000	568
# GC-depth. Use `grep ^GCD | cut -f 2-` to extract this part. The columns are: GC%, unique sequence percentiles, 10th, 25th, 50th, 75th and 90th depth percentile
GCD	0.0	0.005	0.000	0.000	0.000	0.007	0.007
GCD	4.0	0.007	0.007	0.007	0.007	0.007	0.007
GCD	8.0	0.008	0.007	0.007	0.007	0.007	0.007
GCD	14.0	0.010	0.007	0.007	0.007	0.007	0.007
GCD	15.0	0.013	0.007	0.007	0.007	0.007	0.007
GCD	16.0	0.015	0.007	0.007	0.007	0.007	0.007
GCD	17.0	0.017	0.007	0.007	0.007	0.007	0.007
GCD	19.0	0.018	0.013	0.013	0.013	0.013	0.013
GCD	20.0	0.025	0.007	0.007	0.007	0.007	0.020
GCD	21.0	0.028	0.007	0.007	0.007	0.007	0.007
GCD	22.0	0.035	0.007	0.007	0.007	0.007	0.007
GCD	23.0	0.040	0.013	0.013	0.020	0.027	0.027
GCD	24.0	0.056	0.007	0.007	0.007	0.020	0.027
GCD	25.0	0.075	0.007	0.007	0.020	0.027	0.034
GCD	26.0	0.090	0.007	0.007	0.007	0.027	0.107
GCD	27.0	0.115	0.007	0.013	0.027	0.077	0.121
GCD	28.0	0.145	0.007	0.007	0.034	0.074	0.144
GCD	29.0	0.189	0.007	0.007	0.027	0.080	0.188
GCD	30.0	0.259	0.007	0.013	0.040	0.087	0.168
GCD	31.0	0.380	0.007	0.020	0.087	0.161	0.238
GCD	32.0	0.590	0.013	0.054	0.147	0.275	0.509
GCD	33.0	1.025	0.020	0.074	0.174	0.429	0.925
GCD	33.8	1.026	0.221	0.221	0.221	0.221	0.221
GCD	34.0	1.762	0.074	0.168	0.395	0.831	1.742
GCD	35.0	3.555	0.114	0.275	0.764	1.725	2.231
GCD	36.0	8.258	0.231	0.657	1.665	2.137	2.486
GCD	37.0	18.306	0.429	1.343	1.926	2.328	2.683
GCD	38.0	33.927	0.750	1.615	2.070	2.452	2.861
GCD	39.0	51.659	0.894	1.678	2.121	2.539	3.005
GCD	40.0	66.988	0.951	1.709	2.194	2.710	3.360
GCD	41.0	78.209	0.891	1.715	2.271	2.908	3.839
GCD	42.0	85.915	0.606	1.648	2.325	3.233	4.523
GCD	43.0	90.767	0.469	1.682	2.546	3.836	5.266
GCD	44.0	93.889	0.271	1.541	2.720	4.251	5.826
GCD	45.0	95.906	0.134	1.595	2.878	4.864	6.653
GCD	46.0	97.135	0.168	1.494	3.387	5.266	7.360
GCD	47.0	97.995	0.127	0.958	3.139	5.457	7.638
GCD	48.0	98.608	0.040	0.348	2.841	5.511	7.735
GCD	49.0	99.030	0.047	0.496	2.837	5.685	8.221
GCD	50.0	99.264	0.020	0.971	2.901	5.229	7.866
GCD	51.0	99.445	0.013	0.087	3.055	5.611	7.953
GCD	52.0	99.606	0.007	0.040	1.842	4.888	6.958
GCD	53.0	99.699	0.013	0.037	1.179	4.204	6.851
GCD	54.0	99.767	0.007	0.013	0.898	4.171	6.981
GCD	55.0	99.811	0.007	0.020	0.074	3.658	4.837
GCD	56.0	99.855	0.007	0.007	0.047	4.188	6.221
GCD	57.0	99.870	0.007	0.007	0.013	0.034	0.409
GCD	58.0	99.892	0.007	0.007	0.013	0.080	1.394
GCD	59.0	99.907	0.007	0.007	0.034	2.908	20.596
GCD	60.0	99.922	0.007	0.007	0.013	0.020	4.104
GCD	61.0	99.940	0.007	0.027	1.635	3.286	5.243
GCD	62.0	99.952	0.013	0.013	2.680	5.551	6.559
GCD	63.0	99.978	0.013	1.725	5.571	6.861	13.484
GCD	64.0	99.995	0.074	3.551	4.784	12.643	12.707
GCD	65.0	99.998	2.224	2.224	2.224	9.494	9.494
GCD	66.0	100.000	0.596	0.596	0.596	0.596	0.596
